{"/home/user/Mad/electron/address-handlers.js": {"path":"/home/user/Mad/electron/address-handlers.js","statementMap":{"0":{"start":{"line":6,"column":20},"end":{"line":6,"column":39}},"1":{"start":{"line":7,"column":35},"end":{"line":7,"column":83}},"2":{"start":{"line":12,"column":32},"end":{"line":103,"column":1}},"3":{"start":{"line":14,"column":2},"end":{"line":29,"column":5}},"4":{"start":{"line":15,"column":4},"end":{"line":28,"column":5}},"5":{"start":{"line":16,"column":26},"end":{"line":16,"column":71}},"6":{"start":{"line":18,"column":6},"end":{"line":21,"column":8}},"7":{"start":{"line":23,"column":6},"end":{"line":23,"column":68}},"8":{"start":{"line":24,"column":6},"end":{"line":27,"column":8}},"9":{"start":{"line":32,"column":2},"end":{"line":48,"column":5}},"10":{"start":{"line":33,"column":4},"end":{"line":47,"column":5}},"11":{"start":{"line":34,"column":26},"end":{"line":34,"column":101}},"12":{"start":{"line":36,"column":6},"end":{"line":39,"column":8}},"13":{"start":{"line":41,"column":6},"end":{"line":41,"column":69}},"14":{"start":{"line":42,"column":6},"end":{"line":46,"column":8}},"15":{"start":{"line":51,"column":2},"end":{"line":66,"column":5}},"16":{"start":{"line":52,"column":4},"end":{"line":65,"column":5}},"17":{"start":{"line":53,"column":22},"end":{"line":53,"column":81}},"18":{"start":{"line":55,"column":6},"end":{"line":58,"column":8}},"19":{"start":{"line":60,"column":6},"end":{"line":60,"column":65}},"20":{"start":{"line":61,"column":6},"end":{"line":64,"column":8}},"21":{"start":{"line":69,"column":2},"end":{"line":84,"column":5}},"22":{"start":{"line":70,"column":4},"end":{"line":83,"column":5}},"23":{"start":{"line":71,"column":21},"end":{"line":71,"column":77}},"24":{"start":{"line":73,"column":6},"end":{"line":76,"column":8}},"25":{"start":{"line":78,"column":6},"end":{"line":78,"column":61}},"26":{"start":{"line":79,"column":6},"end":{"line":82,"column":8}},"27":{"start":{"line":87,"column":2},"end":{"line":102,"column":5}},"28":{"start":{"line":88,"column":4},"end":{"line":101,"column":5}},"29":{"start":{"line":89,"column":22},"end":{"line":89,"column":79}},"30":{"start":{"line":91,"column":6},"end":{"line":94,"column":8}},"31":{"start":{"line":96,"column":6},"end":{"line":96,"column":62}},"32":{"start":{"line":97,"column":6},"end":{"line":100,"column":8}},"33":{"start":{"line":105,"column":0},"end":{"line":107,"column":2}}},"fnMap":{"0":{"name":"(anonymous_0)","decl":{"start":{"line":12,"column":32},"end":{"line":12,"column":33}},"loc":{"start":{"line":12,"column":38},"end":{"line":103,"column":1}},"line":12},"1":{"name":"(anonymous_1)","decl":{"start":{"line":14,"column":39},"end":{"line":14,"column":40}},"loc":{"start":{"line":14,"column":64},"end":{"line":29,"column":3}},"line":14},"2":{"name":"(anonymous_2)","decl":{"start":{"line":32,"column":44},"end":{"line":32,"column":45}},"loc":{"start":{"line":32,"column":82},"end":{"line":48,"column":3}},"line":32},"3":{"name":"(anonymous_3)","decl":{"start":{"line":51,"column":40},"end":{"line":51,"column":41}},"loc":{"start":{"line":51,"column":66},"end":{"line":66,"column":3}},"line":51},"4":{"name":"(anonymous_4)","decl":{"start":{"line":69,"column":36},"end":{"line":69,"column":37}},"loc":{"start":{"line":69,"column":62},"end":{"line":84,"column":3}},"line":69},"5":{"name":"(anonymous_5)","decl":{"start":{"line":87,"column":37},"end":{"line":87,"column":38}},"loc":{"start":{"line":87,"column":63},"end":{"line":102,"column":3}},"line":87}},"branchMap":{"0":{"loc":{"start":{"line":20,"column":17},"end":{"line":20,"column":89}},"type":"cond-expr","locations":[{"start":{"line":20,"column":31},"end":{"line":20,"column":65}},{"start":{"line":20,"column":68},"end":{"line":20,"column":89}}],"line":20}},"s":{"0":0,"1":0,"2":0,"3":0,"4":0,"5":0,"6":0,"7":0,"8":0,"9":0,"10":0,"11":0,"12":0,"13":0,"14":0,"15":0,"16":0,"17":0,"18":0,"19":0,"20":0,"21":0,"22":0,"23":0,"24":0,"25":0,"26":0,"27":0,"28":0,"29":0,"30":0,"31":0,"32":0,"33":0},"f":{"0":0,"1":0,"2":0,"3":0,"4":0,"5":0},"b":{"0":[0,0]}}
,"/home/user/Mad/electron/auth-handlers.js": {"path":"/home/user/Mad/electron/auth-handlers.js","statementMap":{"0":{"start":{"line":6,"column":32},"end":{"line":6,"column":51}},"1":{"start":{"line":7,"column":11},"end":{"line":7,"column":24}},"2":{"start":{"line":8,"column":15},"end":{"line":8,"column":32}},"3":{"start":{"line":11,"column":24},"end":{"line":11,"column":61}},"4":{"start":{"line":12,"column":26},"end":{"line":12,"column":65}},"5":{"start":{"line":13,"column":29},"end":{"line":13,"column":71}},"6":{"start":{"line":14,"column":24},"end":{"line":14,"column":61}},"7":{"start":{"line":15,"column":31},"end":{"line":15,"column":75}},"8":{"start":{"line":16,"column":23},"end":{"line":16,"column":59}},"9":{"start":{"line":19,"column":66},"end":{"line":19,"column":102}},"10":{"start":{"line":28,"column":4},"end":{"line":28,"column":33}},"11":{"start":{"line":36,"column":2},"end":{"line":38,"column":3}},"12":{"start":{"line":37,"column":4},"end":{"line":37,"column":16}},"13":{"start":{"line":42,"column":2},"end":{"line":45,"column":3}},"14":{"start":{"line":44,"column":4},"end":{"line":44,"column":17}},"15":{"start":{"line":48,"column":2},"end":{"line":51,"column":3}},"16":{"start":{"line":49,"column":4},"end":{"line":49,"column":79}},"17":{"start":{"line":50,"column":4},"end":{"line":50,"column":16}},"18":{"start":{"line":53,"column":2},"end":{"line":56,"column":3}},"19":{"start":{"line":54,"column":4},"end":{"line":54,"column":88}},"20":{"start":{"line":55,"column":4},"end":{"line":55,"column":16}},"21":{"start":{"line":58,"column":2},"end":{"line":58,"column":15}},"22":{"start":{"line":62,"column":27},"end":{"line":69,"column":1}},"23":{"start":{"line":63,"column":2},"end":{"line":68,"column":3}},"24":{"start":{"line":64,"column":4},"end":{"line":64,"column":39}},"25":{"start":{"line":65,"column":4},"end":{"line":65,"column":47}},"26":{"start":{"line":67,"column":4},"end":{"line":67,"column":66}},"27":{"start":{"line":92,"column":26},"end":{"line":115,"column":1}},"28":{"start":{"line":93,"column":2},"end":{"line":114,"column":3}},"29":{"start":{"line":94,"column":4},"end":{"line":94,"column":53}},"30":{"start":{"line":96,"column":19},"end":{"line":101,"column":6}},"31":{"start":{"line":98,"column":6},"end":{"line":100,"column":7}},"32":{"start":{"line":99,"column":8},"end":{"line":99,"column":72}},"33":{"start":{"line":103,"column":4},"end":{"line":107,"column":6}},"34":{"start":{"line":109,"column":4},"end":{"line":109,"column":56}},"35":{"start":{"line":110,"column":4},"end":{"line":113,"column":6}},"36":{"start":{"line":146,"column":34},"end":{"line":268,"column":1}},"37":{"start":{"line":147,"column":2},"end":{"line":267,"column":3}},"38":{"start":{"line":148,"column":4},"end":{"line":148,"column":50}},"39":{"start":{"line":151,"column":30},"end":{"line":151,"column":56}},"40":{"start":{"line":154,"column":33},"end":{"line":154,"column":97}},"41":{"start":{"line":157,"column":33},"end":{"line":157,"column":84}},"42":{"start":{"line":158,"column":34},"end":{"line":160,"column":12}},"43":{"start":{"line":163,"column":22},"end":{"line":171,"column":6}},"44":{"start":{"line":174,"column":20},"end":{"line":174,"column":81}},"45":{"start":{"line":176,"column":4},"end":{"line":200,"column":5}},"46":{"start":{"line":177,"column":21},"end":{"line":188,"column":8}},"47":{"start":{"line":190,"column":6},"end":{"line":190,"column":60}},"48":{"start":{"line":193,"column":6},"end":{"line":199,"column":9}},"49":{"start":{"line":203,"column":4},"end":{"line":203,"column":56}},"50":{"start":{"line":205,"column":4},"end":{"line":205,"column":64}},"51":{"start":{"line":208,"column":4},"end":{"line":213,"column":7}},"52":{"start":{"line":216,"column":25},"end":{"line":216,"column":74}},"53":{"start":{"line":219,"column":25},"end":{"line":219,"column":81}},"54":{"start":{"line":222,"column":23},"end":{"line":227,"column":5}},"55":{"start":{"line":228,"column":4},"end":{"line":228,"column":67}},"56":{"start":{"line":231,"column":4},"end":{"line":237,"column":6}},"57":{"start":{"line":239,"column":4},"end":{"line":239,"column":62}},"58":{"start":{"line":242,"column":22},"end":{"line":242,"column":51}},"59":{"start":{"line":245,"column":29},"end":{"line":245,"column":68}},"60":{"start":{"line":246,"column":4},"end":{"line":252,"column":7}},"61":{"start":{"line":254,"column":4},"end":{"line":260,"column":6}},"62":{"start":{"line":262,"column":4},"end":{"line":262,"column":67}},"63":{"start":{"line":263,"column":4},"end":{"line":266,"column":6}},"64":{"start":{"line":303,"column":35},"end":{"line":423,"column":1}},"65":{"start":{"line":304,"column":2},"end":{"line":422,"column":3}},"66":{"start":{"line":305,"column":4},"end":{"line":305,"column":75}},"67":{"start":{"line":308,"column":28},"end":{"line":308,"column":50}},"68":{"start":{"line":311,"column":17},"end":{"line":311,"column":67}},"69":{"start":{"line":312,"column":22},"end":{"line":312,"column":33}},"70":{"start":{"line":315,"column":45},"end":{"line":315,"column":102}},"71":{"start":{"line":317,"column":4},"end":{"line":317,"column":74}},"72":{"start":{"line":320,"column":30},"end":{"line":320,"column":49}},"73":{"start":{"line":322,"column":23},"end":{"line":333,"column":6}},"74":{"start":{"line":336,"column":19},"end":{"line":336,"column":133}},"75":{"start":{"line":337,"column":4},"end":{"line":343,"column":7}},"76":{"start":{"line":338,"column":30},"end":{"line":338,"column":59}},"77":{"start":{"line":339,"column":6},"end":{"line":339,"column":56}},"78":{"start":{"line":340,"column":6},"end":{"line":340,"column":68}},"79":{"start":{"line":341,"column":6},"end":{"line":341,"column":58}},"80":{"start":{"line":342,"column":6},"end":{"line":342,"column":36}},"81":{"start":{"line":346,"column":4},"end":{"line":346,"column":32}},"82":{"start":{"line":349,"column":4},"end":{"line":358,"column":7}},"83":{"start":{"line":350,"column":6},"end":{"line":357,"column":7}},"84":{"start":{"line":352,"column":8},"end":{"line":356,"column":17}},"85":{"start":{"line":353,"column":10},"end":{"line":355,"column":11}},"86":{"start":{"line":354,"column":12},"end":{"line":354,"column":31}},"87":{"start":{"line":362,"column":4},"end":{"line":408,"column":10}},"88":{"start":{"line":363,"column":6},"end":{"line":407,"column":7}},"89":{"start":{"line":365,"column":21},"end":{"line":365,"column":38}},"90":{"start":{"line":366,"column":8},"end":{"line":366,"column":78}},"91":{"start":{"line":369,"column":27},"end":{"line":369,"column":78}},"92":{"start":{"line":372,"column":37},"end":{"line":372,"column":88}},"93":{"start":{"line":373,"column":38},"end":{"line":375,"column":16}},"94":{"start":{"line":378,"column":25},"end":{"line":378,"column":81}},"95":{"start":{"line":381,"column":8},"end":{"line":388,"column":11}},"96":{"start":{"line":390,"column":8},"end":{"line":390,"column":79}},"97":{"start":{"line":393,"column":8},"end":{"line":398,"column":9}},"98":{"start":{"line":394,"column":10},"end":{"line":397,"column":13}},"99":{"start":{"line":400,"column":8},"end":{"line":400,"column":95}},"100":{"start":{"line":401,"column":8},"end":{"line":406,"column":9}},"101":{"start":{"line":402,"column":10},"end":{"line":405,"column":13}},"102":{"start":{"line":411,"column":4},"end":{"line":415,"column":6}},"103":{"start":{"line":417,"column":4},"end":{"line":417,"column":69}},"104":{"start":{"line":418,"column":4},"end":{"line":421,"column":6}},"105":{"start":{"line":426,"column":29},"end":{"line":623,"column":1}},"106":{"start":{"line":427,"column":2},"end":{"line":622,"column":3}},"107":{"start":{"line":428,"column":4},"end":{"line":428,"column":70}},"108":{"start":{"line":431,"column":59},"end":{"line":431,"column":108}},"109":{"start":{"line":433,"column":4},"end":{"line":433,"column":59}},"110":{"start":{"line":436,"column":39},"end":{"line":436,"column":58}},"111":{"start":{"line":438,"column":23},"end":{"line":449,"column":6}},"112":{"start":{"line":452,"column":19},"end":{"line":452,"column":106}},"113":{"start":{"line":453,"column":4},"end":{"line":459,"column":7}},"114":{"start":{"line":454,"column":30},"end":{"line":454,"column":59}},"115":{"start":{"line":455,"column":6},"end":{"line":455,"column":56}},"116":{"start":{"line":456,"column":6},"end":{"line":456,"column":68}},"117":{"start":{"line":457,"column":6},"end":{"line":457,"column":58}},"118":{"start":{"line":458,"column":6},"end":{"line":458,"column":36}},"119":{"start":{"line":462,"column":4},"end":{"line":462,"column":32}},"120":{"start":{"line":465,"column":4},"end":{"line":474,"column":7}},"121":{"start":{"line":466,"column":6},"end":{"line":473,"column":7}},"122":{"start":{"line":468,"column":8},"end":{"line":472,"column":17}},"123":{"start":{"line":469,"column":10},"end":{"line":471,"column":11}},"124":{"start":{"line":470,"column":12},"end":{"line":470,"column":31}},"125":{"start":{"line":478,"column":4},"end":{"line":608,"column":10}},"126":{"start":{"line":479,"column":6},"end":{"line":607,"column":7}},"127":{"start":{"line":481,"column":21},"end":{"line":481,"column":38}},"128":{"start":{"line":482,"column":8},"end":{"line":482,"column":72}},"129":{"start":{"line":485,"column":23},"end":{"line":485,"column":91}},"130":{"start":{"line":488,"column":25},"end":{"line":488,"column":84}},"131":{"start":{"line":491,"column":37},"end":{"line":491,"column":88}},"132":{"start":{"line":492,"column":38},"end":{"line":494,"column":16}},"133":{"start":{"line":497,"column":26},"end":{"line":505,"column":10}},"134":{"start":{"line":508,"column":24},"end":{"line":508,"column":88}},"135":{"start":{"line":510,"column":8},"end":{"line":533,"column":9}},"136":{"start":{"line":511,"column":25},"end":{"line":522,"column":12}},"137":{"start":{"line":524,"column":10},"end":{"line":524,"column":64}},"138":{"start":{"line":527,"column":10},"end":{"line":532,"column":13}},"139":{"start":{"line":536,"column":8},"end":{"line":536,"column":60}},"140":{"start":{"line":538,"column":8},"end":{"line":538,"column":68}},"141":{"start":{"line":541,"column":26},"end":{"line":541,"column":87}},"142":{"start":{"line":543,"column":8},"end":{"line":548,"column":11}},"143":{"start":{"line":551,"column":29},"end":{"line":551,"column":78}},"144":{"start":{"line":554,"column":29},"end":{"line":554,"column":85}},"145":{"start":{"line":557,"column":27},"end":{"line":562,"column":9}},"146":{"start":{"line":563,"column":8},"end":{"line":563,"column":71}},"147":{"start":{"line":566,"column":8},"end":{"line":572,"column":10}},"148":{"start":{"line":574,"column":8},"end":{"line":574,"column":69}},"149":{"start":{"line":577,"column":26},"end":{"line":577,"column":55}},"150":{"start":{"line":580,"column":33},"end":{"line":580,"column":72}},"151":{"start":{"line":581,"column":8},"end":{"line":587,"column":11}},"152":{"start":{"line":590,"column":8},"end":{"line":598,"column":9}},"153":{"start":{"line":591,"column":10},"end":{"line":597,"column":13}},"154":{"start":{"line":600,"column":8},"end":{"line":600,"column":85}},"155":{"start":{"line":601,"column":8},"end":{"line":606,"column":9}},"156":{"start":{"line":602,"column":10},"end":{"line":605,"column":13}},"157":{"start":{"line":611,"column":4},"end":{"line":615,"column":6}},"158":{"start":{"line":617,"column":4},"end":{"line":617,"column":59}},"159":{"start":{"line":618,"column":4},"end":{"line":621,"column":6}},"160":{"start":{"line":626,"column":38},"end":{"line":745,"column":1}},"161":{"start":{"line":627,"column":2},"end":{"line":744,"column":3}},"162":{"start":{"line":628,"column":4},"end":{"line":628,"column":78}},"163":{"start":{"line":631,"column":17},"end":{"line":631,"column":58}},"164":{"start":{"line":632,"column":22},"end":{"line":632,"column":33}},"165":{"start":{"line":635,"column":58},"end":{"line":635,"column":118}},"166":{"start":{"line":637,"column":4},"end":{"line":637,"column":67}},"167":{"start":{"line":640,"column":39},"end":{"line":640,"column":58}},"168":{"start":{"line":642,"column":23},"end":{"line":653,"column":6}},"169":{"start":{"line":656,"column":19},"end":{"line":656,"column":106}},"170":{"start":{"line":657,"column":4},"end":{"line":663,"column":7}},"171":{"start":{"line":658,"column":30},"end":{"line":658,"column":59}},"172":{"start":{"line":659,"column":6},"end":{"line":659,"column":56}},"173":{"start":{"line":660,"column":6},"end":{"line":660,"column":68}},"174":{"start":{"line":661,"column":6},"end":{"line":661,"column":58}},"175":{"start":{"line":662,"column":6},"end":{"line":662,"column":36}},"176":{"start":{"line":666,"column":4},"end":{"line":666,"column":32}},"177":{"start":{"line":669,"column":4},"end":{"line":678,"column":7}},"178":{"start":{"line":670,"column":6},"end":{"line":677,"column":7}},"179":{"start":{"line":672,"column":8},"end":{"line":676,"column":17}},"180":{"start":{"line":673,"column":10},"end":{"line":675,"column":11}},"181":{"start":{"line":674,"column":12},"end":{"line":674,"column":31}},"182":{"start":{"line":682,"column":4},"end":{"line":730,"column":10}},"183":{"start":{"line":683,"column":6},"end":{"line":729,"column":7}},"184":{"start":{"line":685,"column":21},"end":{"line":685,"column":38}},"185":{"start":{"line":686,"column":8},"end":{"line":686,"column":80}},"186":{"start":{"line":689,"column":23},"end":{"line":689,"column":91}},"187":{"start":{"line":692,"column":25},"end":{"line":692,"column":84}},"188":{"start":{"line":695,"column":37},"end":{"line":695,"column":88}},"189":{"start":{"line":696,"column":38},"end":{"line":698,"column":16}},"190":{"start":{"line":701,"column":26},"end":{"line":701,"column":87}},"191":{"start":{"line":703,"column":8},"end":{"line":710,"column":11}},"192":{"start":{"line":712,"column":8},"end":{"line":712,"column":82}},"193":{"start":{"line":715,"column":8},"end":{"line":720,"column":9}},"194":{"start":{"line":716,"column":10},"end":{"line":719,"column":13}},"195":{"start":{"line":722,"column":8},"end":{"line":722,"column":98}},"196":{"start":{"line":723,"column":8},"end":{"line":728,"column":9}},"197":{"start":{"line":724,"column":10},"end":{"line":727,"column":13}},"198":{"start":{"line":733,"column":4},"end":{"line":737,"column":6}},"199":{"start":{"line":739,"column":4},"end":{"line":739,"column":72}},"200":{"start":{"line":740,"column":4},"end":{"line":743,"column":6}},"201":{"start":{"line":749,"column":29},"end":{"line":886,"column":1}},"202":{"start":{"line":751,"column":2},"end":{"line":751,"column":75}},"203":{"start":{"line":751,"column":44},"end":{"line":751,"column":73}},"204":{"start":{"line":752,"column":2},"end":{"line":752,"column":74}},"205":{"start":{"line":755,"column":2},"end":{"line":755,"column":115}},"206":{"start":{"line":755,"column":67},"end":{"line":755,"column":113}},"207":{"start":{"line":758,"column":2},"end":{"line":758,"column":81}},"208":{"start":{"line":758,"column":47},"end":{"line":758,"column":79}},"209":{"start":{"line":761,"column":2},"end":{"line":761,"column":121}},"210":{"start":{"line":761,"column":70},"end":{"line":761,"column":119}},"211":{"start":{"line":764,"column":2},"end":{"line":779,"column":5}},"212":{"start":{"line":765,"column":4},"end":{"line":778,"column":5}},"213":{"start":{"line":767,"column":29},"end":{"line":767,"column":63}},"214":{"start":{"line":769,"column":6},"end":{"line":769,"column":58}},"215":{"start":{"line":770,"column":6},"end":{"line":770,"column":42}},"216":{"start":{"line":771,"column":6},"end":{"line":771,"column":31}},"217":{"start":{"line":773,"column":6},"end":{"line":773,"column":52}},"218":{"start":{"line":774,"column":6},"end":{"line":776,"column":7}},"219":{"start":{"line":775,"column":8},"end":{"line":775,"column":79}},"220":{"start":{"line":777,"column":6},"end":{"line":777,"column":54}},"221":{"start":{"line":782,"column":2},"end":{"line":813,"column":5}},"222":{"start":{"line":783,"column":4},"end":{"line":812,"column":5}},"223":{"start":{"line":785,"column":30},"end":{"line":785,"column":52}},"224":{"start":{"line":788,"column":26},"end":{"line":792,"column":7}},"225":{"start":{"line":794,"column":6},"end":{"line":794,"column":81}},"226":{"start":{"line":797,"column":6},"end":{"line":806,"column":7}},"227":{"start":{"line":798,"column":8},"end":{"line":802,"column":10}},"228":{"start":{"line":805,"column":8},"end":{"line":805,"column":85}},"229":{"start":{"line":808,"column":6},"end":{"line":808,"column":50}},"230":{"start":{"line":810,"column":6},"end":{"line":810,"column":58}},"231":{"start":{"line":811,"column":6},"end":{"line":811,"column":54}},"232":{"start":{"line":816,"column":2},"end":{"line":832,"column":5}},"233":{"start":{"line":817,"column":4},"end":{"line":831,"column":5}},"234":{"start":{"line":819,"column":29},"end":{"line":819,"column":63}},"235":{"start":{"line":821,"column":22},"end":{"line":821,"column":75}},"236":{"start":{"line":823,"column":6},"end":{"line":825,"column":7}},"237":{"start":{"line":824,"column":8},"end":{"line":824,"column":48}},"238":{"start":{"line":827,"column":6},"end":{"line":827,"column":59}},"239":{"start":{"line":829,"column":6},"end":{"line":829,"column":64}},"240":{"start":{"line":830,"column":6},"end":{"line":830,"column":68}},"241":{"start":{"line":835,"column":2},"end":{"line":868,"column":5}},"242":{"start":{"line":836,"column":4},"end":{"line":867,"column":5}},"243":{"start":{"line":837,"column":22},"end":{"line":837,"column":56}},"244":{"start":{"line":839,"column":6},"end":{"line":841,"column":7}},"245":{"start":{"line":840,"column":8},"end":{"line":840,"column":62}},"246":{"start":{"line":844,"column":24},"end":{"line":844,"column":83}},"247":{"start":{"line":846,"column":6},"end":{"line":850,"column":7}},"248":{"start":{"line":848,"column":8},"end":{"line":848,"column":44}},"249":{"start":{"line":849,"column":8},"end":{"line":849,"column":71}},"250":{"start":{"line":853,"column":24},"end":{"line":853,"column":74}},"251":{"start":{"line":854,"column":19},"end":{"line":854,"column":44}},"252":{"start":{"line":856,"column":6},"end":{"line":863,"column":8}},"253":{"start":{"line":865,"column":6},"end":{"line":865,"column":62}},"254":{"start":{"line":866,"column":6},"end":{"line":866,"column":54}},"255":{"start":{"line":871,"column":2},"end":{"line":885,"column":5}},"256":{"start":{"line":872,"column":4},"end":{"line":884,"column":5}},"257":{"start":{"line":874,"column":27},"end":{"line":874,"column":43}},"258":{"start":{"line":876,"column":6},"end":{"line":876,"column":45}},"259":{"start":{"line":877,"column":6},"end":{"line":877,"column":31}},"260":{"start":{"line":879,"column":6},"end":{"line":879,"column":66}},"261":{"start":{"line":880,"column":6},"end":{"line":882,"column":7}},"262":{"start":{"line":881,"column":8},"end":{"line":881,"column":79}},"263":{"start":{"line":883,"column":6},"end":{"line":883,"column":54}},"264":{"start":{"line":888,"column":0},"end":{"line":891,"column":2}}},"fnMap":{"0":{"name":"needsToAcceptTerms","decl":{"start":{"line":34,"column":9},"end":{"line":34,"column":27}},"loc":{"start":{"line":34,"column":34},"end":{"line":59,"column":1}},"line":34},"1":{"name":"(anonymous_1)","decl":{"start":{"line":62,"column":27},"end":{"line":62,"column":28}},"loc":{"start":{"line":62,"column":39},"end":{"line":69,"column":1}},"line":62},"2":{"name":"(anonymous_2)","decl":{"start":{"line":92,"column":26},"end":{"line":92,"column":27}},"loc":{"start":{"line":92,"column":48},"end":{"line":115,"column":1}},"line":92},"3":{"name":"(anonymous_3)","decl":{"start":{"line":96,"column":64},"end":{"line":96,"column":65}},"loc":{"start":{"line":96,"column":84},"end":{"line":101,"column":5}},"line":96},"4":{"name":"(anonymous_4)","decl":{"start":{"line":146,"column":34},"end":{"line":146,"column":35}},"loc":{"start":{"line":146,"column":61},"end":{"line":268,"column":1}},"line":146},"5":{"name":"(anonymous_5)","decl":{"start":{"line":303,"column":35},"end":{"line":303,"column":36}},"loc":{"start":{"line":303,"column":65},"end":{"line":423,"column":1}},"line":303},"6":{"name":"(anonymous_6)","decl":{"start":{"line":337,"column":72},"end":{"line":337,"column":73}},"loc":{"start":{"line":337,"column":95},"end":{"line":343,"column":5}},"line":337},"7":{"name":"(anonymous_7)","decl":{"start":{"line":349,"column":47},"end":{"line":349,"column":48}},"loc":{"start":{"line":349,"column":63},"end":{"line":358,"column":5}},"line":349},"8":{"name":"(anonymous_8)","decl":{"start":{"line":352,"column":19},"end":{"line":352,"column":20}},"loc":{"start":{"line":352,"column":25},"end":{"line":356,"column":9}},"line":352},"9":{"name":"(anonymous_9)","decl":{"start":{"line":362,"column":15},"end":{"line":362,"column":16}},"loc":{"start":{"line":362,"column":27},"end":{"line":408,"column":5}},"line":362},"10":{"name":"(anonymous_10)","decl":{"start":{"line":426,"column":29},"end":{"line":426,"column":30}},"loc":{"start":{"line":426,"column":51},"end":{"line":623,"column":1}},"line":426},"11":{"name":"(anonymous_11)","decl":{"start":{"line":453,"column":72},"end":{"line":453,"column":73}},"loc":{"start":{"line":453,"column":95},"end":{"line":459,"column":5}},"line":453},"12":{"name":"(anonymous_12)","decl":{"start":{"line":465,"column":47},"end":{"line":465,"column":48}},"loc":{"start":{"line":465,"column":63},"end":{"line":474,"column":5}},"line":465},"13":{"name":"(anonymous_13)","decl":{"start":{"line":468,"column":19},"end":{"line":468,"column":20}},"loc":{"start":{"line":468,"column":25},"end":{"line":472,"column":9}},"line":468},"14":{"name":"(anonymous_14)","decl":{"start":{"line":478,"column":15},"end":{"line":478,"column":16}},"loc":{"start":{"line":478,"column":27},"end":{"line":608,"column":5}},"line":478},"15":{"name":"(anonymous_15)","decl":{"start":{"line":626,"column":38},"end":{"line":626,"column":39}},"loc":{"start":{"line":626,"column":68},"end":{"line":745,"column":1}},"line":626},"16":{"name":"(anonymous_16)","decl":{"start":{"line":657,"column":72},"end":{"line":657,"column":73}},"loc":{"start":{"line":657,"column":95},"end":{"line":663,"column":5}},"line":657},"17":{"name":"(anonymous_17)","decl":{"start":{"line":669,"column":47},"end":{"line":669,"column":48}},"loc":{"start":{"line":669,"column":63},"end":{"line":678,"column":5}},"line":669},"18":{"name":"(anonymous_18)","decl":{"start":{"line":672,"column":19},"end":{"line":672,"column":20}},"loc":{"start":{"line":672,"column":25},"end":{"line":676,"column":9}},"line":672},"19":{"name":"(anonymous_19)","decl":{"start":{"line":682,"column":15},"end":{"line":682,"column":16}},"loc":{"start":{"line":682,"column":27},"end":{"line":730,"column":5}},"line":682},"20":{"name":"(anonymous_20)","decl":{"start":{"line":749,"column":29},"end":{"line":749,"column":30}},"loc":{"start":{"line":749,"column":45},"end":{"line":886,"column":1}},"line":749},"21":{"name":"(anonymous_21)","decl":{"start":{"line":751,"column":38},"end":{"line":751,"column":39}},"loc":{"start":{"line":751,"column":44},"end":{"line":751,"column":73}},"line":751},"22":{"name":"(anonymous_22)","decl":{"start":{"line":755,"column":48},"end":{"line":755,"column":49}},"loc":{"start":{"line":755,"column":67},"end":{"line":755,"column":113}},"line":755},"23":{"name":"(anonymous_23)","decl":{"start":{"line":758,"column":41},"end":{"line":758,"column":42}},"loc":{"start":{"line":758,"column":47},"end":{"line":758,"column":79}},"line":758},"24":{"name":"(anonymous_24)","decl":{"start":{"line":761,"column":51},"end":{"line":761,"column":52}},"loc":{"start":{"line":761,"column":70},"end":{"line":761,"column":119}},"line":761},"25":{"name":"(anonymous_25)","decl":{"start":{"line":764,"column":32},"end":{"line":764,"column":33}},"loc":{"start":{"line":764,"column":63},"end":{"line":779,"column":3}},"line":764},"26":{"name":"(anonymous_26)","decl":{"start":{"line":782,"column":38},"end":{"line":782,"column":39}},"loc":{"start":{"line":782,"column":63},"end":{"line":813,"column":3}},"line":782},"27":{"name":"(anonymous_27)","decl":{"start":{"line":816,"column":42},"end":{"line":816,"column":43}},"loc":{"start":{"line":816,"column":73},"end":{"line":832,"column":3}},"line":816},"28":{"name":"(anonymous_28)","decl":{"start":{"line":835,"column":42},"end":{"line":835,"column":43}},"loc":{"start":{"line":835,"column":54},"end":{"line":868,"column":3}},"line":835},"29":{"name":"(anonymous_29)","decl":{"start":{"line":871,"column":40},"end":{"line":871,"column":41}},"loc":{"start":{"line":871,"column":62},"end":{"line":885,"column":3}},"line":871}},"branchMap":{"0":{"loc":{"start":{"line":36,"column":2},"end":{"line":38,"column":3}},"type":"if","locations":[{"start":{"line":36,"column":2},"end":{"line":38,"column":3}},{"start":{},"end":{}}],"line":36},"1":{"loc":{"start":{"line":42,"column":2},"end":{"line":45,"column":3}},"type":"if","locations":[{"start":{"line":42,"column":2},"end":{"line":45,"column":3}},{"start":{},"end":{}}],"line":42},"2":{"loc":{"start":{"line":42,"column":6},"end":{"line":42,"column":75}},"type":"binary-expr","locations":[{"start":{"line":42,"column":6},"end":{"line":42,"column":34}},{"start":{"line":42,"column":38},"end":{"line":42,"column":75}}],"line":42},"3":{"loc":{"start":{"line":48,"column":2},"end":{"line":51,"column":3}},"type":"if","locations":[{"start":{"line":48,"column":2},"end":{"line":51,"column":3}},{"start":{},"end":{}}],"line":48},"4":{"loc":{"start":{"line":48,"column":6},"end":{"line":48,"column":90}},"type":"binary-expr","locations":[{"start":{"line":48,"column":6},"end":{"line":48,"column":33}},{"start":{"line":48,"column":37},"end":{"line":48,"column":90}}],"line":48},"5":{"loc":{"start":{"line":53,"column":2},"end":{"line":56,"column":3}},"type":"if","locations":[{"start":{"line":53,"column":2},"end":{"line":56,"column":3}},{"start":{},"end":{}}],"line":53},"6":{"loc":{"start":{"line":53,"column":6},"end":{"line":53,"column":117}},"type":"binary-expr","locations":[{"start":{"line":53,"column":6},"end":{"line":53,"column":42}},{"start":{"line":53,"column":46},"end":{"line":53,"column":117}}],"line":53},"7":{"loc":{"start":{"line":98,"column":6},"end":{"line":100,"column":7}},"type":"if","locations":[{"start":{"line":98,"column":6},"end":{"line":100,"column":7}},{"start":{},"end":{}}],"line":98},"8":{"loc":{"start":{"line":158,"column":34},"end":{"line":160,"column":12}},"type":"cond-expr","locations":[{"start":{"line":159,"column":8},"end":{"line":159,"column":60}},{"start":{"line":160,"column":8},"end":{"line":160,"column":12}}],"line":158},"9":{"loc":{"start":{"line":176,"column":4},"end":{"line":200,"column":5}},"type":"if","locations":[{"start":{"line":176,"column":4},"end":{"line":200,"column":5}},{"start":{"line":191,"column":11},"end":{"line":200,"column":5}}],"line":176},"10":{"loc":{"start":{"line":338,"column":30},"end":{"line":338,"column":59}},"type":"binary-expr","locations":[{"start":{"line":338,"column":30},"end":{"line":338,"column":53}},{"start":{"line":338,"column":57},"end":{"line":338,"column":59}}],"line":338},"11":{"loc":{"start":{"line":350,"column":6},"end":{"line":357,"column":7}},"type":"if","locations":[{"start":{"line":350,"column":6},"end":{"line":357,"column":7}},{"start":{},"end":{}}],"line":350},"12":{"loc":{"start":{"line":353,"column":10},"end":{"line":355,"column":11}},"type":"if","locations":[{"start":{"line":353,"column":10},"end":{"line":355,"column":11}},{"start":{},"end":{}}],"line":353},"13":{"loc":{"start":{"line":353,"column":14},"end":{"line":353,"column":53}},"type":"binary-expr","locations":[{"start":{"line":353,"column":14},"end":{"line":353,"column":24}},{"start":{"line":353,"column":28},"end":{"line":353,"column":53}}],"line":353},"14":{"loc":{"start":{"line":373,"column":38},"end":{"line":375,"column":16}},"type":"cond-expr","locations":[{"start":{"line":374,"column":12},"end":{"line":374,"column":64}},{"start":{"line":375,"column":12},"end":{"line":375,"column":16}}],"line":373},"15":{"loc":{"start":{"line":393,"column":8},"end":{"line":398,"column":9}},"type":"if","locations":[{"start":{"line":393,"column":8},"end":{"line":398,"column":9}},{"start":{},"end":{}}],"line":393},"16":{"loc":{"start":{"line":401,"column":8},"end":{"line":406,"column":9}},"type":"if","locations":[{"start":{"line":401,"column":8},"end":{"line":406,"column":9}},{"start":{},"end":{}}],"line":401},"17":{"loc":{"start":{"line":454,"column":30},"end":{"line":454,"column":59}},"type":"binary-expr","locations":[{"start":{"line":454,"column":30},"end":{"line":454,"column":53}},{"start":{"line":454,"column":57},"end":{"line":454,"column":59}}],"line":454},"18":{"loc":{"start":{"line":466,"column":6},"end":{"line":473,"column":7}},"type":"if","locations":[{"start":{"line":466,"column":6},"end":{"line":473,"column":7}},{"start":{},"end":{}}],"line":466},"19":{"loc":{"start":{"line":469,"column":10},"end":{"line":471,"column":11}},"type":"if","locations":[{"start":{"line":469,"column":10},"end":{"line":471,"column":11}},{"start":{},"end":{}}],"line":469},"20":{"loc":{"start":{"line":469,"column":14},"end":{"line":469,"column":53}},"type":"binary-expr","locations":[{"start":{"line":469,"column":14},"end":{"line":469,"column":24}},{"start":{"line":469,"column":28},"end":{"line":469,"column":53}}],"line":469},"21":{"loc":{"start":{"line":492,"column":38},"end":{"line":494,"column":16}},"type":"cond-expr","locations":[{"start":{"line":493,"column":12},"end":{"line":493,"column":64}},{"start":{"line":494,"column":12},"end":{"line":494,"column":16}}],"line":492},"22":{"loc":{"start":{"line":510,"column":8},"end":{"line":533,"column":9}},"type":"if","locations":[{"start":{"line":510,"column":8},"end":{"line":533,"column":9}},{"start":{"line":525,"column":15},"end":{"line":533,"column":9}}],"line":510},"23":{"loc":{"start":{"line":590,"column":8},"end":{"line":598,"column":9}},"type":"if","locations":[{"start":{"line":590,"column":8},"end":{"line":598,"column":9}},{"start":{},"end":{}}],"line":590},"24":{"loc":{"start":{"line":601,"column":8},"end":{"line":606,"column":9}},"type":"if","locations":[{"start":{"line":601,"column":8},"end":{"line":606,"column":9}},{"start":{},"end":{}}],"line":601},"25":{"loc":{"start":{"line":658,"column":30},"end":{"line":658,"column":59}},"type":"binary-expr","locations":[{"start":{"line":658,"column":30},"end":{"line":658,"column":53}},{"start":{"line":658,"column":57},"end":{"line":658,"column":59}}],"line":658},"26":{"loc":{"start":{"line":670,"column":6},"end":{"line":677,"column":7}},"type":"if","locations":[{"start":{"line":670,"column":6},"end":{"line":677,"column":7}},{"start":{},"end":{}}],"line":670},"27":{"loc":{"start":{"line":673,"column":10},"end":{"line":675,"column":11}},"type":"if","locations":[{"start":{"line":673,"column":10},"end":{"line":675,"column":11}},{"start":{},"end":{}}],"line":673},"28":{"loc":{"start":{"line":673,"column":14},"end":{"line":673,"column":53}},"type":"binary-expr","locations":[{"start":{"line":673,"column":14},"end":{"line":673,"column":24}},{"start":{"line":673,"column":28},"end":{"line":673,"column":53}}],"line":673},"29":{"loc":{"start":{"line":696,"column":38},"end":{"line":698,"column":16}},"type":"cond-expr","locations":[{"start":{"line":697,"column":12},"end":{"line":697,"column":64}},{"start":{"line":698,"column":12},"end":{"line":698,"column":16}}],"line":696},"30":{"loc":{"start":{"line":715,"column":8},"end":{"line":720,"column":9}},"type":"if","locations":[{"start":{"line":715,"column":8},"end":{"line":720,"column":9}},{"start":{},"end":{}}],"line":715},"31":{"loc":{"start":{"line":723,"column":8},"end":{"line":728,"column":9}},"type":"if","locations":[{"start":{"line":723,"column":8},"end":{"line":728,"column":9}},{"start":{},"end":{}}],"line":723},"32":{"loc":{"start":{"line":774,"column":6},"end":{"line":776,"column":7}},"type":"if","locations":[{"start":{"line":774,"column":6},"end":{"line":776,"column":7}},{"start":{},"end":{}}],"line":774},"33":{"loc":{"start":{"line":823,"column":6},"end":{"line":825,"column":7}},"type":"if","locations":[{"start":{"line":823,"column":6},"end":{"line":825,"column":7}},{"start":{},"end":{}}],"line":823},"34":{"loc":{"start":{"line":839,"column":6},"end":{"line":841,"column":7}},"type":"if","locations":[{"start":{"line":839,"column":6},"end":{"line":841,"column":7}},{"start":{},"end":{}}],"line":839},"35":{"loc":{"start":{"line":846,"column":6},"end":{"line":850,"column":7}},"type":"if","locations":[{"start":{"line":846,"column":6},"end":{"line":850,"column":7}},{"start":{},"end":{}}],"line":846},"36":{"loc":{"start":{"line":854,"column":19},"end":{"line":854,"column":44}},"type":"binary-expr","locations":[{"start":{"line":854,"column":19},"end":{"line":854,"column":28}},{"start":{"line":854,"column":32},"end":{"line":854,"column":44}}],"line":854},"37":{"loc":{"start":{"line":880,"column":6},"end":{"line":882,"column":7}},"type":"if","locations":[{"start":{"line":880,"column":6},"end":{"line":882,"column":7}},{"start":{},"end":{}}],"line":880}},"s":{"0":0,"1":0,"2":0,"3":0,"4":0,"5":0,"6":0,"7":0,"8":0,"9":0,"10":0,"11":0,"12":0,"13":0,"14":0,"15":0,"16":0,"17":0,"18":0,"19":0,"20":0,"21":0,"22":0,"23":0,"24":0,"25":0,"26":0,"27":0,"28":0,"29":0,"30":0,"31":0,"32":0,"33":0,"34":0,"35":0,"36":0,"37":0,"38":0,"39":0,"40":0,"41":0,"42":0,"43":0,"44":0,"45":0,"46":0,"47":0,"48":0,"49":0,"50":0,"51":0,"52":0,"53":0,"54":0,"55":0,"56":0,"57":0,"58":0,"59":0,"60":0,"61":0,"62":0,"63":0,"64":0,"65":0,"66":0,"67":0,"68":0,"69":0,"70":0,"71":0,"72":0,"73":0,"74":0,"75":0,"76":0,"77":0,"78":0,"79":0,"80":0,"81":0,"82":0,"83":0,"84":0,"85":0,"86":0,"87":0,"88":0,"89":0,"90":0,"91":0,"92":0,"93":0,"94":0,"95":0,"96":0,"97":0,"98":0,"99":0,"100":0,"101":0,"102":0,"103":0,"104":0,"105":0,"106":0,"107":0,"108":0,"109":0,"110":0,"111":0,"112":0,"113":0,"114":0,"115":0,"116":0,"117":0,"118":0,"119":0,"120":0,"121":0,"122":0,"123":0,"124":0,"125":0,"126":0,"127":0,"128":0,"129":0,"130":0,"131":0,"132":0,"133":0,"134":0,"135":0,"136":0,"137":0,"138":0,"139":0,"140":0,"141":0,"142":0,"143":0,"144":0,"145":0,"146":0,"147":0,"148":0,"149":0,"150":0,"151":0,"152":0,"153":0,"154":0,"155":0,"156":0,"157":0,"158":0,"159":0,"160":0,"161":0,"162":0,"163":0,"164":0,"165":0,"166":0,"167":0,"168":0,"169":0,"170":0,"171":0,"172":0,"173":0,"174":0,"175":0,"176":0,"177":0,"178":0,"179":0,"180":0,"181":0,"182":0,"183":0,"184":0,"185":0,"186":0,"187":0,"188":0,"189":0,"190":0,"191":0,"192":0,"193":0,"194":0,"195":0,"196":0,"197":0,"198":0,"199":0,"200":0,"201":0,"202":0,"203":0,"204":0,"205":0,"206":0,"207":0,"208":0,"209":0,"210":0,"211":0,"212":0,"213":0,"214":0,"215":0,"216":0,"217":0,"218":0,"219":0,"220":0,"221":0,"222":0,"223":0,"224":0,"225":0,"226":0,"227":0,"228":0,"229":0,"230":0,"231":0,"232":0,"233":0,"234":0,"235":0,"236":0,"237":0,"238":0,"239":0,"240":0,"241":0,"242":0,"243":0,"244":0,"245":0,"246":0,"247":0,"248":0,"249":0,"250":0,"251":0,"252":0,"253":0,"254":0,"255":0,"256":0,"257":0,"258":0,"259":0,"260":0,"261":0,"262":0,"263":0,"264":0},"f":{"0":0,"1":0,"2":0,"3":0,"4":0,"5":0,"6":0,"7":0,"8":0,"9":0,"10":0,"11":0,"12":0,"13":0,"14":0,"15":0,"16":0,"17":0,"18":0,"19":0,"20":0,"21":0,"22":0,"23":0,"24":0,"25":0,"26":0,"27":0,"28":0,"29":0},"b":{"0":[0,0],"1":[0,0],"2":[0,0],"3":[0,0],"4":[0,0],"5":[0,0],"6":[0,0],"7":[0,0],"8":[0,0],"9":[0,0],"10":[0,0],"11":[0,0],"12":[0,0],"13":[0,0],"14":[0,0],"15":[0,0],"16":[0,0],"17":[0,0],"18":[0,0],"19":[0,0],"20":[0,0],"21":[0,0],"22":[0,0],"23":[0,0],"24":[0,0],"25":[0,0],"26":[0,0],"27":[0,0],"28":[0,0],"29":[0,0],"30":[0,0],"31":[0,0],"32":[0,0],"33":[0,0],"34":[0,0],"35":[0,0],"36":[0,0],"37":[0,0]}}
,"/home/user/Mad/electron/contact-handlers.js": {"path":"/home/user/Mad/electron/contact-handlers.js","statementMap":{"0":{"start":{"line":6,"column":20},"end":{"line":6,"column":39}},"1":{"start":{"line":7,"column":24},"end":{"line":7,"column":61}},"2":{"start":{"line":8,"column":28},"end":{"line":8,"column":65}},"3":{"start":{"line":16,"column":4},"end":{"line":16,"column":33}},"4":{"start":{"line":23,"column":2},"end":{"line":46,"column":5}},"5":{"start":{"line":24,"column":4},"end":{"line":45,"column":5}},"6":{"start":{"line":25,"column":6},"end":{"line":25,"column":76}},"7":{"start":{"line":28,"column":30},"end":{"line":28,"column":52}},"8":{"start":{"line":31,"column":31},"end":{"line":31,"column":97}},"9":{"start":{"line":33,"column":6},"end":{"line":33,"column":79}},"10":{"start":{"line":35,"column":6},"end":{"line":38,"column":8}},"11":{"start":{"line":40,"column":6},"end":{"line":40,"column":58}},"12":{"start":{"line":41,"column":6},"end":{"line":44,"column":8}},"13":{"start":{"line":49,"column":2},"end":{"line":107,"column":5}},"14":{"start":{"line":50,"column":4},"end":{"line":106,"column":5}},"15":{"start":{"line":51,"column":6},"end":{"line":51,"column":84}},"16":{"start":{"line":54,"column":45},"end":{"line":54,"column":68}},"17":{"start":{"line":57,"column":31},"end":{"line":57,"column":88}},"18":{"start":{"line":58,"column":28},"end":{"line":58,"column":85}},"19":{"start":{"line":58,"column":62},"end":{"line":58,"column":83}},"20":{"start":{"line":59,"column":29},"end":{"line":59,"column":103}},"21":{"start":{"line":59,"column":63},"end":{"line":59,"column":85}},"22":{"start":{"line":62,"column":32},"end":{"line":62,"column":34}},"23":{"start":{"line":63,"column":27},"end":{"line":63,"column":36}},"24":{"start":{"line":65,"column":6},"end":{"line":91,"column":7}},"25":{"start":{"line":66,"column":8},"end":{"line":90,"column":9}},"26":{"start":{"line":69,"column":28},"end":{"line":69,"column":59}},"27":{"start":{"line":70,"column":31},"end":{"line":70,"column":69}},"28":{"start":{"line":73,"column":10},"end":{"line":75,"column":11}},"29":{"start":{"line":74,"column":12},"end":{"line":74,"column":21}},"30":{"start":{"line":77,"column":10},"end":{"line":89,"column":11}},"31":{"start":{"line":78,"column":12},"end":{"line":78,"column":47}},"32":{"start":{"line":80,"column":12},"end":{"line":88,"column":15}},"33":{"start":{"line":93,"column":6},"end":{"line":93,"column":92}},"34":{"start":{"line":95,"column":6},"end":{"line":99,"column":8}},"35":{"start":{"line":101,"column":6},"end":{"line":101,"column":68}},"36":{"start":{"line":102,"column":6},"end":{"line":105,"column":8}},"37":{"start":{"line":110,"column":2},"end":{"line":142,"column":5}},"38":{"start":{"line":111,"column":4},"end":{"line":141,"column":5}},"39":{"start":{"line":112,"column":6},"end":{"line":112,"column":100}},"40":{"start":{"line":114,"column":31},"end":{"line":114,"column":33}},"41":{"start":{"line":116,"column":6},"end":{"line":127,"column":7}},"42":{"start":{"line":117,"column":32},"end":{"line":125,"column":10}},"43":{"start":{"line":126,"column":8},"end":{"line":126,"column":47}},"44":{"start":{"line":129,"column":6},"end":{"line":129,"column":86}},"45":{"start":{"line":131,"column":6},"end":{"line":134,"column":8}},"46":{"start":{"line":136,"column":6},"end":{"line":136,"column":61}},"47":{"start":{"line":137,"column":6},"end":{"line":140,"column":8}},"48":{"start":{"line":145,"column":2},"end":{"line":165,"column":5}},"49":{"start":{"line":146,"column":4},"end":{"line":164,"column":5}},"50":{"start":{"line":147,"column":6},"end":{"line":147,"column":111}},"51":{"start":{"line":150,"column":31},"end":{"line":150,"column":105}},"52":{"start":{"line":152,"column":6},"end":{"line":152,"column":102}},"53":{"start":{"line":154,"column":6},"end":{"line":157,"column":8}},"54":{"start":{"line":159,"column":6},"end":{"line":159,"column":65}},"55":{"start":{"line":160,"column":6},"end":{"line":163,"column":8}},"56":{"start":{"line":168,"column":2},"end":{"line":192,"column":5}},"57":{"start":{"line":169,"column":4},"end":{"line":191,"column":5}},"58":{"start":{"line":170,"column":6},"end":{"line":170,"column":59}},"59":{"start":{"line":173,"column":30},"end":{"line":173,"column":52}},"60":{"start":{"line":174,"column":28},"end":{"line":174,"column":67}},"61":{"start":{"line":176,"column":22},"end":{"line":179,"column":8}},"62":{"start":{"line":181,"column":6},"end":{"line":184,"column":8}},"63":{"start":{"line":186,"column":6},"end":{"line":186,"column":60}},"64":{"start":{"line":187,"column":6},"end":{"line":190,"column":8}},"65":{"start":{"line":195,"column":2},"end":{"line":216,"column":5}},"66":{"start":{"line":196,"column":4},"end":{"line":215,"column":5}},"67":{"start":{"line":197,"column":6},"end":{"line":197,"column":66}},"68":{"start":{"line":200,"column":33},"end":{"line":200,"column":61}},"69":{"start":{"line":201,"column":31},"end":{"line":201,"column":65}},"70":{"start":{"line":203,"column":22},"end":{"line":203,"column":95}},"71":{"start":{"line":205,"column":6},"end":{"line":208,"column":8}},"72":{"start":{"line":210,"column":6},"end":{"line":210,"column":60}},"73":{"start":{"line":211,"column":6},"end":{"line":214,"column":8}},"74":{"start":{"line":219,"column":2},"end":{"line":238,"column":5}},"75":{"start":{"line":220,"column":4},"end":{"line":237,"column":5}},"76":{"start":{"line":221,"column":6},"end":{"line":221,"column":75}},"77":{"start":{"line":223,"column":27},"end":{"line":223,"column":84}},"78":{"start":{"line":225,"column":6},"end":{"line":230,"column":8}},"79":{"start":{"line":232,"column":6},"end":{"line":232,"column":70}},"80":{"start":{"line":233,"column":6},"end":{"line":236,"column":8}},"81":{"start":{"line":241,"column":2},"end":{"line":272,"column":5}},"82":{"start":{"line":242,"column":4},"end":{"line":271,"column":5}},"83":{"start":{"line":243,"column":6},"end":{"line":243,"column":57}},"84":{"start":{"line":246,"column":33},"end":{"line":246,"column":61}},"85":{"start":{"line":249,"column":20},"end":{"line":249,"column":86}},"86":{"start":{"line":250,"column":6},"end":{"line":258,"column":7}},"87":{"start":{"line":251,"column":8},"end":{"line":257,"column":10}},"88":{"start":{"line":260,"column":6},"end":{"line":260,"column":62}},"89":{"start":{"line":262,"column":6},"end":{"line":264,"column":8}},"90":{"start":{"line":266,"column":6},"end":{"line":266,"column":60}},"91":{"start":{"line":267,"column":6},"end":{"line":270,"column":8}},"92":{"start":{"line":275,"column":2},"end":{"line":303,"column":5}},"93":{"start":{"line":276,"column":4},"end":{"line":302,"column":5}},"94":{"start":{"line":277,"column":6},"end":{"line":277,"column":77}},"95":{"start":{"line":280,"column":20},"end":{"line":280,"column":77}},"96":{"start":{"line":281,"column":6},"end":{"line":289,"column":7}},"97":{"start":{"line":282,"column":8},"end":{"line":288,"column":10}},"98":{"start":{"line":291,"column":6},"end":{"line":291,"column":53}},"99":{"start":{"line":293,"column":6},"end":{"line":295,"column":8}},"100":{"start":{"line":297,"column":6},"end":{"line":297,"column":60}},"101":{"start":{"line":298,"column":6},"end":{"line":301,"column":8}},"102":{"start":{"line":306,"column":0},"end":{"line":308,"column":2}}},"fnMap":{"0":{"name":"registerContactHandlers","decl":{"start":{"line":21,"column":9},"end":{"line":21,"column":32}},"loc":{"start":{"line":21,"column":35},"end":{"line":304,"column":1}},"line":21},"1":{"name":"(anonymous_1)","decl":{"start":{"line":23,"column":37},"end":{"line":23,"column":38}},"loc":{"start":{"line":23,"column":62},"end":{"line":46,"column":3}},"line":23},"2":{"name":"(anonymous_2)","decl":{"start":{"line":49,"column":43},"end":{"line":49,"column":44}},"loc":{"start":{"line":49,"column":68},"end":{"line":107,"column":3}},"line":49},"3":{"name":"(anonymous_3)","decl":{"start":{"line":58,"column":57},"end":{"line":58,"column":58}},"loc":{"start":{"line":58,"column":62},"end":{"line":58,"column":83}},"line":58},"4":{"name":"(anonymous_4)","decl":{"start":{"line":59,"column":58},"end":{"line":59,"column":59}},"loc":{"start":{"line":59,"column":63},"end":{"line":59,"column":85}},"line":59},"5":{"name":"(anonymous_5)","decl":{"start":{"line":110,"column":36},"end":{"line":110,"column":37}},"loc":{"start":{"line":110,"column":79},"end":{"line":142,"column":3}},"line":110},"6":{"name":"(anonymous_6)","decl":{"start":{"line":145,"column":52},"end":{"line":145,"column":53}},"loc":{"start":{"line":145,"column":101},"end":{"line":165,"column":3}},"line":145},"7":{"name":"(anonymous_7)","decl":{"start":{"line":168,"column":36},"end":{"line":168,"column":37}},"loc":{"start":{"line":168,"column":74},"end":{"line":192,"column":3}},"line":168},"8":{"name":"(anonymous_8)","decl":{"start":{"line":195,"column":36},"end":{"line":195,"column":37}},"loc":{"start":{"line":195,"column":73},"end":{"line":216,"column":3}},"line":195},"9":{"name":"(anonymous_9)","decl":{"start":{"line":219,"column":44},"end":{"line":219,"column":45}},"loc":{"start":{"line":219,"column":72},"end":{"line":238,"column":3}},"line":219},"10":{"name":"(anonymous_10)","decl":{"start":{"line":241,"column":36},"end":{"line":241,"column":37}},"loc":{"start":{"line":241,"column":64},"end":{"line":272,"column":3}},"line":241},"11":{"name":"(anonymous_11)","decl":{"start":{"line":275,"column":36},"end":{"line":275,"column":37}},"loc":{"start":{"line":275,"column":64},"end":{"line":303,"column":3}},"line":275}},"branchMap":{"0":{"loc":{"start":{"line":65,"column":6},"end":{"line":91,"column":7}},"type":"if","locations":[{"start":{"line":65,"column":6},"end":{"line":91,"column":7}},{"start":{},"end":{}}],"line":65},"1":{"loc":{"start":{"line":65,"column":10},"end":{"line":65,"column":74}},"type":"binary-expr","locations":[{"start":{"line":65,"column":10},"end":{"line":65,"column":28}},{"start":{"line":65,"column":32},"end":{"line":65,"column":74}}],"line":65},"2":{"loc":{"start":{"line":73,"column":10},"end":{"line":75,"column":11}},"type":"if","locations":[{"start":{"line":73,"column":10},"end":{"line":75,"column":11}},{"start":{},"end":{}}],"line":73},"3":{"loc":{"start":{"line":73,"column":14},"end":{"line":73,"column":96}},"type":"binary-expr","locations":[{"start":{"line":73,"column":14},"end":{"line":73,"column":42}},{"start":{"line":73,"column":47},"end":{"line":73,"column":59}},{"start":{"line":73,"column":63},"end":{"line":73,"column":95}}],"line":73},"4":{"loc":{"start":{"line":77,"column":10},"end":{"line":89,"column":11}},"type":"if","locations":[{"start":{"line":77,"column":10},"end":{"line":89,"column":11}},{"start":{},"end":{}}],"line":77},"5":{"loc":{"start":{"line":83,"column":21},"end":{"line":83,"column":52}},"type":"binary-expr","locations":[{"start":{"line":83,"column":21},"end":{"line":83,"column":44}},{"start":{"line":83,"column":48},"end":{"line":83,"column":52}}],"line":83},"6":{"loc":{"start":{"line":84,"column":21},"end":{"line":84,"column":52}},"type":"binary-expr","locations":[{"start":{"line":84,"column":21},"end":{"line":84,"column":44}},{"start":{"line":84,"column":48},"end":{"line":84,"column":52}}],"line":84},"7":{"loc":{"start":{"line":86,"column":25},"end":{"line":86,"column":49}},"type":"binary-expr","locations":[{"start":{"line":86,"column":25},"end":{"line":86,"column":43}},{"start":{"line":86,"column":47},"end":{"line":86,"column":49}}],"line":86},"8":{"loc":{"start":{"line":87,"column":25},"end":{"line":87,"column":49}},"type":"binary-expr","locations":[{"start":{"line":87,"column":25},"end":{"line":87,"column":43}},{"start":{"line":87,"column":47},"end":{"line":87,"column":49}}],"line":87},"9":{"loc":{"start":{"line":119,"column":17},"end":{"line":119,"column":38}},"type":"binary-expr","locations":[{"start":{"line":119,"column":17},"end":{"line":119,"column":30}},{"start":{"line":119,"column":34},"end":{"line":119,"column":38}}],"line":119},"10":{"loc":{"start":{"line":120,"column":17},"end":{"line":120,"column":38}},"type":"binary-expr","locations":[{"start":{"line":120,"column":17},"end":{"line":120,"column":30}},{"start":{"line":120,"column":34},"end":{"line":120,"column":38}}],"line":120},"11":{"loc":{"start":{"line":121,"column":19},"end":{"line":121,"column":42}},"type":"binary-expr","locations":[{"start":{"line":121,"column":19},"end":{"line":121,"column":34}},{"start":{"line":121,"column":38},"end":{"line":121,"column":42}}],"line":121},"12":{"loc":{"start":{"line":122,"column":17},"end":{"line":122,"column":38}},"type":"binary-expr","locations":[{"start":{"line":122,"column":17},"end":{"line":122,"column":30}},{"start":{"line":122,"column":34},"end":{"line":122,"column":38}}],"line":122},"13":{"loc":{"start":{"line":123,"column":18},"end":{"line":123,"column":50}},"type":"binary-expr","locations":[{"start":{"line":123,"column":18},"end":{"line":123,"column":32}},{"start":{"line":123,"column":36},"end":{"line":123,"column":50}}],"line":123},"14":{"loc":{"start":{"line":145,"column":74},"end":{"line":145,"column":96}},"type":"default-arg","locations":[{"start":{"line":145,"column":92},"end":{"line":145,"column":96}}],"line":145},"15":{"loc":{"start":{"line":250,"column":6},"end":{"line":258,"column":7}},"type":"if","locations":[{"start":{"line":250,"column":6},"end":{"line":258,"column":7}},{"start":{},"end":{}}],"line":250},"16":{"loc":{"start":{"line":281,"column":6},"end":{"line":289,"column":7}},"type":"if","locations":[{"start":{"line":281,"column":6},"end":{"line":289,"column":7}},{"start":{},"end":{}}],"line":281}},"s":{"0":0,"1":0,"2":0,"3":0,"4":0,"5":0,"6":0,"7":0,"8":0,"9":0,"10":0,"11":0,"12":0,"13":0,"14":0,"15":0,"16":0,"17":0,"18":0,"19":0,"20":0,"21":0,"22":0,"23":0,"24":0,"25":0,"26":0,"27":0,"28":0,"29":0,"30":0,"31":0,"32":0,"33":0,"34":0,"35":0,"36":0,"37":0,"38":0,"39":0,"40":0,"41":0,"42":0,"43":0,"44":0,"45":0,"46":0,"47":0,"48":0,"49":0,"50":0,"51":0,"52":0,"53":0,"54":0,"55":0,"56":0,"57":0,"58":0,"59":0,"60":0,"61":0,"62":0,"63":0,"64":0,"65":0,"66":0,"67":0,"68":0,"69":0,"70":0,"71":0,"72":0,"73":0,"74":0,"75":0,"76":0,"77":0,"78":0,"79":0,"80":0,"81":0,"82":0,"83":0,"84":0,"85":0,"86":0,"87":0,"88":0,"89":0,"90":0,"91":0,"92":0,"93":0,"94":0,"95":0,"96":0,"97":0,"98":0,"99":0,"100":0,"101":0,"102":0},"f":{"0":0,"1":0,"2":0,"3":0,"4":0,"5":0,"6":0,"7":0,"8":0,"9":0,"10":0,"11":0},"b":{"0":[0,0],"1":[0,0],"2":[0,0],"3":[0,0,0],"4":[0,0],"5":[0,0],"6":[0,0],"7":[0,0],"8":[0,0],"9":[0,0],"10":[0,0],"11":[0,0],"12":[0,0],"13":[0,0],"14":[0],"15":[0,0],"16":[0,0]}}
,"/home/user/Mad/electron/feedback-handlers.js": {"path":"/home/user/Mad/electron/feedback-handlers.js","statementMap":{"0":{"start":{"line":6,"column":20},"end":{"line":6,"column":39}},"1":{"start":{"line":7,"column":24},"end":{"line":7,"column":61}},"2":{"start":{"line":8,"column":32},"end":{"line":8,"column":77}},"3":{"start":{"line":13,"column":33},"end":{"line":115,"column":1}},"4":{"start":{"line":15,"column":2},"end":{"line":33,"column":5}},"5":{"start":{"line":16,"column":4},"end":{"line":32,"column":5}},"6":{"start":{"line":17,"column":25},"end":{"line":17,"column":83}},"7":{"start":{"line":20,"column":6},"end":{"line":20,"column":74}},"8":{"start":{"line":22,"column":6},"end":{"line":25,"column":8}},"9":{"start":{"line":27,"column":6},"end":{"line":27,"column":61}},"10":{"start":{"line":28,"column":6},"end":{"line":31,"column":8}},"11":{"start":{"line":36,"column":2},"end":{"line":52,"column":5}},"12":{"start":{"line":37,"column":4},"end":{"line":51,"column":5}},"13":{"start":{"line":38,"column":23},"end":{"line":38,"column":85}},"14":{"start":{"line":40,"column":6},"end":{"line":43,"column":8}},"15":{"start":{"line":45,"column":6},"end":{"line":45,"column":58}},"16":{"start":{"line":46,"column":6},"end":{"line":50,"column":8}},"17":{"start":{"line":55,"column":2},"end":{"line":71,"column":5}},"18":{"start":{"line":56,"column":4},"end":{"line":70,"column":5}},"19":{"start":{"line":57,"column":22},"end":{"line":57,"column":83}},"20":{"start":{"line":59,"column":6},"end":{"line":62,"column":8}},"21":{"start":{"line":64,"column":6},"end":{"line":64,"column":68}},"22":{"start":{"line":65,"column":6},"end":{"line":69,"column":8}},"23":{"start":{"line":74,"column":2},"end":{"line":95,"column":5}},"24":{"start":{"line":75,"column":4},"end":{"line":94,"column":5}},"25":{"start":{"line":76,"column":25},"end":{"line":81,"column":7}},"26":{"start":{"line":83,"column":6},"end":{"line":86,"column":8}},"27":{"start":{"line":88,"column":6},"end":{"line":88,"column":60}},"28":{"start":{"line":89,"column":6},"end":{"line":93,"column":8}},"29":{"start":{"line":98,"column":2},"end":{"line":114,"column":5}},"30":{"start":{"line":99,"column":4},"end":{"line":113,"column":5}},"31":{"start":{"line":100,"column":20},"end":{"line":100,"column":85}},"32":{"start":{"line":102,"column":6},"end":{"line":105,"column":8}},"33":{"start":{"line":107,"column":6},"end":{"line":107,"column":64}},"34":{"start":{"line":108,"column":6},"end":{"line":112,"column":8}},"35":{"start":{"line":117,"column":0},"end":{"line":119,"column":2}}},"fnMap":{"0":{"name":"(anonymous_0)","decl":{"start":{"line":13,"column":33},"end":{"line":13,"column":34}},"loc":{"start":{"line":13,"column":39},"end":{"line":115,"column":1}},"line":13},"1":{"name":"(anonymous_1)","decl":{"start":{"line":15,"column":36},"end":{"line":15,"column":37}},"loc":{"start":{"line":15,"column":75},"end":{"line":33,"column":3}},"line":15},"2":{"name":"(anonymous_2)","decl":{"start":{"line":36,"column":49},"end":{"line":36,"column":50}},"loc":{"start":{"line":36,"column":81},"end":{"line":52,"column":3}},"line":36},"3":{"name":"(anonymous_3)","decl":{"start":{"line":55,"column":41},"end":{"line":55,"column":42}},"loc":{"start":{"line":55,"column":84},"end":{"line":71,"column":3}},"line":55},"4":{"name":"(anonymous_4)","decl":{"start":{"line":74,"column":44},"end":{"line":74,"column":45}},"loc":{"start":{"line":74,"column":108},"end":{"line":95,"column":3}},"line":74},"5":{"name":"(anonymous_5)","decl":{"start":{"line":98,"column":48},"end":{"line":98,"column":49}},"loc":{"start":{"line":98,"column":84},"end":{"line":114,"column":3}},"line":98}},"branchMap":{"0":{"loc":{"start":{"line":55,"column":63},"end":{"line":55,"column":79}},"type":"default-arg","locations":[{"start":{"line":55,"column":75},"end":{"line":55,"column":79}}],"line":55}},"s":{"0":0,"1":0,"2":0,"3":0,"4":0,"5":0,"6":0,"7":0,"8":0,"9":0,"10":0,"11":0,"12":0,"13":0,"14":0,"15":0,"16":0,"17":0,"18":0,"19":0,"20":0,"21":0,"22":0,"23":0,"24":0,"25":0,"26":0,"27":0,"28":0,"29":0,"30":0,"31":0,"32":0,"33":0,"34":0,"35":0},"f":{"0":0,"1":0,"2":0,"3":0,"4":0,"5":0},"b":{"0":[0]}}
,"/home/user/Mad/electron/preference-handlers.js": {"path":"/home/user/Mad/electron/preference-handlers.js","statementMap":{"0":{"start":{"line":6,"column":20},"end":{"line":6,"column":39}},"1":{"start":{"line":7,"column":24},"end":{"line":7,"column":61}},"2":{"start":{"line":14,"column":2},"end":{"line":35,"column":5}},"3":{"start":{"line":15,"column":4},"end":{"line":34,"column":5}},"4":{"start":{"line":16,"column":6},"end":{"line":16,"column":73}},"5":{"start":{"line":18,"column":6},"end":{"line":20,"column":7}},"6":{"start":{"line":19,"column":8},"end":{"line":19,"column":47}},"7":{"start":{"line":22,"column":26},"end":{"line":22,"column":70}},"8":{"start":{"line":24,"column":6},"end":{"line":27,"column":8}},"9":{"start":{"line":29,"column":6},"end":{"line":29,"column":71}},"10":{"start":{"line":30,"column":6},"end":{"line":33,"column":8}},"11":{"start":{"line":38,"column":2},"end":{"line":62,"column":5}},"12":{"start":{"line":39,"column":4},"end":{"line":61,"column":5}},"13":{"start":{"line":40,"column":6},"end":{"line":40,"column":72}},"14":{"start":{"line":42,"column":6},"end":{"line":44,"column":7}},"15":{"start":{"line":43,"column":8},"end":{"line":43,"column":47}},"16":{"start":{"line":46,"column":6},"end":{"line":48,"column":7}},"17":{"start":{"line":47,"column":8},"end":{"line":47,"column":57}},"18":{"start":{"line":50,"column":6},"end":{"line":50,"column":65}},"19":{"start":{"line":52,"column":6},"end":{"line":54,"column":8}},"20":{"start":{"line":56,"column":6},"end":{"line":56,"column":72}},"21":{"start":{"line":57,"column":6},"end":{"line":60,"column":8}},"22":{"start":{"line":65,"column":2},"end":{"line":97,"column":5}},"23":{"start":{"line":66,"column":4},"end":{"line":96,"column":5}},"24":{"start":{"line":67,"column":6},"end":{"line":67,"column":74}},"25":{"start":{"line":69,"column":6},"end":{"line":71,"column":7}},"26":{"start":{"line":70,"column":8},"end":{"line":70,"column":47}},"27":{"start":{"line":73,"column":6},"end":{"line":75,"column":7}},"28":{"start":{"line":74,"column":8},"end":{"line":74,"column":57}},"29":{"start":{"line":78,"column":34},"end":{"line":78,"column":78}},"30":{"start":{"line":81,"column":33},"end":{"line":81,"column":83}},"31":{"start":{"line":84,"column":6},"end":{"line":84,"column":72}},"32":{"start":{"line":86,"column":6},"end":{"line":89,"column":8}},"33":{"start":{"line":91,"column":6},"end":{"line":91,"column":74}},"34":{"start":{"line":92,"column":6},"end":{"line":95,"column":8}},"35":{"start":{"line":99,"column":2},"end":{"line":99,"column":51}},"36":{"start":{"line":109,"column":17},"end":{"line":109,"column":30}},"37":{"start":{"line":111,"column":2},"end":{"line":123,"column":3}},"38":{"start":{"line":112,"column":4},"end":{"line":122,"column":7}},"39":{"start":{"line":113,"column":6},"end":{"line":121,"column":7}},"40":{"start":{"line":114,"column":8},"end":{"line":118,"column":9}},"41":{"start":{"line":115,"column":10},"end":{"line":115,"column":36}},"42":{"start":{"line":117,"column":10},"end":{"line":117,"column":60}},"43":{"start":{"line":120,"column":8},"end":{"line":120,"column":34}},"44":{"start":{"line":125,"column":2},"end":{"line":125,"column":16}},"45":{"start":{"line":134,"column":2},"end":{"line":134,"column":66}},"46":{"start":{"line":137,"column":0},"end":{"line":139,"column":2}}},"fnMap":{"0":{"name":"registerPreferenceHandlers","decl":{"start":{"line":12,"column":9},"end":{"line":12,"column":35}},"loc":{"start":{"line":12,"column":38},"end":{"line":100,"column":1}},"line":12},"1":{"name":"(anonymous_1)","decl":{"start":{"line":14,"column":36},"end":{"line":14,"column":37}},"loc":{"start":{"line":14,"column":61},"end":{"line":35,"column":3}},"line":14},"2":{"name":"(anonymous_2)","decl":{"start":{"line":38,"column":37},"end":{"line":38,"column":38}},"loc":{"start":{"line":38,"column":75},"end":{"line":62,"column":3}},"line":38},"3":{"name":"(anonymous_3)","decl":{"start":{"line":65,"column":39},"end":{"line":65,"column":40}},"loc":{"start":{"line":65,"column":84},"end":{"line":97,"column":3}},"line":65},"4":{"name":"deepMerge","decl":{"start":{"line":108,"column":9},"end":{"line":108,"column":18}},"loc":{"start":{"line":108,"column":35},"end":{"line":126,"column":1}},"line":108},"5":{"name":"(anonymous_5)","decl":{"start":{"line":112,"column":32},"end":{"line":112,"column":33}},"loc":{"start":{"line":112,"column":39},"end":{"line":122,"column":5}},"line":112},"6":{"name":"isObject","decl":{"start":{"line":133,"column":9},"end":{"line":133,"column":17}},"loc":{"start":{"line":133,"column":24},"end":{"line":135,"column":1}},"line":133}},"branchMap":{"0":{"loc":{"start":{"line":18,"column":6},"end":{"line":20,"column":7}},"type":"if","locations":[{"start":{"line":18,"column":6},"end":{"line":20,"column":7}},{"start":{},"end":{}}],"line":18},"1":{"loc":{"start":{"line":26,"column":21},"end":{"line":26,"column":38}},"type":"binary-expr","locations":[{"start":{"line":26,"column":21},"end":{"line":26,"column":32}},{"start":{"line":26,"column":36},"end":{"line":26,"column":38}}],"line":26},"2":{"loc":{"start":{"line":42,"column":6},"end":{"line":44,"column":7}},"type":"if","locations":[{"start":{"line":42,"column":6},"end":{"line":44,"column":7}},{"start":{},"end":{}}],"line":42},"3":{"loc":{"start":{"line":46,"column":6},"end":{"line":48,"column":7}},"type":"if","locations":[{"start":{"line":46,"column":6},"end":{"line":48,"column":7}},{"start":{},"end":{}}],"line":46},"4":{"loc":{"start":{"line":46,"column":10},"end":{"line":46,"column":57}},"type":"binary-expr","locations":[{"start":{"line":46,"column":10},"end":{"line":46,"column":22}},{"start":{"line":46,"column":26},"end":{"line":46,"column":57}}],"line":46},"5":{"loc":{"start":{"line":69,"column":6},"end":{"line":71,"column":7}},"type":"if","locations":[{"start":{"line":69,"column":6},"end":{"line":71,"column":7}},{"start":{},"end":{}}],"line":69},"6":{"loc":{"start":{"line":73,"column":6},"end":{"line":75,"column":7}},"type":"if","locations":[{"start":{"line":73,"column":6},"end":{"line":75,"column":7}},{"start":{},"end":{}}],"line":73},"7":{"loc":{"start":{"line":73,"column":10},"end":{"line":73,"column":71}},"type":"binary-expr","locations":[{"start":{"line":73,"column":10},"end":{"line":73,"column":29}},{"start":{"line":73,"column":33},"end":{"line":73,"column":71}}],"line":73},"8":{"loc":{"start":{"line":111,"column":2},"end":{"line":123,"column":3}},"type":"if","locations":[{"start":{"line":111,"column":2},"end":{"line":123,"column":3}},{"start":{},"end":{}}],"line":111},"9":{"loc":{"start":{"line":111,"column":6},"end":{"line":111,"column":42}},"type":"binary-expr","locations":[{"start":{"line":111,"column":6},"end":{"line":111,"column":22}},{"start":{"line":111,"column":26},"end":{"line":111,"column":42}}],"line":111},"10":{"loc":{"start":{"line":113,"column":6},"end":{"line":121,"column":7}},"type":"if","locations":[{"start":{"line":113,"column":6},"end":{"line":121,"column":7}},{"start":{"line":119,"column":13},"end":{"line":121,"column":7}}],"line":113},"11":{"loc":{"start":{"line":114,"column":8},"end":{"line":118,"column":9}},"type":"if","locations":[{"start":{"line":114,"column":8},"end":{"line":118,"column":9}},{"start":{"line":116,"column":15},"end":{"line":118,"column":9}}],"line":114},"12":{"loc":{"start":{"line":134,"column":9},"end":{"line":134,"column":65}},"type":"binary-expr","locations":[{"start":{"line":134,"column":9},"end":{"line":134,"column":13}},{"start":{"line":134,"column":17},"end":{"line":134,"column":41}},{"start":{"line":134,"column":45},"end":{"line":134,"column":65}}],"line":134}},"s":{"0":0,"1":0,"2":0,"3":0,"4":0,"5":0,"6":0,"7":0,"8":0,"9":0,"10":0,"11":0,"12":0,"13":0,"14":0,"15":0,"16":0,"17":0,"18":0,"19":0,"20":0,"21":0,"22":0,"23":0,"24":0,"25":0,"26":0,"27":0,"28":0,"29":0,"30":0,"31":0,"32":0,"33":0,"34":0,"35":0,"36":0,"37":0,"38":0,"39":0,"40":0,"41":0,"42":0,"43":0,"44":0,"45":0,"46":0},"f":{"0":0,"1":0,"2":0,"3":0,"4":0,"5":0,"6":0},"b":{"0":[0,0],"1":[0,0],"2":[0,0],"3":[0,0],"4":[0,0],"5":[0,0],"6":[0,0],"7":[0,0],"8":[0,0],"9":[0,0],"10":[0,0],"11":[0,0],"12":[0,0,0]}}
,"/home/user/Mad/electron/system-handlers.js": {"path":"/home/user/Mad/electron/system-handlers.js","statementMap":{"0":{"start":{"line":6,"column":27},"end":{"line":6,"column":46}},"1":{"start":{"line":7,"column":26},"end":{"line":7,"column":65}},"2":{"start":{"line":8,"column":32},"end":{"line":8,"column":77}},"3":{"start":{"line":9,"column":30},"end":{"line":9,"column":73}},"4":{"start":{"line":20,"column":2},"end":{"line":34,"column":5}},"5":{"start":{"line":21,"column":4},"end":{"line":33,"column":5}},"6":{"start":{"line":22,"column":21},"end":{"line":22,"column":73}},"7":{"start":{"line":23,"column":6},"end":{"line":26,"column":8}},"8":{"start":{"line":28,"column":6},"end":{"line":28,"column":62}},"9":{"start":{"line":29,"column":6},"end":{"line":32,"column":8}},"10":{"start":{"line":39,"column":2},"end":{"line":50,"column":5}},"11":{"start":{"line":40,"column":4},"end":{"line":49,"column":5}},"12":{"start":{"line":41,"column":21},"end":{"line":41,"column":76}},"13":{"start":{"line":42,"column":6},"end":{"line":42,"column":20}},"14":{"start":{"line":44,"column":6},"end":{"line":44,"column":73}},"15":{"start":{"line":45,"column":6},"end":{"line":48,"column":8}},"16":{"start":{"line":55,"column":2},"end":{"line":66,"column":5}},"17":{"start":{"line":56,"column":4},"end":{"line":65,"column":5}},"18":{"start":{"line":57,"column":21},"end":{"line":57,"column":70}},"19":{"start":{"line":58,"column":6},"end":{"line":58,"column":20}},"20":{"start":{"line":60,"column":6},"end":{"line":60,"column":68}},"21":{"start":{"line":61,"column":6},"end":{"line":64,"column":8}},"22":{"start":{"line":71,"column":2},"end":{"line":82,"column":5}},"23":{"start":{"line":72,"column":4},"end":{"line":81,"column":5}},"24":{"start":{"line":73,"column":21},"end":{"line":73,"column":70}},"25":{"start":{"line":74,"column":6},"end":{"line":74,"column":20}},"26":{"start":{"line":76,"column":6},"end":{"line":76,"column":66}},"27":{"start":{"line":77,"column":6},"end":{"line":80,"column":8}},"28":{"start":{"line":87,"column":2},"end":{"line":102,"column":5}},"29":{"start":{"line":88,"column":4},"end":{"line":101,"column":5}},"30":{"start":{"line":89,"column":21},"end":{"line":89,"column":76}},"31":{"start":{"line":90,"column":6},"end":{"line":93,"column":8}},"32":{"start":{"line":95,"column":6},"end":{"line":95,"column":75}},"33":{"start":{"line":96,"column":6},"end":{"line":100,"column":8}},"34":{"start":{"line":109,"column":2},"end":{"line":124,"column":5}},"35":{"start":{"line":110,"column":4},"end":{"line":123,"column":5}},"36":{"start":{"line":111,"column":21},"end":{"line":111,"column":66}},"37":{"start":{"line":112,"column":6},"end":{"line":115,"column":8}},"38":{"start":{"line":117,"column":6},"end":{"line":117,"column":68}},"39":{"start":{"line":118,"column":6},"end":{"line":122,"column":8}},"40":{"start":{"line":129,"column":2},"end":{"line":144,"column":5}},"41":{"start":{"line":130,"column":4},"end":{"line":143,"column":5}},"42":{"start":{"line":131,"column":21},"end":{"line":131,"column":70}},"43":{"start":{"line":132,"column":6},"end":{"line":135,"column":8}},"44":{"start":{"line":137,"column":6},"end":{"line":137,"column":71}},"45":{"start":{"line":138,"column":6},"end":{"line":142,"column":8}},"46":{"start":{"line":149,"column":2},"end":{"line":163,"column":5}},"47":{"start":{"line":150,"column":4},"end":{"line":162,"column":5}},"48":{"start":{"line":151,"column":21},"end":{"line":151,"column":66}},"49":{"start":{"line":152,"column":6},"end":{"line":155,"column":8}},"50":{"start":{"line":157,"column":6},"end":{"line":157,"column":67}},"51":{"start":{"line":158,"column":6},"end":{"line":161,"column":8}},"52":{"start":{"line":170,"column":2},"end":{"line":189,"column":5}},"53":{"start":{"line":171,"column":4},"end":{"line":188,"column":5}},"54":{"start":{"line":172,"column":21},"end":{"line":172,"column":80}},"55":{"start":{"line":173,"column":6},"end":{"line":176,"column":8}},"56":{"start":{"line":178,"column":6},"end":{"line":178,"column":69}},"57":{"start":{"line":179,"column":6},"end":{"line":187,"column":8}},"58":{"start":{"line":194,"column":2},"end":{"line":213,"column":5}},"59":{"start":{"line":195,"column":4},"end":{"line":212,"column":5}},"60":{"start":{"line":196,"column":21},"end":{"line":196,"column":83}},"61":{"start":{"line":197,"column":6},"end":{"line":200,"column":8}},"62":{"start":{"line":202,"column":6},"end":{"line":202,"column":72}},"63":{"start":{"line":203,"column":6},"end":{"line":211,"column":8}},"64":{"start":{"line":218,"column":2},"end":{"line":236,"column":5}},"65":{"start":{"line":219,"column":4},"end":{"line":235,"column":5}},"66":{"start":{"line":220,"column":21},"end":{"line":220,"column":78}},"67":{"start":{"line":221,"column":6},"end":{"line":224,"column":8}},"68":{"start":{"line":226,"column":6},"end":{"line":226,"column":67}},"69":{"start":{"line":227,"column":6},"end":{"line":234,"column":8}},"70":{"start":{"line":241,"column":2},"end":{"line":306,"column":5}},"71":{"start":{"line":242,"column":4},"end":{"line":305,"column":5}},"72":{"start":{"line":243,"column":6},"end":{"line":243,"column":92}},"73":{"start":{"line":245,"column":57},"end":{"line":253,"column":8}},"74":{"start":{"line":255,"column":6},"end":{"line":255,"column":65}},"75":{"start":{"line":256,"column":6},"end":{"line":256,"column":76}},"76":{"start":{"line":258,"column":21},"end":{"line":258,"column":23}},"77":{"start":{"line":261,"column":6},"end":{"line":263,"column":7}},"78":{"start":{"line":262,"column":8},"end":{"line":262,"column":43}},"79":{"start":{"line":266,"column":6},"end":{"line":269,"column":7}},"80":{"start":{"line":267,"column":8},"end":{"line":267,"column":60}},"81":{"start":{"line":268,"column":8},"end":{"line":268,"column":43}},"82":{"start":{"line":272,"column":6},"end":{"line":279,"column":7}},"83":{"start":{"line":273,"column":8},"end":{"line":273,"column":78}},"84":{"start":{"line":274,"column":8},"end":{"line":278,"column":11}},"85":{"start":{"line":281,"column":6},"end":{"line":293,"column":8}},"86":{"start":{"line":290,"column":47},"end":{"line":290,"column":69}},"87":{"start":{"line":291,"column":41},"end":{"line":291,"column":65}},"88":{"start":{"line":295,"column":6},"end":{"line":295,"column":65}},"89":{"start":{"line":296,"column":6},"end":{"line":304,"column":8}},"90":{"start":{"line":309,"column":0},"end":{"line":311,"column":2}}},"fnMap":{"0":{"name":"registerSystemHandlers","decl":{"start":{"line":14,"column":9},"end":{"line":14,"column":31}},"loc":{"start":{"line":14,"column":34},"end":{"line":307,"column":1}},"line":14},"1":{"name":"(anonymous_1)","decl":{"start":{"line":20,"column":48},"end":{"line":20,"column":49}},"loc":{"start":{"line":20,"column":60},"end":{"line":34,"column":3}},"line":20},"2":{"name":"(anonymous_2)","decl":{"start":{"line":39,"column":55},"end":{"line":39,"column":56}},"loc":{"start":{"line":39,"column":67},"end":{"line":50,"column":3}},"line":39},"3":{"name":"(anonymous_3)","decl":{"start":{"line":55,"column":50},"end":{"line":55,"column":51}},"loc":{"start":{"line":55,"column":62},"end":{"line":66,"column":3}},"line":55},"4":{"name":"(anonymous_4)","decl":{"start":{"line":71,"column":45},"end":{"line":71,"column":46}},"loc":{"start":{"line":71,"column":68},"end":{"line":82,"column":3}},"line":71},"5":{"name":"(anonymous_5)","decl":{"start":{"line":87,"column":57},"end":{"line":87,"column":58}},"loc":{"start":{"line":87,"column":69},"end":{"line":102,"column":3}},"line":87},"6":{"name":"(anonymous_6)","decl":{"start":{"line":109,"column":50},"end":{"line":109,"column":51}},"loc":{"start":{"line":109,"column":62},"end":{"line":124,"column":3}},"line":109},"7":{"name":"(anonymous_7)","decl":{"start":{"line":129,"column":53},"end":{"line":129,"column":54}},"loc":{"start":{"line":129,"column":65},"end":{"line":144,"column":3}},"line":129},"8":{"name":"(anonymous_8)","decl":{"start":{"line":149,"column":49},"end":{"line":149,"column":50}},"loc":{"start":{"line":149,"column":61},"end":{"line":163,"column":3}},"line":149},"9":{"name":"(anonymous_9)","decl":{"start":{"line":170,"column":51},"end":{"line":170,"column":52}},"loc":{"start":{"line":170,"column":76},"end":{"line":189,"column":3}},"line":170},"10":{"name":"(anonymous_10)","decl":{"start":{"line":194,"column":54},"end":{"line":194,"column":55}},"loc":{"start":{"line":194,"column":79},"end":{"line":213,"column":3}},"line":194},"11":{"name":"(anonymous_11)","decl":{"start":{"line":218,"column":49},"end":{"line":218,"column":50}},"loc":{"start":{"line":218,"column":74},"end":{"line":236,"column":3}},"line":218},"12":{"name":"(anonymous_12)","decl":{"start":{"line":241,"column":40},"end":{"line":241,"column":41}},"loc":{"start":{"line":241,"column":82},"end":{"line":306,"column":3}},"line":241},"13":{"name":"(anonymous_13)","decl":{"start":{"line":290,"column":40},"end":{"line":290,"column":41}},"loc":{"start":{"line":290,"column":47},"end":{"line":290,"column":69}},"line":290},"14":{"name":"(anonymous_14)","decl":{"start":{"line":291,"column":34},"end":{"line":291,"column":35}},"loc":{"start":{"line":291,"column":41},"end":{"line":291,"column":65}},"line":291}},"branchMap":{"0":{"loc":{"start":{"line":241,"column":62},"end":{"line":241,"column":77}},"type":"default-arg","locations":[{"start":{"line":241,"column":73},"end":{"line":241,"column":77}}],"line":241},"1":{"loc":{"start":{"line":247,"column":8},"end":{"line":251,"column":16}},"type":"cond-expr","locations":[{"start":{"line":248,"column":10},"end":{"line":250,"column":70}},{"start":{"line":251,"column":12},"end":{"line":251,"column":16}}],"line":247},"2":{"loc":{"start":{"line":247,"column":8},"end":{"line":247,"column":26}},"type":"binary-expr","locations":[{"start":{"line":247,"column":8},"end":{"line":247,"column":14}},{"start":{"line":247,"column":18},"end":{"line":247,"column":26}}],"line":247},"3":{"loc":{"start":{"line":248,"column":10},"end":{"line":250,"column":70}},"type":"cond-expr","locations":[{"start":{"line":249,"column":14},"end":{"line":249,"column":67}},{"start":{"line":250,"column":14},"end":{"line":250,"column":70}}],"line":248},"4":{"loc":{"start":{"line":261,"column":6},"end":{"line":263,"column":7}},"type":"if","locations":[{"start":{"line":261,"column":6},"end":{"line":263,"column":7}},{"start":{},"end":{}}],"line":261},"5":{"loc":{"start":{"line":266,"column":6},"end":{"line":269,"column":7}},"type":"if","locations":[{"start":{"line":266,"column":6},"end":{"line":269,"column":7}},{"start":{},"end":{}}],"line":266},"6":{"loc":{"start":{"line":266,"column":10},"end":{"line":266,"column":67}},"type":"binary-expr","locations":[{"start":{"line":266,"column":10},"end":{"line":266,"column":42}},{"start":{"line":266,"column":46},"end":{"line":266,"column":67}}],"line":266},"7":{"loc":{"start":{"line":272,"column":6},"end":{"line":279,"column":7}},"type":"if","locations":[{"start":{"line":272,"column":6},"end":{"line":279,"column":7}},{"start":{},"end":{}}],"line":272},"8":{"loc":{"start":{"line":272,"column":10},"end":{"line":272,"column":40}},"type":"binary-expr","locations":[{"start":{"line":272,"column":10},"end":{"line":272,"column":20}},{"start":{"line":272,"column":24},"end":{"line":272,"column":40}}],"line":272}},"s":{"0":0,"1":0,"2":0,"3":0,"4":0,"5":0,"6":0,"7":0,"8":0,"9":0,"10":0,"11":0,"12":0,"13":0,"14":0,"15":0,"16":0,"17":0,"18":0,"19":0,"20":0,"21":0,"22":0,"23":0,"24":0,"25":0,"26":0,"27":0,"28":0,"29":0,"30":0,"31":0,"32":0,"33":0,"34":0,"35":0,"36":0,"37":0,"38":0,"39":0,"40":0,"41":0,"42":0,"43":0,"44":0,"45":0,"46":0,"47":0,"48":0,"49":0,"50":0,"51":0,"52":0,"53":0,"54":0,"55":0,"56":0,"57":0,"58":0,"59":0,"60":0,"61":0,"62":0,"63":0,"64":0,"65":0,"66":0,"67":0,"68":0,"69":0,"70":0,"71":0,"72":0,"73":0,"74":0,"75":0,"76":0,"77":0,"78":0,"79":0,"80":0,"81":0,"82":0,"83":0,"84":0,"85":0,"86":0,"87":0,"88":0,"89":0,"90":0},"f":{"0":0,"1":0,"2":0,"3":0,"4":0,"5":0,"6":0,"7":0,"8":0,"9":0,"10":0,"11":0,"12":0,"13":0,"14":0},"b":{"0":[0],"1":[0,0],"2":[0,0],"3":[0,0],"4":[0,0],"5":[0,0],"6":[0,0],"7":[0,0],"8":[0,0]}}
[...]
,"/home/user/Mad/src/config/tourSteps.js": {"path":"/home/user/Mad/src/config/tourSteps.js","statementMap":{"0":{"start":{"line":7,"column":37},"end":{"line":42,"column":1}},"1":{"start":{"line":7,"column":43},"end":{"line":42,"column":1}},"2":{"start":{"line":45,"column":34},"end":{"line":102,"column":1}},"3":{"start":{"line":45,"column":56},"end":{"line":102,"column":1}},"4":{"start":{"line":105,"column":30},"end":{"line":110,"column":1}},"5":{"start":{"line":112,"column":30},"end":{"line":114,"column":1}}},"fnMap":{"0":{"name":"(anonymous_0)","decl":{"start":{"line":7,"column":37},"end":{"line":7,"column":38}},"loc":{"start":{"line":7,"column":43},"end":{"line":42,"column":1}},"line":7},"1":{"name":"(anonymous_1)","decl":{"start":{"line":45,"column":34},"end":{"line":45,"column":35}},"loc":{"start":{"line":45,"column":56},"end":{"line":102,"column":1}},"line":45}},"branchMap":{"0":{"loc":{"start":{"line":74,"column":13},"end":{"line":76,"column":73}},"type":"cond-expr","locations":[{"start":{"line":75,"column":8},"end":{"line":75,"column":69}},{"start":{"line":76,"column":8},"end":{"line":76,"column":73}}],"line":74},"1":{"loc":{"start":{"line":81,"column":13},"end":{"line":83,"column":68}},"type":"cond-expr","locations":[{"start":{"line":82,"column":8},"end":{"line":82,"column":75}},{"start":{"line":83,"column":8},"end":{"line":83,"column":68}}],"line":81}},"s":{"0":0,"1":0,"2":0,"3":0,"4":0,"5":0},"f":{"0":0,"1":0},"b":{"0":[0,0],"1":[0,0]}}
,"/home/user/Mad/src/constants/contactRoles.js": {"path":"/home/user/Mad/src/constants/contactRoles.js","statementMap":{"0":{"start":{"line":6,"column":31},"end":{"line":16,"column":1}},"1":{"start":{"line":18,"column":30},"end":{"line":55,"column":1}},"2":{"start":{"line":57,"column":34},"end":{"line":75,"column":1}},"3":{"start":{"line":77,"column":38},"end":{"line":87,"column":1}},"4":{"start":{"line":90,"column":32},"end":{"line":108,"column":1}},"5":{"start":{"line":111,"column":36},"end":{"line":139,"column":1}}},"fnMap":{},"branchMap":{},"s":{"0":2,"1":2,"2":2,"3":2,"4":2,"5":2},"f":{},"b":{},"_coverageSchema":"1a1c01bbd47fc00a2c39e90264f33305004495a9","hash":"4e7fdd596465566836493471263bcefaa4e52261"}
,"/home/user/Mad/src/hooks/useConversations.js": {"path":"/home/user/Mad/src/hooks/useConversations.js","statementMap":{"0":{"start":{"line":8,"column":44},"end":{"line":8,"column":56}},"1":{"start":{"line":9,"column":36},"end":{"line":9,"column":50}},"2":{"start":{"line":10,"column":28},"end":{"line":10,"column":42}},"3":{"start":{"line":12,"column":28},"end":{"line":29,"column":3}},"4":{"start":{"line":13,"column":4},"end":{"line":13,"column":23}},"5":{"start":{"line":14,"column":4},"end":{"line":14,"column":19}},"6":{"start":{"line":16,"column":4},"end":{"line":28,"column":5}},"7":{"start":{"line":17,"column":21},"end":{"line":17,"column":61}},"8":{"start":{"line":19,"column":6},"end":{"line":23,"column":7}},"9":{"start":{"line":20,"column":8},"end":{"line":20,"column":47}},"10":{"start":{"line":22,"column":8},"end":{"line":22,"column":60}},"11":{"start":{"line":25,"column":6},"end":{"line":25,"column":28}},"12":{"start":{"line":27,"column":6},"end":{"line":27,"column":26}},"13":{"start":{"line":31,"column":2},"end":{"line":33,"column":9}},"14":{"start":{"line":32,"column":4},"end":{"line":32,"column":24}},"15":{"start":{"line":35,"column":2},"end":{"line":40,"column":4}}},"fnMap":{"0":{"name":"useConversations","decl":{"start":{"line":7,"column":16},"end":{"line":7,"column":32}},"loc":{"start":{"line":7,"column":35},"end":{"line":41,"column":1}},"line":7},"1":{"name":"(anonymous_1)","decl":{"start":{"line":12,"column":28},"end":{"line":12,"column":29}},"loc":{"start":{"line":12,"column":40},"end":{"line":29,"column":3}},"line":12},"2":{"name":"(anonymous_2)","decl":{"start":{"line":31,"column":12},"end":{"line":31,"column":13}},"loc":{"start":{"line":31,"column":18},"end":{"line":33,"column":3}},"line":31}},"branchMap":{"0":{"loc":{"start":{"line":19,"column":6},"end":{"line":23,"column":7}},"type":"if","locations":[{"start":{"line":19,"column":6},"end":{"line":23,"column":7}},{"start":{"line":21,"column":13},"end":{"line":23,"column":7}}],"line":19},"1":{"loc":{"start":{"line":22,"column":17},"end":{"line":22,"column":58}},"type":"binary-expr","locations":[{"start":{"line":22,"column":17},"end":{"line":22,"column":29}},{"start":{"line":22,"column":33},"end":{"line":22,"column":58}}],"line":22}},"s":{"0":0,"1":0,"2":0,"3":0,"4":0,"5":0,"6":0,"7":0,"8":0,"9":0,"10":0,"11":0,"12":0,"13":0,"14":0,"15":0},"f":{"0":0,"1":0,"2":0},"b":{"0":[0,0],"1":[0,0]}}
,"/home/user/Mad/src/hooks/useSelection.js": {"path":"/home/user/Mad/src/hooks/useSelection.js","statementMap":{"0":{"start":{"line":8,"column":40},"end":{"line":8,"column":59}},"1":{"start":{"line":10,"column":26},"end":{"line":18,"column":3}},"2":{"start":{"line":11,"column":24},"end":{"line":11,"column":44}},"3":{"start":{"line":12,"column":4},"end":{"line":16,"column":5}},"4":{"start":{"line":13,"column":6},"end":{"line":13,"column":29}},"5":{"start":{"line":15,"column":6},"end":{"line":15,"column":26}},"6":{"start":{"line":17,"column":4},"end":{"line":17,"column":32}},"7":{"start":{"line":20,"column":20},"end":{"line":22,"column":3}},"8":{"start":{"line":21,"column":4},"end":{"line":21,"column":56}},"9":{"start":{"line":21,"column":45},"end":{"line":21,"column":52}},"10":{"start":{"line":24,"column":22},"end":{"line":26,"column":3}},"11":{"start":{"line":25,"column":4},"end":{"line":25,"column":30}},"12":{"start":{"line":28,"column":21},"end":{"line":30,"column":3}},"13":{"start":{"line":29,"column":4},"end":{"line":29,"column":31}},"14":{"start":{"line":32,"column":2},"end":{"line":39,"column":4}}},"fnMap":{"0":{"name":"useSelection","decl":{"start":{"line":7,"column":16},"end":{"line":7,"column":28}},"loc":{"start":{"line":7,"column":31},"end":{"line":40,"column":1}},"line":7},"1":{"name":"(anonymous_1)","decl":{"start":{"line":10,"column":26},"end":{"line":10,"column":27}},"loc":{"start":{"line":10,"column":34},"end":{"line":18,"column":3}},"line":10},"2":{"name":"(anonymous_2)","decl":{"start":{"line":20,"column":20},"end":{"line":20,"column":21}},"loc":{"start":{"line":20,"column":31},"end":{"line":22,"column":3}},"line":20},"3":{"name":"(anonymous_3)","decl":{"start":{"line":21,"column":37},"end":{"line":21,"column":38}},"loc":{"start":{"line":21,"column":45},"end":{"line":21,"column":52}},"line":21},"4":{"name":"(anonymous_4)","decl":{"start":{"line":24,"column":22},"end":{"line":24,"column":23}},"loc":{"start":{"line":24,"column":28},"end":{"line":26,"column":3}},"line":24},"5":{"name":"(anonymous_5)","decl":{"start":{"line":28,"column":21},"end":{"line":28,"column":22}},"loc":{"start":{"line":28,"column":29},"end":{"line":30,"column":3}},"line":28}},"branchMap":{"0":{"loc":{"start":{"line":12,"column":4},"end":{"line":16,"column":5}},"type":"if","locations":[{"start":{"line":12,"column":4},"end":{"line":16,"column":5}},{"start":{"line":14,"column":11},"end":{"line":16,"column":5}}],"line":12}},"s":{"0":0,"1":0,"2":0,"3":0,"4":0,"5":0,"6":0,"7":0,"8":0,"9":0,"10":0,"11":0,"12":0,"13":0,"14":0},"f":{"0":0,"1":0,"2":0,"3":0,"4":0,"5":0},"b":{"0":[0,0]}}
,"/home/user/Mad/src/hooks/useTour.js": {"path":"/home/user/Mad/src/hooks/useTour.js","statementMap":{"0":{"start":{"line":9,"column":32},"end":{"line":9,"column":47}},"1":{"start":{"line":12,"column":2},"end":{"line":19,"column":32}},"2":{"start":{"line":13,"column":4},"end":{"line":18,"column":5}},"3":{"start":{"line":14,"column":26},"end":{"line":14,"column":58}},"4":{"start":{"line":15,"column":6},"end":{"line":17,"column":7}},"5":{"start":{"line":16,"column":8},"end":{"line":16,"column":48}},"6":{"start":{"line":16,"column":25},"end":{"line":16,"column":41}},"7":{"start":{"line":21,"column":32},"end":{"line":38,"column":3}},"8":{"start":{"line":22,"column":23},"end":{"line":22,"column":27}},"9":{"start":{"line":23,"column":29},"end":{"line":23,"column":52}},"10":{"start":{"line":25,"column":4},"end":{"line":37,"column":5}},"11":{"start":{"line":26,"column":6},"end":{"line":26,"column":24}},"12":{"start":{"line":27,"column":6},"end":{"line":27,"column":47}},"13":{"start":{"line":30,"column":6},"end":{"line":36,"column":7}},"14":{"start":{"line":31,"column":8},"end":{"line":35,"column":11}},"15":{"start":{"line":40,"column":2},"end":{"line":44,"column":4}}},"fnMap":{"0":{"name":"useTour","decl":{"start":{"line":8,"column":16},"end":{"line":8,"column":23}},"loc":{"start":{"line":8,"column":65},"end":{"line":45,"column":1}},"line":8},"1":{"name":"(anonymous_1)","decl":{"start":{"line":12,"column":12},"end":{"line":12,"column":13}},"loc":{"start":{"line":12,"column":18},"end":{"line":19,"column":3}},"line":12},"2":{"name":"(anonymous_2)","decl":{"start":{"line":16,"column":19},"end":{"line":16,"column":20}},"loc":{"start":{"line":16,"column":25},"end":{"line":16,"column":41}},"line":16},"3":{"name":"(anonymous_3)","decl":{"start":{"line":21,"column":32},"end":{"line":21,"column":33}},"loc":{"start":{"line":21,"column":42},"end":{"line":38,"column":3}},"line":21}},"branchMap":{"0":{"loc":{"start":{"line":8,"column":37},"end":{"line":8,"column":63}},"type":"default-arg","locations":[{"start":{"line":8,"column":50},"end":{"line":8,"column":63}}],"line":8},"1":{"loc":{"start":{"line":13,"column":4},"end":{"line":18,"column":5}},"type":"if","locations":[{"start":{"line":13,"column":4},"end":{"line":18,"column":5}},{"start":{},"end":{}}],"line":13},"2":{"loc":{"start":{"line":15,"column":6},"end":{"line":17,"column":7}},"type":"if","locations":[{"start":{"line":15,"column":6},"end":{"line":17,"column":7}},{"start":{},"end":{}}],"line":15},"3":{"loc":{"start":{"line":25,"column":4},"end":{"line":37,"column":5}},"type":"if","locations":[{"start":{"line":25,"column":4},"end":{"line":37,"column":5}},{"start":{},"end":{}}],"line":25},"4":{"loc":{"start":{"line":30,"column":6},"end":{"line":36,"column":7}},"type":"if","locations":[{"start":{"line":30,"column":6},"end":{"line":36,"column":7}},{"start":{},"end":{}}],"line":30}},"s":{"0":0,"1":0,"2":0,"3":0,"4":0,"5":0,"6":0,"7":0,"8":0,"9":0,"10":0,"11":0,"12":0,"13":0,"14":0,"15":0},"f":{"0":0,"1":0,"2":0,"3":0},"b":{"0":[0],"1":[0,0],"2":[0,0],"3":[0,0],"4":[0,0]}}
,"/home/user/Mad/src/utils/dateFormatters.js": {"path":"/home/user/Mad/src/utils/dateFormatters.js","statementMap":{"0":{"start":{"line":11,"column":2},"end":{"line":11,"column":39}},"1":{"start":{"line":11,"column":18},"end":{"line":11,"column":39}},"2":{"start":{"line":14,"column":19},"end":{"line":14,"column":61}},"3":{"start":{"line":15,"column":15},"end":{"line":15,"column":55}},"4":{"start":{"line":18,"column":14},"end":{"line":18,"column":24}},"5":{"start":{"line":19,"column":16},"end":{"line":19,"column":74}},"6":{"start":{"line":20,"column":21},"end":{"line":20,"column":82}},"7":{"start":{"line":22,"column":19},"end":{"line":22,"column":37}},"8":{"start":{"line":23,"column":19},"end":{"line":23,"column":63}},"9":{"start":{"line":25,"column":2},"end":{"line":25,"column":37}},"10":{"start":{"line":25,"column":22},"end":{"line":25,"column":37}},"11":{"start":{"line":26,"column":2},"end":{"line":26,"column":41}},"12":{"start":{"line":26,"column":22},"end":{"line":26,"column":41}},"13":{"start":{"line":27,"column":2},"end":{"line":27,"column":50}},"14":{"start":{"line":27,"column":20},"end":{"line":27,"column":50}},"15":{"start":{"line":29,"column":2},"end":{"line":29,"column":35}}},"fnMap":{"0":{"name":"formatMessageDate","decl":{"start":{"line":10,"column":16},"end":{"line":10,"column":33}},"loc":{"start":{"line":10,"column":45},"end":{"line":30,"column":1}},"line":10}},"branchMap":{"0":{"loc":{"start":{"line":11,"column":2},"end":{"line":11,"column":39}},"type":"if","locations":[{"start":{"line":11,"column":2},"end":{"line":11,"column":39}},{"start":{},"end":{}}],"line":11},"1":{"loc":{"start":{"line":25,"column":2},"end":{"line":25,"column":37}},"type":"if","locations":[{"start":{"line":25,"column":2},"end":{"line":25,"column":37}},{"start":{},"end":{}}],"line":25},"2":{"loc":{"start":{"line":26,"column":2},"end":{"line":26,"column":41}},"type":"if","locations":[{"start":{"line":26,"column":2},"end":{"line":26,"column":41}},{"start":{},"end":{}}],"line":26},"3":{"loc":{"start":{"line":27,"column":2},"end":{"line":27,"column":50}},"type":"if","locations":[{"start":{"line":27,"column":2},"end":{"line":27,"column":50}},{"start":{},"end":{}}],"line":27}},"s":{"0":0,"1":0,"2":0,"3":0,"4":0,"5":0,"6":0,"7":0,"8":0,"9":0,"10":0,"11":0,"12":0,"13":0,"14":0,"15":0},"f":{"0":0},"b":{"0":[0,0],"1":[0,0],"2":[0,0],"3":[0,0]}}
,"/home/user/Mad/src/utils/transactionRoleUtils.js": {"path":"/home/user/Mad/src/utils/transactionRoleUtils.js","statementMap":{"0":{"start":{"line":24,"column":2},"end":{"line":26,"column":3}},"1":{"start":{"line":25,"column":4},"end":{"line":25,"column":17}},"2":{"start":{"line":28,"column":2},"end":{"line":48,"column":5}},"3":{"start":{"line":30,"column":4},"end":{"line":32,"column":5}},"4":{"start":{"line":31,"column":6},"end":{"line":31,"column":18}},"5":{"start":{"line":35,"column":4},"end":{"line":40,"column":5}},"6":{"start":{"line":36,"column":6},"end":{"line":39,"column":8}},"7":{"start":{"line":43,"column":4},"end":{"line":45,"column":5}},"8":{"start":{"line":44,"column":6},"end":{"line":44,"column":60}},"9":{"start":{"line":47,"column":4},"end":{"line":47,"column":17}},"10":{"start":{"line":58,"column":2},"end":{"line":63,"column":3}},"11":{"start":{"line":59,"column":4},"end":{"line":62,"column":6}},"12":{"start":{"line":65,"column":2},"end":{"line":68,"column":4}},"13":{"start":{"line":79,"column":23},"end":{"line":85,"column":41}},"14":{"start":{"line":80,"column":28},"end":{"line":80,"column":47}},"15":{"start":{"line":82,"column":26},"end":{"line":82,"column":61}},"16":{"start":{"line":83,"column":6},"end":{"line":83,"column":54}},"17":{"start":{"line":85,"column":25},"end":{"line":85,"column":40}},"18":{"start":{"line":87,"column":2},"end":{"line":90,"column":4}},"19":{"start":{"line":106,"column":2},"end":{"line":112,"column":3}},"20":{"start":{"line":107,"column":4},"end":{"line":111,"column":5}},"21":{"start":{"line":108,"column":6},"end":{"line":108,"column":30}},"22":{"start":{"line":109,"column":11},"end":{"line":111,"column":5}},"23":{"start":{"line":110,"column":6},"end":{"line":110,"column":31}},"24":{"start":{"line":115,"column":2},"end":{"line":115,"column":42}}},"fnMap":{"0":{"name":"filterRolesByTransactionType","decl":{"start":{"line":22,"column":16},"end":{"line":22,"column":44}},"loc":{"start":{"line":22,"column":80},"end":{"line":49,"column":1}},"line":22},"1":{"name":"(anonymous_1)","decl":{"start":{"line":28,"column":22},"end":{"line":28,"column":23}},"loc":{"start":{"line":28,"column":38},"end":{"line":48,"column":3}},"line":28},"2":{"name":"getTransactionTypeContext","decl":{"start":{"line":57,"column":16},"end":{"line":57,"column":41}},"loc":{"start":{"line":57,"column":59},"end":{"line":69,"column":1}},"line":57},"3":{"name":"validateRoleAssignments","decl":{"start":{"line":78,"column":16},"end":{"line":78,"column":39}},"loc":{"start":{"line":78,"column":67},"end":{"line":91,"column":1}},"line":78},"4":{"name":"(anonymous_4)","decl":{"start":{"line":80,"column":12},"end":{"line":80,"column":13}},"loc":{"start":{"line":80,"column":28},"end":{"line":80,"column":47}},"line":80},"5":{"name":"(anonymous_5)","decl":{"start":{"line":81,"column":12},"end":{"line":81,"column":13}},"loc":{"start":{"line":81,"column":28},"end":{"line":84,"column":5}},"line":81},"6":{"name":"(anonymous_6)","decl":{"start":{"line":85,"column":9},"end":{"line":85,"column":10}},"loc":{"start":{"line":85,"column":25},"end":{"line":85,"column":40}},"line":85},"7":{"name":"getRoleDisplayName","decl":{"start":{"line":104,"column":16},"end":{"line":104,"column":34}},"loc":{"start":{"line":104,"column":58},"end":{"line":116,"column":1}},"line":104}},"branchMap":{"0":{"loc":{"start":{"line":24,"column":2},"end":{"line":26,"column":3}},"type":"if","locations":[{"start":{"line":24,"column":2},"end":{"line":26,"column":3}},{"start":{},"end":{}}],"line":24},"1":{"loc":{"start":{"line":30,"column":4},"end":{"line":32,"column":5}},"type":"if","locations":[{"start":{"line":30,"column":4},"end":{"line":32,"column":5}},{"start":{},"end":{}}],"line":30},"2":{"loc":{"start":{"line":35,"column":4},"end":{"line":40,"column":5}},"type":"if","locations":[{"start":{"line":35,"column":4},"end":{"line":40,"column":5}},{"start":{},"end":{}}],"line":35},"3":{"loc":{"start":{"line":37,"column":8},"end":{"line":38,"column":56}},"type":"binary-expr","locations":[{"start":{"line":37,"column":8},"end":{"line":37,"column":55}},{"start":{"line":38,"column":8},"end":{"line":38,"column":56}}],"line":37},"4":{"loc":{"start":{"line":43,"column":4},"end":{"line":45,"column":5}},"type":"if","locations":[{"start":{"line":43,"column":4},"end":{"line":45,"column":5}},{"start":{},"end":{}}],"line":43},"5":{"loc":{"start":{"line":58,"column":2},"end":{"line":63,"column":3}},"type":"if","locations":[{"start":{"line":58,"column":2},"end":{"line":63,"column":3}},{"start":{},"end":{}}],"line":58},"6":{"loc":{"start":{"line":83,"column":13},"end":{"line":83,"column":53}},"type":"binary-expr","locations":[{"start":{"line":83,"column":13},"end":{"line":83,"column":25}},{"start":{"line":83,"column":29},"end":{"line":83,"column":53}}],"line":83},"7":{"loc":{"start":{"line":106,"column":2},"end":{"line":112,"column":3}},"type":"if","locations":[{"start":{"line":106,"column":2},"end":{"line":112,"column":3}},{"start":{},"end":{}}],"line":106},"8":{"loc":{"start":{"line":107,"column":4},"end":{"line":111,"column":5}},"type":"if","locations":[{"start":{"line":107,"column":4},"end":{"line":111,"column":5}},{"start":{"line":109,"column":11},"end":{"line":111,"column":5}}],"line":107},"9":{"loc":{"start":{"line":109,"column":11},"end":{"line":111,"column":5}},"type":"if","locations":[{"start":{"line":109,"column":11},"end":{"line":111,"column":5}},{"start":{},"end":{}}],"line":109},"10":{"loc":{"start":{"line":115,"column":9},"end":{"line":115,"column":41}},"type":"binary-expr","locations":[{"start":{"line":115,"column":9},"end":{"line":115,"column":33}},{"start":{"line":115,"column":37},"end":{"line":115,"column":41}}],"line":115}},"s":{"0":6,"1":1,"2":5,"3":10,"4":4,"5":6,"6":3,"7":3,"8":3,"9":0,"10":2,"11":1,"12":1,"13":4,"14":8,"15":4,"16":4,"17":2,"18":4,"19":5,"20":2,"21":1,"22":1,"23":1,"24":3},"f":{"0":6,"1":10,"2":2,"3":4,"4":8,"5":4,"6":2,"7":5},"b":{"0":[1,5],"1":[4,6],"2":[3,3],"3":[3,2],"4":[3,0],"5":[1,1],"6":[4,3],"7":[2,3],"8":[1,1],"9":[1,0],"10":[3,0]},"_coverageSchema":"1a1c01bbd47fc00a2c39e90264f33305004495a9","hash":"ccd0b63513fcf7eb4836ad231c135b95352e61d0"}
}
