TN:
SF:electron/address-handlers.js
FN:12,(anonymous_0)
FN:14,(anonymous_1)
FN:32,(anonymous_2)
FN:51,(anonymous_3)
FN:69,(anonymous_4)
FN:87,(anonymous_5)
FNF:6
FNH:0
FNDA:0,(anonymous_0)
FNDA:0,(anonymous_1)
FNDA:0,(anonymous_2)
FNDA:0,(anonymous_3)
FNDA:0,(anonymous_4)
FNDA:0,(anonymous_5)
DA:6,0
DA:7,0
DA:12,0
DA:14,0
DA:15,0
DA:16,0
DA:18,0
DA:23,0
DA:24,0
DA:32,0
DA:33,0
DA:34,0
DA:36,0
DA:41,0
DA:42,0
DA:51,0
DA:52,0
DA:53,0
DA:55,0
DA:60,0
DA:61,0
DA:69,0
DA:70,0
DA:71,0
DA:73,0
DA:78,0
DA:79,0
DA:87,0
DA:88,0
DA:89,0
DA:91,0
DA:96,0
DA:97,0
DA:105,0
LF:34
LH:0
BRDA:20,0,0,0
BRDA:20,0,1,0
BRF:2
BRH:0
end_of_record
TN:
SF:electron/auth-handlers.js
FN:34,needsToAcceptTerms
FN:62,(anonymous_1)
FN:92,(anonymous_2)
FN:96,(anonymous_3)
FN:146,(anonymous_4)
FN:303,(anonymous_5)
FN:337,(anonymous_6)
FN:349,(anonymous_7)
FN:352,(anonymous_8)
FN:362,(anonymous_9)
FN:426,(anonymous_10)
FN:453,(anonymous_11)
FN:465,(anonymous_12)
FN:468,(anonymous_13)
FN:478,(anonymous_14)
FN:626,(anonymous_15)
FN:657,(anonymous_16)
FN:669,(anonymous_17)
FN:672,(anonymous_18)
FN:682,(anonymous_19)
FN:749,(anonymous_20)
FN:751,(anonymous_21)
FN:755,(anonymous_22)
FN:758,(anonymous_23)
FN:761,(anonymous_24)
FN:764,(anonymous_25)
FN:782,(anonymous_26)
FN:816,(anonymous_27)
FN:835,(anonymous_28)
FN:871,(anonymous_29)
FNF:30
FNH:0
FNDA:0,needsToAcceptTerms
FNDA:0,(anonymous_1)
FNDA:0,(anonymous_2)
FNDA:0,(anonymous_3)
FNDA:0,(anonymous_4)
FNDA:0,(anonymous_5)
FNDA:0,(anonymous_6)
FNDA:0,(anonymous_7)
FNDA:0,(anonymous_8)
FNDA:0,(anonymous_9)
FNDA:0,(anonymous_10)
FNDA:0,(anonymous_11)
FNDA:0,(anonymous_12)
FNDA:0,(anonymous_13)
FNDA:0,(anonymous_14)
FNDA:0,(anonymous_15)
FNDA:0,(anonymous_16)
FNDA:0,(anonymous_17)
FNDA:0,(anonymous_18)
FNDA:0,(anonymous_19)
FNDA:0,(anonymous_20)
FNDA:0,(anonymous_21)
FNDA:0,(anonymous_22)
FNDA:0,(anonymous_23)
FNDA:0,(anonymous_24)
FNDA:0,(anonymous_25)
FNDA:0,(anonymous_26)
FNDA:0,(anonymous_27)
FNDA:0,(anonymous_28)
FNDA:0,(anonymous_29)
DA:6,0
DA:7,0
DA:8,0
DA:11,0
DA:12,0
DA:13,0
DA:14,0
DA:15,0
DA:16,0
DA:19,0
DA:28,0
DA:36,0
DA:37,0
DA:42,0
DA:44,0
DA:48,0
DA:49,0
DA:50,0
DA:53,0
DA:54,0
DA:55,0
DA:58,0
DA:62,0
DA:63,0
DA:64,0
DA:65,0
DA:67,0
DA:92,0
DA:93,0
DA:94,0
DA:96,0
DA:98,0
DA:99,0
DA:103,0
DA:109,0
DA:110,0
DA:146,0
DA:147,0
DA:148,0
DA:151,0
DA:154,0
DA:157,0
DA:158,0
DA:163,0
DA:174,0
DA:176,0
DA:177,0
DA:190,0
DA:193,0
DA:203,0
DA:205,0
DA:208,0
DA:216,0
DA:219,0
DA:222,0
DA:228,0
DA:231,0
DA:239,0
DA:242,0
DA:245,0
DA:246,0
DA:254,0
DA:262,0
DA:263,0
DA:303,0
DA:304,0
DA:305,0
DA:308,0
DA:311,0
DA:312,0
DA:315,0
DA:317,0
DA:320,0
DA:322,0
DA:336,0
DA:337,0
DA:338,0
DA:339,0
DA:340,0
DA:341,0
DA:342,0
DA:346,0
DA:349,0
DA:350,0
DA:352,0
DA:353,0
DA:354,0
DA:362,0
DA:363,0
DA:365,0
DA:366,0
DA:369,0
DA:372,0
DA:373,0
DA:378,0
DA:381,0
DA:390,0
DA:393,0
DA:394,0
DA:400,0
DA:401,0
DA:402,0
DA:411,0
DA:417,0
DA:418,0
DA:426,0
DA:427,0
DA:428,0
DA:431,0
DA:433,0
DA:436,0
DA:438,0
DA:452,0
DA:453,0
DA:454,0
DA:455,0
DA:456,0
DA:457,0
DA:458,0
DA:462,0
DA:465,0
DA:466,0
DA:468,0
DA:469,0
DA:470,0
DA:478,0
DA:479,0
DA:481,0
DA:482,0
DA:485,0
DA:488,0
DA:491,0
DA:492,0
DA:497,0
DA:508,0
DA:510,0
DA:511,0
DA:524,0
DA:527,0
DA:536,0
DA:538,0
DA:541,0
DA:543,0
DA:551,0
DA:554,0
DA:557,0
DA:563,0
DA:566,0
DA:574,0
DA:577,0
DA:580,0
DA:581,0
DA:590,0
DA:591,0
DA:600,0
DA:601,0
DA:602,0
DA:611,0
DA:617,0
DA:618,0
DA:626,0
DA:627,0
DA:628,0
DA:631,0
DA:632,0
DA:635,0
DA:637,0
DA:640,0
DA:642,0
DA:656,0
DA:657,0
DA:658,0
DA:659,0
DA:660,0
DA:661,0
DA:662,0
DA:666,0
DA:669,0
DA:670,0
DA:672,0
DA:673,0
DA:674,0
DA:682,0
DA:683,0
DA:685,0
DA:686,0
DA:689,0
DA:692,0
DA:695,0
DA:696,0
DA:701,0
DA:703,0
DA:712,0
DA:715,0
DA:716,0
DA:722,0
DA:723,0
DA:724,0
DA:733,0
DA:739,0
DA:740,0
DA:749,0
DA:751,0
DA:752,0
DA:755,0
DA:758,0
DA:761,0
DA:764,0
DA:765,0
DA:767,0
DA:769,0
DA:770,0
DA:771,0
DA:773,0
DA:774,0
DA:775,0
DA:777,0
DA:782,0
DA:783,0
DA:785,0
DA:788,0
DA:794,0
DA:797,0
DA:798,0
DA:805,0
DA:808,0
DA:810,0
DA:811,0
DA:816,0
DA:817,0
DA:819,0
DA:821,0
DA:823,0
DA:824,0
DA:827,0
DA:829,0
DA:830,0
DA:835,0
DA:836,0
DA:837,0
DA:839,0
DA:840,0
DA:844,0
DA:846,0
DA:848,0
DA:849,0
DA:853,0
DA:854,0
DA:856,0
DA:865,0
DA:866,0
DA:871,0
DA:872,0
DA:874,0
DA:876,0
DA:877,0
DA:879,0
DA:880,0
DA:881,0
DA:883,0
DA:888,0
LF:261
LH:0
BRDA:36,0,0,0
BRDA:36,0,1,0
BRDA:42,1,0,0
BRDA:42,1,1,0
BRDA:42,2,0,0
BRDA:42,2,1,0
BRDA:48,3,0,0
BRDA:48,3,1,0
BRDA:48,4,0,0
BRDA:48,4,1,0
BRDA:53,5,0,0
BRDA:53,5,1,0
BRDA:53,6,0,0
BRDA:53,6,1,0
BRDA:98,7,0,0
BRDA:98,7,1,0
BRDA:158,8,0,0
BRDA:158,8,1,0
BRDA:176,9,0,0
BRDA:176,9,1,0
BRDA:338,10,0,0
BRDA:338,10,1,0
BRDA:350,11,0,0
BRDA:350,11,1,0
BRDA:353,12,0,0
BRDA:353,12,1,0
BRDA:353,13,0,0
BRDA:353,13,1,0
BRDA:373,14,0,0
BRDA:373,14,1,0
BRDA:393,15,0,0
BRDA:393,15,1,0
BRDA:401,16,0,0
BRDA:401,16,1,0
BRDA:454,17,0,0
BRDA:454,17,1,0
BRDA:466,18,0,0
BRDA:466,18,1,0
BRDA:469,19,0,0
BRDA:469,19,1,0
BRDA:469,20,0,0
BRDA:469,20,1,0
BRDA:492,21,0,0
BRDA:492,21,1,0
BRDA:510,22,0,0
BRDA:510,22,1,0
BRDA:590,23,0,0
BRDA:590,23,1,0
BRDA:601,24,0,0
BRDA:601,24,1,0
BRDA:658,25,0,0
BRDA:658,25,1,0
BRDA:670,26,0,0
BRDA:670,26,1,0
BRDA:673,27,0,0
BRDA:673,27,1,0
BRDA:673,28,0,0
BRDA:673,28,1,0
BRDA:696,29,0,0
BRDA:696,29,1,0
BRDA:715,30,0,0
BRDA:715,30,1,0
BRDA:723,31,0,0
BRDA:723,31,1,0
BRDA:774,32,0,0
BRDA:774,32,1,0
BRDA:823,33,0,0
BRDA:823,33,1,0
BRDA:839,34,0,0
BRDA:839,34,1,0
BRDA:846,35,0,0
BRDA:846,35,1,0
BRDA:854,36,0,0
BRDA:854,36,1,0
BRDA:880,37,0,0
BRDA:880,37,1,0
BRF:76
BRH:0
end_of_record
TN:
SF:electron/contact-handlers.js
FN:21,registerContactHandlers
FN:23,(anonymous_1)
FN:49,(anonymous_2)
FN:58,(anonymous_3)
FN:59,(anonymous_4)
FN:110,(anonymous_5)
FN:145,(anonymous_6)
FN:168,(anonymous_7)
FN:195,(anonymous_8)
FN:219,(anonymous_9)
FN:241,(anonymous_10)
FN:275,(anonymous_11)
FNF:12
FNH:0
FNDA:0,registerContactHandlers
FNDA:0,(anonymous_1)
FNDA:0,(anonymous_2)
FNDA:0,(anonymous_3)
FNDA:0,(anonymous_4)
FNDA:0,(anonymous_5)
FNDA:0,(anonymous_6)
FNDA:0,(anonymous_7)
FNDA:0,(anonymous_8)
FNDA:0,(anonymous_9)
FNDA:0,(anonymous_10)
FNDA:0,(anonymous_11)
DA:6,0
DA:7,0
DA:8,0
DA:16,0
DA:23,0
DA:24,0
DA:25,0
DA:28,0
DA:31,0
DA:33,0
DA:35,0
DA:40,0
DA:41,0
DA:49,0
DA:50,0
DA:51,0
DA:54,0
DA:57,0
DA:58,0
DA:59,0
DA:62,0
DA:63,0
DA:65,0
DA:66,0
DA:69,0
DA:70,0
DA:73,0
DA:74,0
DA:77,0
DA:78,0
DA:80,0
DA:93,0
DA:95,0
DA:101,0
DA:102,0
DA:110,0
DA:111,0
DA:112,0
DA:114,0
DA:116,0
DA:117,0
DA:126,0
DA:129,0
DA:131,0
DA:136,0
DA:137,0
DA:145,0
DA:146,0
DA:147,0
DA:150,0
DA:152,0
DA:154,0
DA:159,0
DA:160,0
DA:168,0
DA:169,0
DA:170,0
DA:173,0
DA:174,0
DA:176,0
DA:181,0
DA:186,0
DA:187,0
DA:195,0
DA:196,0
DA:197,0
DA:200,0
DA:201,0
DA:203,0
DA:205,0
DA:210,0
DA:211,0
DA:219,0
DA:220,0
DA:221,0
DA:223,0
DA:225,0
DA:232,0
DA:233,0
DA:241,0
DA:242,0
DA:243,0
DA:246,0
DA:249,0
DA:250,0
DA:251,0
DA:260,0
DA:262,0
DA:266,0
DA:267,0
DA:275,0
DA:276,0
DA:277,0
DA:280,0
DA:281,0
DA:282,0
DA:291,0
DA:293,0
DA:297,0
DA:298,0
DA:306,0
LF:101
LH:0
BRDA:65,0,0,0
BRDA:65,0,1,0
BRDA:65,1,0,0
BRDA:65,1,1,0
BRDA:73,2,0,0
BRDA:73,2,1,0
BRDA:73,3,0,0
BRDA:73,3,1,0
BRDA:73,3,2,0
BRDA:77,4,0,0
BRDA:77,4,1,0
BRDA:83,5,0,0
BRDA:83,5,1,0
BRDA:84,6,0,0
BRDA:84,6,1,0
BRDA:86,7,0,0
BRDA:86,7,1,0
BRDA:87,8,0,0
BRDA:87,8,1,0
BRDA:119,9,0,0
BRDA:119,9,1,0
BRDA:120,10,0,0
BRDA:120,10,1,0
BRDA:121,11,0,0
BRDA:121,11,1,0
BRDA:122,12,0,0
BRDA:122,12,1,0
BRDA:123,13,0,0
BRDA:123,13,1,0
BRDA:145,14,0,0
BRDA:250,15,0,0
BRDA:250,15,1,0
BRDA:281,16,0,0
BRDA:281,16,1,0
BRF:34
BRH:0
end_of_record
TN:
SF:electron/feedback-handlers.js
FN:13,(anonymous_0)
FN:15,(anonymous_1)
FN:36,(anonymous_2)
FN:55,(anonymous_3)
FN:74,(anonymous_4)
FN:98,(anonymous_5)
FNF:6
FNH:0
FNDA:0,(anonymous_0)
FNDA:0,(anonymous_1)
FNDA:0,(anonymous_2)
FNDA:0,(anonymous_3)
FNDA:0,(anonymous_4)
FNDA:0,(anonymous_5)
DA:6,0
DA:7,0
DA:8,0
DA:13,0
DA:15,0
DA:16,0
DA:17,0
DA:20,0
DA:22,0
DA:27,0
DA:28,0
DA:36,0
DA:37,0
DA:38,0
DA:40,0
DA:45,0
DA:46,0
DA:55,0
DA:56,0
DA:57,0
DA:59,0
DA:64,0
DA:65,0
DA:74,0
DA:75,0
DA:76,0
DA:83,0
DA:88,0
DA:89,0
DA:98,0
DA:99,0
DA:100,0
DA:102,0
DA:107,0
DA:108,0
DA:117,0
LF:36
LH:0
BRDA:55,0,0,0
BRF:1
BRH:0
end_of_record
TN:
SF:electron/preference-handlers.js
FN:12,registerPreferenceHandlers
FN:14,(anonymous_1)
FN:38,(anonymous_2)
FN:65,(anonymous_3)
FN:108,deepMerge
FN:112,(anonymous_5)
FN:133,isObject
FNF:7
FNH:0
FNDA:0,registerPreferenceHandlers
FNDA:0,(anonymous_1)
FNDA:0,(anonymous_2)
FNDA:0,(anonymous_3)
FNDA:0,deepMerge
FNDA:0,(anonymous_5)
FNDA:0,isObject
DA:6,0
DA:7,0
DA:14,0
DA:15,0
DA:16,0
DA:18,0
DA:19,0
DA:22,0
DA:24,0
DA:29,0
DA:30,0
DA:38,0
DA:39,0
DA:40,0
DA:42,0
DA:43,0
DA:46,0
DA:47,0
DA:50,0
DA:52,0
DA:56,0
DA:57,0
DA:65,0
DA:66,0
DA:67,0
DA:69,0
DA:70,0
DA:73,0
DA:74,0
DA:78,0
DA:81,0
DA:84,0
DA:86,0
DA:91,0
DA:92,0
DA:99,0
DA:109,0
DA:111,0
DA:112,0
DA:113,0
DA:114,0
DA:115,0
DA:117,0
DA:120,0
DA:125,0
DA:134,0
DA:137,0
LF:47
LH:0
BRDA:18,0,0,0
BRDA:18,0,1,0
BRDA:26,1,0,0
BRDA:26,1,1,0
BRDA:42,2,0,0
BRDA:42,2,1,0
BRDA:46,3,0,0
BRDA:46,3,1,0
BRDA:46,4,0,0
BRDA:46,4,1,0
BRDA:69,5,0,0
BRDA:69,5,1,0
BRDA:73,6,0,0
BRDA:73,6,1,0
BRDA:73,7,0,0
BRDA:73,7,1,0
BRDA:111,8,0,0
BRDA:111,8,1,0
BRDA:111,9,0,0
BRDA:111,9,1,0
BRDA:113,10,0,0
BRDA:113,10,1,0
BRDA:114,11,0,0
BRDA:114,11,1,0
BRDA:134,12,0,0
BRDA:134,12,1,0
BRDA:134,12,2,0
BRF:27
BRH:0
end_of_record
TN:
SF:electron/system-handlers.js
FN:14,registerSystemHandlers
FN:20,(anonymous_1)
FN:39,(anonymous_2)
FN:55,(anonymous_3)
FN:71,(anonymous_4)
FN:87,(anonymous_5)
FN:109,(anonymous_6)
FN:129,(anonymous_7)
FN:149,(anonymous_8)
FN:170,(anonymous_9)
FN:194,(anonymous_10)
FN:218,(anonymous_11)
FN:241,(anonymous_12)
FN:290,(anonymous_13)
FN:291,(anonymous_14)
FNF:15
FNH:0
FNDA:0,registerSystemHandlers
FNDA:0,(anonymous_1)
FNDA:0,(anonymous_2)
FNDA:0,(anonymous_3)
FNDA:0,(anonymous_4)
FNDA:0,(anonymous_5)
FNDA:0,(anonymous_6)
FNDA:0,(anonymous_7)
FNDA:0,(anonymous_8)
FNDA:0,(anonymous_9)
FNDA:0,(anonymous_10)
FNDA:0,(anonymous_11)
FNDA:0,(anonymous_12)
FNDA:0,(anonymous_13)
FNDA:0,(anonymous_14)
DA:6,0
DA:7,0
DA:8,0
DA:9,0
DA:20,0
DA:21,0
DA:22,0
DA:23,0
DA:28,0
DA:29,0
DA:39,0
DA:40,0
DA:41,0
DA:42,0
DA:44,0
DA:45,0
DA:55,0
DA:56,0
DA:57,0
DA:58,0
DA:60,0
DA:61,0
DA:71,0
DA:72,0
DA:73,0
DA:74,0
DA:76,0
DA:77,0
DA:87,0
DA:88,0
DA:89,0
DA:90,0
DA:95,0
DA:96,0
DA:109,0
DA:110,0
DA:111,0
DA:112,0
DA:117,0
DA:118,0
DA:129,0
DA:130,0
DA:131,0
DA:132,0
DA:137,0
DA:138,0
DA:149,0
DA:150,0
DA:151,0
DA:152,0
DA:157,0
DA:158,0
DA:170,0
DA:171,0
DA:172,0
DA:173,0
DA:178,0
DA:179,0
DA:194,0
DA:195,0
DA:196,0
DA:197,0
DA:202,0
DA:203,0
DA:218,0
DA:219,0
DA:220,0
DA:221,0
DA:226,0
DA:227,0
DA:241,0
DA:242,0
DA:243,0
DA:245,0
DA:255,0
DA:256,0
DA:258,0
DA:261,0
DA:262,0
DA:266,0
DA:267,0
DA:268,0
DA:272,0
DA:273,0
DA:274,0
DA:281,0
DA:290,0
DA:291,0
DA:295,0
DA:296,0
DA:309,0
LF:91
LH:0
BRDA:241,0,0,0
BRDA:247,1,0,0
BRDA:247,1,1,0
BRDA:247,2,0,0
BRDA:247,2,1,0
BRDA:248,3,0,0
BRDA:248,3,1,0
BRDA:261,4,0,0
BRDA:261,4,1,0
BRDA:266,5,0,0
BRDA:266,5,1,0
BRDA:266,6,0,0
BRDA:266,6,1,0
BRDA:272,7,0,0
BRDA:272,7,1,0
BRDA:272,8,0,0
BRDA:272,8,1,0
BRF:17
BRH:0
end_of_record
TN:
SF:electron/transaction-handlers.js
FN:26,(anonymous_0)
FN:64,(anonymous_1)
FN:74,(anonymous_2)
FN:98,(anonymous_3)
FN:116,(anonymous_4)
FN:138,(anonymous_5)
FN:163,(anonymous_6)
FN:185,(anonymous_7)
FN:205,(anonymous_8)
FN:224,(anonymous_9)
FN:249,(anonymous_10)
FN:266,(anonymous_11)
FN:283,(anonymous_12)
FN:301,(anonymous_13)
FN:341,(anonymous_14)
FNF:15
FNH:6
FNDA:9,(anonymous_0)
FNDA:3,(anonymous_1)
FNDA:1,(anonymous_2)
FNDA:2,(anonymous_3)
FNDA:2,(anonymous_4)
FNDA:2,(anonymous_5)
FNDA:0,(anonymous_6)
FNDA:0,(anonymous_7)
FNDA:0,(anonymous_8)
FNDA:0,(anonymous_9)
FNDA:0,(anonymous_10)
FNDA:0,(anonymous_11)
FNDA:0,(anonymous_12)
FNDA:0,(anonymous_13)
FNDA:0,(anonymous_14)
DA:6,1
DA:7,1
DA:8,1
DA:9,1
DA:20,1
DA:26,1
DA:64,9
DA:65,3
DA:66,3
DA:69,3
DA:70,3
DA:72,3
DA:76,1
DA:77,1
DA:82,2
DA:84,2
DA:89,1
DA:90,1
DA:98,9
DA:99,2
DA:100,2
DA:102,1
DA:107,1
DA:108,1
DA:116,9
DA:117,2
DA:119,2
DA:120,2
DA:122,2
DA:124,1
DA:129,1
DA:130,1
DA:138,9
DA:139,2
DA:140,2
DA:142,2
DA:143,1
DA:149,1
DA:154,0
DA:155,0
DA:163,9
DA:164,0
DA:166,0
DA:167,0
DA:169,0
DA:171,0
DA:176,0
DA:177,0
DA:185,9
DA:186,0
DA:188,0
DA:190,0
DA:192,0
DA:196,0
DA:197,0
DA:205,9
DA:206,0
DA:207,0
DA:208,0
DA:210,0
DA:215,0
DA:216,0
DA:224,9
DA:225,0
DA:226,0
DA:228,0
DA:229,0
DA:235,0
DA:240,0
DA:241,0
DA:249,9
DA:250,0
DA:251,0
DA:253,0
DA:257,0
DA:258,0
DA:266,9
DA:267,0
DA:268,0
DA:270,0
DA:274,0
DA:275,0
DA:283,9
DA:284,0
DA:285,0
DA:287,0
DA:292,0
DA:293,0
DA:301,9
DA:302,0
DA:303,0
DA:306,0
DA:308,0
DA:309,0
DA:316,0
DA:319,0
DA:325,0
DA:327,0
DA:332,0
DA:333,0
DA:341,9
DA:342,0
DA:343,0
DA:346,0
DA:348,0
DA:349,0
DA:356,0
DA:362,0
DA:365,0
DA:366,0
DA:373,0
DA:378,0
DA:379,0
DA:387,1
LF:114
LH:48
BRDA:70,0,0,3
BRDA:70,0,1,0
BRDA:76,1,0,1
BRDA:76,1,1,0
BRDA:142,2,0,1
BRDA:142,2,1,1
BRDA:228,3,0,0
BRDA:228,3,1,0
BRDA:308,4,0,0
BRDA:308,4,1,0
BRDA:316,5,0,0
BRDA:316,5,1,0
BRDA:321,6,0,0
BRDA:321,6,1,0
BRDA:348,7,0,0
BRDA:348,7,1,0
BRDA:358,8,0,0
BRDA:358,8,1,0
BRDA:368,9,0,0
BRDA:368,9,1,0
BRDA:370,10,0,0
BRDA:370,10,1,0
BRF:22
BRH:4
end_of_record
TN:
SF:electron/services/addressVerificationService.js
FN:9,(anonymous_0)
FN:17,(anonymous_1)
FN:35,(anonymous_2)
FN:67,(anonymous_3)
FN:88,(anonymous_4)
FN:141,(anonymous_5)
FN:144,(anonymous_6)
FN:180,(anonymous_7)
FN:231,(anonymous_8)
FNF:9
FNH:0
FNDA:0,(anonymous_0)
FNDA:0,(anonymous_1)
FNDA:0,(anonymous_2)
FNDA:0,(anonymous_3)
FNDA:0,(anonymous_4)
FNDA:0,(anonymous_5)
FNDA:0,(anonymous_6)
FNDA:0,(anonymous_7)
FNDA:0,(anonymous_8)
DA:6,0
DA:10,0
DA:11,0
DA:18,0
DA:20,0
DA:21,0
DA:22,0
DA:25,0
DA:26,0
DA:36,0
DA:37,0
DA:40,0
DA:41,0
DA:44,0
DA:45,0
DA:46,0
DA:53,0
DA:54,0
DA:57,0
DA:59,0
DA:61,0
DA:62,0
DA:63,0
DA:67,0
DA:74,0
DA:76,0
DA:78,0
DA:79,0
DA:89,0
DA:90,0
DA:93,0
DA:94,0
DA:95,0
DA:101,0
DA:103,0
DA:105,0
DA:106,0
DA:107,0
DA:110,0
DA:113,0
DA:115,0
DA:132,0
DA:133,0
DA:142,0
DA:144,0
DA:145,0
DA:147,0
DA:148,0
DA:150,0
DA:151,0
DA:153,0
DA:154,0
DA:156,0
DA:157,0
DA:158,0
DA:160,0
DA:161,0
DA:163,0
DA:164,0
DA:166,0
DA:167,0
DA:168,0
DA:172,0
DA:181,0
DA:182,0
DA:185,0
DA:186,0
DA:187,0
DA:192,0
DA:194,0
DA:196,0
DA:197,0
DA:198,0
DA:201,0
DA:202,0
DA:204,0
DA:221,0
DA:222,0
DA:232,0
DA:233,0
DA:234,0
DA:236,0
DA:242,0
LF:83
LH:0
BRDA:18,0,0,0
BRDA:18,0,1,0
BRDA:20,1,0,0
BRDA:20,1,1,0
BRDA:35,2,0,0
BRDA:36,3,0,0
BRDA:36,3,1,0
BRDA:40,4,0,0
BRDA:40,4,1,0
BRDA:40,5,0,0
BRDA:40,5,1,0
BRDA:53,6,0,0
BRDA:53,6,1,0
BRDA:61,7,0,0
BRDA:61,7,1,0
BRDA:61,8,0,0
BRDA:61,8,1,0
BRDA:67,9,0,0
BRDA:67,9,1,0
BRDA:70,10,0,0
BRDA:70,10,1,0
BRDA:71,11,0,0
BRDA:71,11,1,0
BRDA:89,12,0,0
BRDA:89,12,1,0
BRDA:105,13,0,0
BRDA:105,13,1,0
BRDA:119,14,0,0
BRDA:119,14,1,0
BRDA:119,15,0,0
BRDA:119,15,1,0
BRDA:120,16,0,0
BRDA:120,16,1,0
BRDA:147,17,0,0
BRDA:147,17,1,0
BRDA:150,18,0,0
BRDA:150,18,1,0
BRDA:153,19,0,0
BRDA:153,19,1,0
BRDA:156,20,0,0
BRDA:156,20,1,0
BRDA:160,21,0,0
BRDA:160,21,1,0
BRDA:163,22,0,0
BRDA:163,22,1,0
BRDA:166,23,0,0
BRDA:166,23,1,0
BRDA:181,24,0,0
BRDA:181,24,1,0
BRDA:196,25,0,0
BRDA:196,25,1,0
BRDA:208,26,0,0
BRDA:208,26,1,0
BRDA:208,27,0,0
BRDA:208,27,1,0
BRDA:209,28,0,0
BRDA:209,28,1,0
BRDA:234,29,0,0
BRDA:234,29,1,0
BRDA:234,29,2,0
BRDA:234,29,3,0
BRF:61
BRH:0
end_of_record
TN:
SF:electron/services/connectionStatusService.js
FN:10,(anonymous_0)
FN:22,(anonymous_1)
FN:105,(anonymous_2)
FN:174,(anonymous_3)
FN:193,(anonymous_4)
FN:218,(anonymous_5)
FN:230,(anonymous_6)
FNF:7
FNH:0
FNDA:0,(anonymous_0)
FNDA:0,(anonymous_1)
FNDA:0,(anonymous_2)
FNDA:0,(anonymous_3)
FNDA:0,(anonymous_4)
FNDA:0,(anonymous_5)
FNDA:0,(anonymous_6)
DA:6,0
DA:7,0
DA:11,0
DA:23,0
DA:25,0
DA:27,0
DA:28,0
DA:38,0
DA:42,0
DA:43,0
DA:45,0
DA:47,0
DA:48,0
DA:49,0
DA:50,0
DA:56,0
DA:59,0
DA:70,0
DA:75,0
DA:81,0
DA:83,0
DA:85,0
DA:96,0
DA:106,0
DA:108,0
DA:110,0
DA:111,0
DA:121,0
DA:125,0
DA:126,0
DA:128,0
DA:129,0
DA:140,0
DA:144,0
DA:150,0
DA:152,0
DA:154,0
DA:165,0
DA:175,0
DA:180,0
DA:194,0
DA:197,0
DA:201,0
DA:202,0
DA:205,0
DA:219,0
DA:231,0
DA:242,0
LF:48
LH:0
BRDA:27,0,0,0
BRDA:27,0,1,0
BRDA:27,1,0,0
BRDA:27,1,1,0
BRDA:45,2,0,0
BRDA:45,2,1,0
BRDA:49,3,0,0
BRDA:49,3,1,0
BRDA:110,4,0,0
BRDA:110,4,1,0
BRDA:110,5,0,0
BRDA:110,5,1,0
BRDA:128,6,0,0
BRDA:128,6,1,0
BRDA:183,7,0,0
BRDA:183,7,1,0
BRDA:184,8,0,0
BRDA:184,8,1,0
BRDA:193,9,0,0
BRDA:194,10,0,0
BRDA:194,10,1,0
BRDA:197,11,0,0
BRDA:197,11,1,0
BRDA:201,12,0,0
BRDA:201,12,1,0
BRDA:201,13,0,0
BRDA:201,13,1,0
BRDA:209,14,0,0
BRDA:209,14,1,0
BRDA:211,15,0,0
BRDA:211,15,1,0
BRDA:232,16,0,0
BRDA:232,16,1,0
BRDA:237,17,0,0
BRDA:237,17,1,0
BRF:35
BRH:0
end_of_record
TN:
SF:electron/services/contactsService.js
FN:24,getContactNames
FN:38,(anonymous_1)
FN:129,loadContactsFromDatabase
FN:198,buildPersonMap
FN:202,(anonymous_4)
FN:219,(anonymous_5)
FN:226,(anonymous_6)
FN:243,buildDisplayName
FN:268,buildContactMaps
FN:269,(anonymous_9)
FN:271,(anonymous_10)
FN:289,(anonymous_11)
FN:305,resolveContactName
FNF:13
FNH:0
FNDA:0,getContactNames
FNDA:0,(anonymous_1)
FNDA:0,loadContactsFromDatabase
FNDA:0,buildPersonMap
FNDA:0,(anonymous_4)
FNDA:0,(anonymous_5)
FNDA:0,(anonymous_6)
FNDA:0,buildDisplayName
FNDA:0,buildContactMaps
FNDA:0,(anonymous_9)
FNDA:0,(anonymous_10)
FNDA:0,(anonymous_11)
FNDA:0,resolveContactName
DA:6,0
DA:7,0
DA:8,0
DA:9,0
DA:10,0
DA:12,0
DA:13,0
DA:25,0
DA:26,0
DA:27,0
DA:28,0
DA:30,0
DA:31,0
DA:34,0
DA:36,0
DA:37,0
DA:38,0
DA:40,0
DA:41,0
DA:42,0
DA:46,0
DA:47,0
DA:48,0
DA:49,0
DA:50,0
DA:51,0
DA:53,0
DA:56,0
DA:59,0
DA:60,0
DA:61,0
DA:62,0
DA:63,0
DA:72,0
DA:75,0
DA:76,0
DA:80,0
DA:81,0
DA:85,0
DA:86,0
DA:87,0
DA:88,0
DA:89,0
DA:91,0
DA:92,0
DA:93,0
DA:102,0
DA:106,0
DA:107,0
DA:130,0
DA:131,0
DA:133,0
DA:134,0
DA:136,0
DA:137,0
DA:140,0
DA:141,0
DA:142,0
DA:143,0
DA:146,0
DA:156,0
DA:164,0
DA:172,0
DA:174,0
DA:177,0
DA:180,0
DA:183,0
DA:184,0
DA:187,0
DA:199,0
DA:202,0
DA:203,0
DA:209,0
DA:210,0
DA:219,0
DA:220,0
DA:221,0
DA:226,0
DA:227,0
DA:228,0
DA:232,0
DA:244,0
DA:245,0
DA:246,0
DA:248,0
DA:249,0
DA:250,0
DA:251,0
DA:252,0
DA:253,0
DA:254,0
DA:255,0
DA:258,0
DA:269,0
DA:271,0
DA:272,0
DA:275,0
DA:276,0
DA:279,0
DA:284,0
DA:285,0
DA:289,0
DA:290,0
DA:291,0
DA:307,0
DA:310,0
DA:312,0
DA:313,0
DA:317,0
DA:318,0
DA:319,0
DA:323,0
DA:324,0
DA:325,0
DA:326,0
DA:331,0
DA:332,0
DA:333,0
DA:338,0
DA:339,0
DA:340,0
DA:343,0
DA:344,0
DA:345,0
DA:349,0
DA:350,0
DA:351,0
DA:352,0
DA:358,0
DA:359,0
DA:362,0
LF:131
LH:0
BRDA:40,0,0,0
BRDA:40,0,1,0
BRDA:59,1,0,0
BRDA:59,1,1,0
BRDA:91,2,0,0
BRDA:91,2,1,0
BRDA:209,3,0,0
BRDA:209,3,1,0
BRDA:220,4,0,0
BRDA:220,4,1,0
BRDA:227,5,0,0
BRDA:227,5,1,0
BRDA:244,6,0,0
BRDA:244,6,1,0
BRDA:245,7,0,0
BRDA:245,7,1,0
BRDA:246,8,0,0
BRDA:246,8,1,0
BRDA:248,9,0,0
BRDA:248,9,1,0
BRDA:248,10,0,0
BRDA:248,10,1,0
BRDA:250,11,0,0
BRDA:250,11,1,0
BRDA:252,12,0,0
BRDA:252,12,1,0
BRDA:254,13,0,0
BRDA:254,13,1,0
BRDA:307,14,0,0
BRDA:307,14,1,0
BRDA:310,15,0,0
BRDA:310,15,1,0
BRDA:312,16,0,0
BRDA:312,16,1,0
BRDA:318,17,0,0
BRDA:318,17,1,0
BRDA:318,18,0,0
BRDA:318,18,1,0
BRDA:323,19,0,0
BRDA:323,19,1,0
BRDA:323,20,0,0
BRDA:323,20,1,0
BRDA:323,20,2,0
BRDA:325,21,0,0
BRDA:325,21,1,0
BRDA:332,22,0,0
BRDA:332,22,1,0
BRDA:338,23,0,0
BRDA:338,23,1,0
BRDA:339,24,0,0
BRDA:339,24,1,0
BRDA:344,25,0,0
BRDA:344,25,1,0
BRDA:344,26,0,0
BRDA:344,26,1,0
BRDA:349,27,0,0
BRDA:349,27,1,0
BRDA:349,28,0,0
BRDA:349,28,1,0
BRDA:349,28,2,0
BRDA:351,29,0,0
BRDA:351,29,1,0
BRDA:358,30,0,0
BRDA:358,30,1,0
BRDA:358,30,2,0
BRF:65
BRH:0
end_of_record
TN:
SF:electron/services/databaseService.js
FN:14,(anonymous_0)
FN:22,(anonymous_1)
FN:54,(anonymous_2)
FN:55,(anonymous_3)
FN:56,(anonymous_4)
FN:61,(anonymous_5)
FN:77,(anonymous_6)
FN:81,(anonymous_7)
FN:82,(anonymous_8)
FN:102,(anonymous_9)
FN:108,(anonymous_10)
FN:112,(anonymous_11)
FN:116,(anonymous_12)
FN:120,(anonymous_13)
FN:142,(anonymous_14)
FN:163,(anonymous_15)
FN:179,(anonymous_16)
FN:207,(anonymous_17)
FN:211,(anonymous_18)
FN:219,(anonymous_19)
FN:300,(anonymous_20)
FN:328,(anonymous_21)
FN:329,(anonymous_22)
FN:330,(anonymous_23)
FN:344,(anonymous_24)
FN:345,(anonymous_25)
FN:346,(anonymous_26)
FN:360,(anonymous_27)
FN:361,(anonymous_28)
FN:362,(anonymous_29)
FN:379,(anonymous_30)
FN:414,(anonymous_31)
FN:422,(anonymous_32)
FN:430,(anonymous_33)
FN:438,(anonymous_34)
FN:460,(anonymous_35)
FN:482,(anonymous_36)
FN:497,(anonymous_37)
FN:518,(anonymous_38)
FN:539,(anonymous_39)
FN:572,(anonymous_40)
FN:580,(anonymous_41)
FN:592,(anonymous_42)
FN:619,(anonymous_43)
FN:627,(anonymous_44)
FN:637,(anonymous_45)
FN:648,(anonymous_46)
FN:692,(anonymous_47)
FN:705,(anonymous_48)
FN:710,(anonymous_49)
FN:732,(anonymous_50)
FN:762,(anonymous_51)
FN:794,(anonymous_52)
FN:825,(anonymous_53)
FN:850,(anonymous_54)
FN:875,(anonymous_55)
FN:884,(anonymous_56)
FN:893,(anonymous_57)
FN:901,(anonymous_58)
FN:927,(anonymous_59)
FN:969,(anonymous_60)
FN:986,(anonymous_61)
FN:1004,(anonymous_62)
FN:1028,(anonymous_63)
FN:1040,(anonymous_64)
FN:1074,(anonymous_65)
FN:1086,(anonymous_66)
FN:1094,(anonymous_67)
FN:1139,(anonymous_68)
FN:1165,(anonymous_69)
FN:1177,(anonymous_70)
FN:1224,(anonymous_71)
FN:1236,(anonymous_72)
FN:1249,(anonymous_73)
FN:1257,(anonymous_74)
FN:1287,(anonymous_75)
FN:1314,(anonymous_76)
FN:1335,(anonymous_77)
FN:1356,(anonymous_78)
FN:1361,(anonymous_79)
FN:1386,(anonymous_80)
FN:1394,(anonymous_81)
FN:1407,(anonymous_82)
FN:1442,(anonymous_83)
FN:1455,(anonymous_84)
FN:1469,(anonymous_85)
FN:1491,(anonymous_86)
FN:1590,(anonymous_87)
FN:1591,(anonymous_88)
FN:1593,(anonymous_89)
FNF:90
FNH:10
FNDA:1,(anonymous_0)
FNDA:0,(anonymous_1)
FNDA:0,(anonymous_2)
FNDA:0,(anonymous_3)
FNDA:0,(anonymous_4)
FNDA:0,(anonymous_5)
FNDA:0,(anonymous_6)
FNDA:0,(anonymous_7)
FNDA:0,(anonymous_8)
FNDA:0,(anonymous_9)
FNDA:0,(anonymous_10)
FNDA:0,(anonymous_11)
FNDA:0,(anonymous_12)
FNDA:0,(anonymous_13)
FNDA:0,(anonymous_14)
FNDA:0,(anonymous_15)
FNDA:0,(anonymous_16)
FNDA:0,(anonymous_17)
FNDA:0,(anonymous_18)
FNDA:0,(anonymous_19)
FNDA:0,(anonymous_20)
FNDA:0,(anonymous_21)
FNDA:0,(anonymous_22)
FNDA:0,(anonymous_23)
FNDA:41,(anonymous_24)
FNDA:41,(anonymous_25)
FNDA:41,(anonymous_26)
FNDA:0,(anonymous_27)
FNDA:0,(anonymous_28)
FNDA:0,(anonymous_29)
FNDA:0,(anonymous_30)
FNDA:0,(anonymous_31)
FNDA:0,(anonymous_32)
FNDA:0,(anonymous_33)
FNDA:0,(anonymous_34)
FNDA:0,(anonymous_35)
FNDA:0,(anonymous_36)
FNDA:0,(anonymous_37)
FNDA:0,(anonymous_38)
FNDA:0,(anonymous_39)
FNDA:0,(anonymous_40)
FNDA:0,(anonymous_41)
FNDA:0,(anonymous_42)
FNDA:0,(anonymous_43)
FNDA:0,(anonymous_44)
FNDA:0,(anonymous_45)
FNDA:0,(anonymous_46)
FNDA:0,(anonymous_47)
FNDA:0,(anonymous_48)
FNDA:0,(anonymous_49)
FNDA:13,(anonymous_50)
FNDA:7,(anonymous_51)
FNDA:5,(anonymous_52)
FNDA:2,(anonymous_53)
FNDA:2,(anonymous_54)
FNDA:13,(anonymous_55)
FNDA:0,(anonymous_56)
FNDA:0,(anonymous_57)
FNDA:0,(anonymous_58)
FNDA:0,(anonymous_59)
FNDA:0,(anonymous_60)
FNDA:0,(anonymous_61)
FNDA:0,(anonymous_62)
FNDA:0,(anonymous_63)
FNDA:0,(anonymous_64)
FNDA:0,(anonymous_65)
FNDA:0,(anonymous_66)
FNDA:0,(anonymous_67)
FNDA:0,(anonymous_68)
FNDA:0,(anonymous_69)
FNDA:0,(anonymous_70)
FNDA:0,(anonymous_71)
FNDA:0,(anonymous_72)
FNDA:0,(anonymous_73)
FNDA:0,(anonymous_74)
FNDA:0,(anonymous_75)
FNDA:0,(anonymous_76)
FNDA:0,(anonymous_77)
FNDA:0,(anonymous_78)
FNDA:0,(anonymous_79)
FNDA:0,(anonymous_80)
FNDA:0,(anonymous_81)
FNDA:0,(anonymous_82)
FNDA:0,(anonymous_83)
FNDA:0,(anonymous_84)
FNDA:0,(anonymous_85)
FNDA:0,(anonymous_86)
FNDA:0,(anonymous_87)
FNDA:0,(anonymous_88)
FNDA:0,(anonymous_89)
DA:7,1
DA:8,1
DA:9,1
DA:10,1
DA:11,1
DA:15,1
DA:16,1
DA:23,0
DA:25,0
DA:26,0
DA:28,0
DA:31,0
DA:32,0
DA:33,0
DA:37,0
DA:40,0
DA:42,0
DA:43,0
DA:45,0
DA:46,0
DA:55,0
DA:56,0
DA:57,0
DA:58,0
DA:61,0
DA:62,0
DA:63,0
DA:65,0
DA:78,0
DA:79,0
DA:81,0
DA:82,0
DA:83,0
DA:84,0
DA:87,0
DA:88,0
DA:89,0
DA:91,0
DA:103,0
DA:104,0
DA:106,0
DA:107,0
DA:108,0
DA:109,0
DA:110,0
DA:112,0
DA:113,0
DA:114,0
DA:116,0
DA:117,0
DA:118,0
DA:120,0
DA:121,0
DA:122,0
DA:126,0
DA:127,0
DA:128,0
DA:141,0
DA:142,0
DA:143,0
DA:144,0
DA:149,0
DA:158,0
DA:161,0
DA:162,0
DA:163,0
DA:164,0
DA:178,0
DA:179,0
DA:180,0
DA:181,0
DA:182,0
DA:183,0
DA:185,0
DA:186,0
DA:192,0
DA:193,0
DA:194,0
DA:197,0
DA:206,0
DA:207,0
DA:208,0
DA:210,0
DA:211,0
DA:212,0
DA:213,0
DA:215,0
DA:219,0
DA:220,0
DA:221,0
DA:222,0
DA:223,0
DA:224,0
DA:225,0
DA:228,0
DA:229,0
DA:233,0
DA:234,0
DA:235,0
DA:238,0
DA:258,0
DA:281,0
DA:282,0
DA:283,0
DA:284,0
DA:285,0
DA:286,0
DA:289,0
DA:299,0
DA:300,0
DA:301,0
DA:302,0
DA:303,0
DA:305,0
DA:306,0
DA:308,0
DA:309,0
DA:310,0
DA:312,0
DA:315,0
DA:319,0
DA:320,0
DA:329,0
DA:330,0
DA:331,0
DA:332,0
DA:334,0
DA:345,41
DA:346,41
DA:347,41
DA:348,2
DA:350,39
DA:361,0
DA:362,0
DA:363,0
DA:364,0
DA:366,0
DA:380,0
DA:381,0
DA:389,0
DA:407,0
DA:408,0
DA:415,0
DA:416,0
DA:423,0
DA:424,0
DA:431,0
DA:432,0
DA:439,0
DA:457,0
DA:458,0
DA:460,0
DA:461,0
DA:462,0
DA:463,0
DA:467,0
DA:468,0
DA:471,0
DA:473,0
DA:474,0
DA:476,0
DA:483,0
DA:488,0
DA:498,0
DA:506,0
DA:507,0
DA:519,0
DA:520,0
DA:523,0
DA:524,0
DA:526,0
DA:531,0
DA:532,0
DA:540,0
DA:547,0
DA:549,0
DA:550,0
DA:554,0
DA:555,0
DA:556,0
DA:557,0
DA:561,0
DA:566,0
DA:573,0
DA:574,0
DA:581,0
DA:582,0
DA:593,0
DA:594,0
DA:600,0
DA:612,0
DA:613,0
DA:620,0
DA:621,0
DA:628,0
DA:629,0
DA:638,0
DA:639,0
DA:649,0
DA:675,0
DA:679,0
DA:680,0
DA:682,0
DA:683,0
DA:684,0
DA:685,0
DA:693,0
DA:698,0
DA:699,0
DA:706,0
DA:707,0
DA:708,0
DA:710,0
DA:711,0
DA:712,0
DA:713,0
DA:717,0
DA:718,0
DA:721,0
DA:722,0
DA:723,0
DA:725,0
DA:733,13
DA:734,13
DA:737,13
DA:757,13
DA:762,13
DA:763,7
DA:764,6
DA:773,1
DA:778,13
DA:792,13
DA:794,13
DA:795,5
DA:796,5
DA:797,4
DA:806,1
DA:811,13
DA:812,13
DA:823,13
DA:825,11
DA:826,2
DA:827,2
DA:836,0
DA:841,2
DA:842,2
DA:848,2
DA:850,2
DA:852,2
DA:853,2
DA:854,1
DA:855,1
DA:856,1
DA:865,0
DA:869,1
DA:875,13
DA:885,0
DA:886,0
DA:894,0
DA:895,0
DA:903,0
DA:908,0
DA:910,0
DA:917,0
DA:928,0
DA:930,0
DA:948,0
DA:962,0
DA:963,0
DA:970,0
DA:974,0
DA:976,0
DA:977,0
DA:980,0
DA:987,0
DA:1001,0
DA:1002,0
DA:1004,0
DA:1005,0
DA:1006,0
DA:1007,0
DA:1008,0
DA:1010,0
DA:1011,0
DA:1015,0
DA:1016,0
DA:1019,0
DA:1021,0
DA:1022,0
DA:1029,0
DA:1030,0
DA:1041,0
DA:1043,0
DA:1051,0
DA:1067,0
DA:1068,0
DA:1075,0
DA:1080,0
DA:1087,0
DA:1088,0
DA:1095,0
DA:1136,0
DA:1137,0
DA:1139,0
DA:1140,0
DA:1141,0
DA:1142,0
DA:1143,0
DA:1145,0
DA:1146,0
DA:1150,0
DA:1151,0
DA:1154,0
DA:1156,0
DA:1157,0
DA:1159,0
DA:1166,0
DA:1167,0
DA:1178,0
DA:1180,0
DA:1191,0
DA:1217,0
DA:1218,0
DA:1225,0
DA:1230,0
DA:1237,0
DA:1243,0
DA:1250,0
DA:1251,0
DA:1258,0
DA:1260,0
DA:1267,0
DA:1277,0
DA:1288,0
DA:1290,0
DA:1296,0
DA:1307,0
DA:1308,0
DA:1315,0
DA:1329,0
DA:1336,0
DA:1350,0
DA:1357,0
DA:1358,0
DA:1359,0
DA:1361,0
DA:1362,0
DA:1363,0
DA:1364,0
DA:1368,0
DA:1369,0
DA:1372,0
DA:1374,0
DA:1380,0
DA:1387,0
DA:1388,0
DA:1395,0
DA:1396,0
DA:1397,0
DA:1408,0
DA:1410,0
DA:1418,0
DA:1431,0
DA:1434,0
DA:1436,0
DA:1443,0
DA:1449,0
DA:1456,0
DA:1463,0
DA:1470,0
DA:1475,0
DA:1477,0
DA:1478,0
DA:1479,0
DA:1482,0
DA:1484,0
DA:1493,0
DA:1494,0
DA:1495,0
DA:1498,0
DA:1503,0
DA:1505,0
DA:1509,0
DA:1510,0
DA:1511,0
DA:1512,0
DA:1513,0
DA:1514,0
DA:1518,0
DA:1519,0
DA:1520,0
DA:1521,0
DA:1522,0
DA:1524,0
DA:1528,0
DA:1529,0
DA:1531,0
DA:1544,0
DA:1557,0
DA:1558,0
DA:1560,0
DA:1569,0
DA:1591,0
DA:1592,0
DA:1593,0
DA:1594,0
DA:1595,0
DA:1597,0
DA:1598,0
DA:1602,0
DA:1609,1
LF:411
LH:45
BRDA:32,0,0,0
BRDA:32,0,1,0
BRDA:57,1,0,0
BRDA:57,1,1,0
BRDA:62,2,0,0
BRDA:62,2,1,0
BRDA:83,3,0,0
BRDA:83,3,1,0
BRDA:108,4,0,0
BRDA:108,4,1,0
BRDA:112,5,0,0
BRDA:112,5,1,0
BRDA:116,6,0,0
BRDA:116,6,1,0
BRDA:120,7,0,0
BRDA:120,7,1,0
BRDA:142,8,0,0
BRDA:142,8,1,0
BRDA:179,9,0,0
BRDA:179,9,1,0
BRDA:212,10,0,0
BRDA:212,10,1,0
BRDA:220,11,0,0
BRDA:220,11,1,0
BRDA:234,12,0,0
BRDA:234,12,1,0
BRDA:300,13,0,0
BRDA:300,13,1,0
BRDA:328,14,0,0
BRDA:331,15,0,0
BRDA:331,15,1,0
BRDA:344,16,0,0
BRDA:347,17,0,2
BRDA:347,17,1,39
BRDA:360,18,0,0
BRDA:363,19,0,0
BRDA:363,19,1,0
BRDA:392,20,0,0
BRDA:392,20,1,0
BRDA:393,21,0,0
BRDA:393,21,1,0
BRDA:394,22,0,0
BRDA:394,22,1,0
BRDA:395,23,0,0
BRDA:395,23,1,0
BRDA:398,24,0,0
BRDA:398,24,1,0
BRDA:399,25,0,0
BRDA:399,25,1,0
BRDA:400,26,0,0
BRDA:400,26,1,0
BRDA:401,27,0,0
BRDA:401,27,1,0
BRDA:402,28,0,0
BRDA:402,28,1,0
BRDA:403,29,0,0
BRDA:403,29,1,0
BRDA:404,30,0,0
BRDA:404,30,1,0
BRDA:461,31,0,0
BRDA:461,31,1,0
BRDA:467,32,0,0
BRDA:467,32,1,0
BRDA:549,33,0,0
BRDA:549,33,1,0
BRDA:555,34,0,0
BRDA:555,34,1,0
BRDA:604,35,0,0
BRDA:604,35,1,0
BRDA:605,36,0,0
BRDA:605,36,1,0
BRDA:606,37,0,0
BRDA:606,37,1,0
BRDA:607,38,0,0
BRDA:607,38,1,0
BRDA:608,39,0,0
BRDA:608,39,1,0
BRDA:609,40,0,0
BRDA:609,40,1,0
BRDA:648,41,0,0
BRDA:654,42,0,0
BRDA:654,42,1,0
BRDA:669,43,0,0
BRDA:669,43,1,0
BRDA:675,44,0,0
BRDA:675,44,1,0
BRDA:711,45,0,0
BRDA:711,45,1,0
BRDA:717,46,0,0
BRDA:717,46,1,0
BRDA:763,47,0,6
BRDA:763,47,1,1
BRDA:795,48,0,5
BRDA:795,48,1,2
BRDA:795,48,2,1
BRDA:796,49,0,4
BRDA:796,49,1,1
BRDA:826,50,0,2
BRDA:826,50,1,0
BRDA:853,51,0,2
BRDA:853,51,1,0
BRDA:854,52,0,1
BRDA:854,52,1,0
BRDA:855,53,0,1
BRDA:855,53,1,0
BRDA:901,54,0,0
BRDA:908,55,0,0
BRDA:908,55,1,0
BRDA:911,56,0,0
BRDA:911,56,1,0
BRDA:953,57,0,0
BRDA:953,57,1,0
BRDA:954,58,0,0
BRDA:954,58,1,0
BRDA:955,59,0,0
BRDA:955,59,1,0
BRDA:956,60,0,0
BRDA:956,60,1,0
BRDA:957,61,0,0
BRDA:957,61,1,0
BRDA:958,62,0,0
BRDA:958,62,1,0
BRDA:959,63,0,0
BRDA:959,63,1,0
BRDA:976,64,0,0
BRDA:976,64,1,0
BRDA:976,65,0,0
BRDA:976,65,1,0
BRDA:1005,66,0,0
BRDA:1005,66,1,0
BRDA:1007,67,0,0
BRDA:1007,67,1,0
BRDA:1007,68,0,0
BRDA:1007,68,1,0
BRDA:1015,69,0,0
BRDA:1015,69,1,0
BRDA:1055,70,0,0
BRDA:1055,70,1,0
BRDA:1056,71,0,0
BRDA:1056,71,1,0
BRDA:1057,72,0,0
BRDA:1057,72,1,0
BRDA:1058,73,0,0
BRDA:1058,73,1,0
BRDA:1059,74,0,0
BRDA:1059,74,1,0
BRDA:1062,75,0,0
BRDA:1062,75,1,0
BRDA:1063,76,0,0
BRDA:1063,76,1,0
BRDA:1064,77,0,0
BRDA:1064,77,1,0
BRDA:1140,78,0,0
BRDA:1140,78,1,0
BRDA:1142,79,0,0
BRDA:1142,79,1,0
BRDA:1142,80,0,0
BRDA:1142,80,1,0
BRDA:1150,81,0,0
BRDA:1150,81,1,0
BRDA:1194,82,0,0
BRDA:1194,82,1,0
BRDA:1195,83,0,0
BRDA:1195,83,1,0
BRDA:1196,84,0,0
BRDA:1196,84,1,0
BRDA:1197,85,0,0
BRDA:1197,85,1,0
BRDA:1198,86,0,0
BRDA:1198,86,1,0
BRDA:1199,87,0,0
BRDA:1199,87,1,0
BRDA:1200,88,0,0
BRDA:1200,88,1,0
BRDA:1201,89,0,0
BRDA:1201,89,1,0
BRDA:1202,90,0,0
BRDA:1202,90,1,0
BRDA:1203,91,0,0
BRDA:1203,91,1,0
BRDA:1204,92,0,0
BRDA:1204,92,1,0
BRDA:1205,93,0,0
BRDA:1205,93,1,0
BRDA:1206,94,0,0
BRDA:1206,94,1,0
BRDA:1207,95,0,0
BRDA:1207,95,1,0
BRDA:1208,96,0,0
BRDA:1208,96,1,0
BRDA:1209,97,0,0
BRDA:1209,97,1,0
BRDA:1210,98,0,0
BRDA:1210,98,1,0
BRDA:1211,99,0,0
BRDA:1211,99,1,0
BRDA:1212,100,0,0
BRDA:1212,100,1,0
BRDA:1213,101,0,0
BRDA:1213,101,1,0
BRDA:1214,102,0,0
BRDA:1214,102,1,0
BRDA:1236,103,0,0
BRDA:1272,104,0,0
BRDA:1272,104,1,0
BRDA:1274,105,0,0
BRDA:1274,105,1,0
BRDA:1300,106,0,0
BRDA:1300,106,1,0
BRDA:1301,107,0,0
BRDA:1301,107,1,0
BRDA:1302,108,0,0
BRDA:1302,108,1,0
BRDA:1303,109,0,0
BRDA:1303,109,1,0
BRDA:1304,110,0,0
BRDA:1304,110,1,0
BRDA:1362,111,0,0
BRDA:1362,111,1,0
BRDA:1368,112,0,0
BRDA:1368,112,1,0
BRDA:1423,113,0,0
BRDA:1423,113,1,0
BRDA:1424,114,0,0
BRDA:1424,114,1,0
BRDA:1425,115,0,0
BRDA:1425,115,1,0
BRDA:1427,116,0,0
BRDA:1427,116,1,0
BRDA:1428,117,0,0
BRDA:1428,117,1,0
BRDA:1455,118,0,0
BRDA:1469,119,0,0
BRDA:1477,120,0,0
BRDA:1477,120,1,0
BRDA:1503,121,0,0
BRDA:1503,121,1,0
BRDA:1509,122,0,0
BRDA:1509,122,1,0
BRDA:1511,123,0,0
BRDA:1511,123,1,0
BRDA:1513,124,0,0
BRDA:1513,124,1,0
BRDA:1518,125,0,0
BRDA:1518,125,1,0
BRDA:1519,126,0,0
BRDA:1519,126,1,0
BRDA:1521,127,0,0
BRDA:1521,127,1,0
BRDA:1528,128,0,0
BRDA:1528,128,1,0
BRDA:1546,129,0,0
BRDA:1546,129,1,0
BRDA:1547,130,0,0
BRDA:1547,130,1,0
BRDA:1548,131,0,0
BRDA:1548,131,1,0
BRDA:1550,132,0,0
BRDA:1550,132,1,0
BRDA:1551,133,0,0
BRDA:1551,133,1,0
BRDA:1552,134,0,0
BRDA:1552,134,1,0
BRDA:1558,135,0,0
BRDA:1558,135,1,0
BRDA:1574,136,0,0
BRDA:1574,136,1,0
BRDA:1575,137,0,0
BRDA:1575,137,1,0
BRDA:1576,138,0,0
BRDA:1576,138,1,0
BRDA:1578,139,0,0
BRDA:1578,139,1,0
BRDA:1579,140,0,0
BRDA:1579,140,1,0
BRDA:1579,141,0,0
BRDA:1579,141,1,0
BRDA:1580,142,0,0
BRDA:1580,142,1,0
BRDA:1592,143,0,0
BRDA:1592,143,1,0
BRDA:1594,144,0,0
BRDA:1594,144,1,0
BRF:283
BRH:13
end_of_record
TN:
SF:electron/services/enhancedExportService.js
FN:16,(anonymous_0)
FN:29,(anonymous_1)
FN:63,(anonymous_2)
FN:101,(anonymous_3)
FN:109,(anonymous_4)
FN:121,(anonymous_5)
FN:127,(anonymous_6)
FN:131,(anonymous_7)
FN:143,(anonymous_8)
FN:153,(anonymous_9)
FN:160,(anonymous_10)
FN:173,(anonymous_11)
FN:182,(anonymous_12)
FN:199,(anonymous_13)
FN:209,(anonymous_14)
FN:216,(anonymous_15)
FN:238,(anonymous_16)
FN:256,(anonymous_17)
FN:276,(anonymous_18)
FN:303,(anonymous_19)
FN:304,(anonymous_20)
FN:304,(anonymous_21)
FN:318,(anonymous_22)
FN:340,(anonymous_23)
FN:370,(anonymous_24)
FN:385,(anonymous_25)
FN:396,(anonymous_26)
FN:417,(anonymous_27)
FN:446,(anonymous_28)
FN:465,(anonymous_29)
FN:507,(anonymous_30)
FN:512,(anonymous_31)
FN:527,(anonymous_32)
FNF:33
FNH:1
FNDA:1,(anonymous_0)
FNDA:0,(anonymous_1)
FNDA:0,(anonymous_2)
FNDA:0,(anonymous_3)
FNDA:0,(anonymous_4)
FNDA:0,(anonymous_5)
FNDA:0,(anonymous_6)
FNDA:0,(anonymous_7)
FNDA:0,(anonymous_8)
FNDA:0,(anonymous_9)
FNDA:0,(anonymous_10)
FNDA:0,(anonymous_11)
FNDA:0,(anonymous_12)
FNDA:0,(anonymous_13)
FNDA:0,(anonymous_14)
FNDA:0,(anonymous_15)
FNDA:0,(anonymous_16)
FNDA:0,(anonymous_17)
FNDA:0,(anonymous_18)
FNDA:0,(anonymous_19)
FNDA:0,(anonymous_20)
FNDA:0,(anonymous_21)
FNDA:0,(anonymous_22)
FNDA:0,(anonymous_23)
FNDA:0,(anonymous_24)
FNDA:0,(anonymous_25)
FNDA:0,(anonymous_26)
FNDA:0,(anonymous_27)
FNDA:0,(anonymous_28)
FNDA:0,(anonymous_29)
FNDA:0,(anonymous_30)
FNDA:0,(anonymous_31)
FNDA:0,(anonymous_32)
DA:1,1
DA:2,1
DA:3,1
DA:4,1
DA:35,0
DA:37,0
DA:38,0
DA:46,0
DA:54,0
DA:60,0
DA:63,0
DA:65,0
DA:71,0
DA:73,0
DA:74,0
DA:77,0
DA:78,0
DA:80,0
DA:81,0
DA:83,0
DA:84,0
DA:86,0
DA:89,0
DA:90,0
DA:92,0
DA:93,0
DA:102,0
DA:103,0
DA:106,0
DA:107,0
DA:109,0
DA:110,0
DA:111,0
DA:112,0
DA:113,0
DA:122,0
DA:123,0
DA:126,0
DA:127,0
DA:130,0
DA:131,0
DA:134,0
DA:144,0
DA:145,0
DA:146,0
DA:150,0
DA:151,0
DA:153,0
DA:155,0
DA:156,0
DA:157,0
DA:160,0
DA:161,0
DA:162,0
DA:165,0
DA:166,0
DA:171,0
DA:172,0
DA:173,0
DA:174,0
DA:178,0
DA:179,0
DA:182,0
DA:183,0
DA:188,0
DA:191,0
DA:200,0
DA:210,0
DA:213,0
DA:216,0
DA:219,0
DA:222,0
DA:223,0
DA:227,0
DA:228,0
DA:231,0
DA:239,0
DA:240,0
DA:243,0
DA:245,0
DA:257,0
DA:258,0
DA:259,0
DA:262,0
DA:265,0
DA:276,0
DA:288,0
DA:303,0
DA:304,0
DA:307,0
DA:309,0
DA:311,0
DA:319,0
DA:320,0
DA:323,0
DA:325,0
DA:340,0
DA:360,0
DA:362,0
DA:371,0
DA:372,0
DA:375,0
DA:378,0
DA:379,0
DA:380,0
DA:381,0
DA:382,0
DA:385,0
DA:386,0
DA:387,0
DA:388,0
DA:389,0
DA:392,0
DA:396,0
DA:397,0
DA:398,0
DA:399,0
DA:400,0
DA:403,0
DA:407,0
DA:408,0
DA:410,0
DA:418,0
DA:420,0
DA:421,0
DA:422,0
DA:423,0
DA:424,0
DA:425,0
DA:430,0
DA:431,0
DA:435,0
DA:436,0
DA:437,0
DA:439,0
DA:447,0
DA:449,0
DA:450,0
DA:451,0
DA:452,0
DA:455,0
DA:456,0
DA:458,0
DA:466,0
DA:468,0
DA:469,0
DA:470,0
DA:471,0
DA:472,0
DA:473,0
DA:476,0
DA:477,0
DA:478,0
DA:485,0
DA:492,0
DA:493,0
DA:503,0
DA:504,0
DA:505,0
DA:507,0
DA:510,0
DA:512,0
DA:515,0
DA:516,0
DA:517,0
DA:518,0
DA:520,0
DA:528,0
DA:535,1
LF:169
LH:5
BRDA:29,0,0,0
BRDA:31,1,0,0
BRDA:32,2,0,0
BRDA:71,3,0,0
BRDA:71,3,1,0
BRDA:71,3,2,0
BRDA:71,3,3,0
BRDA:71,3,4,0
BRDA:71,3,5,0
BRDA:102,4,0,0
BRDA:102,4,1,0
BRDA:102,5,0,0
BRDA:102,5,1,0
BRDA:106,6,0,0
BRDA:106,6,1,0
BRDA:107,7,0,0
BRDA:107,7,1,0
BRDA:111,8,0,0
BRDA:111,8,1,0
BRDA:111,9,0,0
BRDA:111,9,1,0
BRDA:112,10,0,0
BRDA:112,10,1,0
BRDA:112,11,0,0
BRDA:112,11,1,0
BRDA:122,12,0,0
BRDA:122,12,1,0
BRDA:126,13,0,0
BRDA:126,13,1,0
BRDA:130,14,0,0
BRDA:130,14,1,0
BRDA:144,15,0,0
BRDA:144,15,1,0
BRDA:155,16,0,0
BRDA:155,16,1,0
BRDA:156,17,0,0
BRDA:156,17,1,0
BRDA:156,17,2,0
BRDA:161,18,0,0
BRDA:161,18,1,0
BRDA:165,19,0,0
BRDA:165,19,1,0
BRDA:171,20,0,0
BRDA:171,20,1,0
BRDA:173,21,0,0
BRDA:173,21,1,0
BRDA:173,22,0,0
BRDA:173,22,1,0
BRDA:178,23,0,0
BRDA:178,23,1,0
BRDA:179,24,0,0
BRDA:179,24,1,0
BRDA:182,25,0,0
BRDA:182,25,1,0
BRDA:182,26,0,0
BRDA:182,26,1,0
BRDA:258,27,0,0
BRDA:258,27,1,0
BRDA:278,28,0,0
BRDA:278,28,1,0
BRDA:279,29,0,0
BRDA:279,29,1,0
BRDA:280,30,0,0
BRDA:280,30,1,0
BRDA:281,31,0,0
BRDA:281,31,1,0
BRDA:282,32,0,0
BRDA:282,32,1,0
BRDA:283,33,0,0
BRDA:283,33,1,0
BRDA:284,34,0,0
BRDA:284,34,1,0
BRDA:292,35,0,0
BRDA:292,35,1,0
BRDA:297,36,0,0
BRDA:297,36,1,0
BRDA:390,37,0,0
BRDA:390,37,1,0
BRDA:420,38,0,0
BRDA:420,38,1,0
BRDA:421,39,0,0
BRDA:421,39,1,0
BRDA:422,40,0,0
BRDA:422,40,1,0
BRDA:423,41,0,0
BRDA:423,41,1,0
BRDA:424,42,0,0
BRDA:424,42,1,0
BRDA:427,43,0,0
BRDA:427,43,1,0
BRDA:430,44,0,0
BRDA:430,44,1,0
BRDA:432,45,0,0
BRDA:432,45,1,0
BRDA:437,46,0,0
BRDA:437,46,1,0
BRDA:437,46,2,0
BRDA:450,47,0,0
BRDA:450,47,1,0
BRDA:451,48,0,0
BRDA:451,48,1,0
BRDA:453,49,0,0
BRDA:453,49,1,0
BRDA:456,50,0,0
BRDA:456,50,1,0
BRDA:456,50,2,0
BRDA:474,51,0,0
BRDA:474,51,1,0
BRDA:476,52,0,0
BRDA:476,52,1,0
BRDA:480,53,0,0
BRDA:480,53,1,0
BRDA:487,54,0,0
BRDA:487,54,1,0
BRDA:495,55,0,0
BRDA:495,55,1,0
BRF:116
BRH:0
end_of_record
TN:
SF:electron/services/feedbackLearningService.js
FN:9,(anonymous_0)
FN:19,(anonymous_1)
FN:74,(anonymous_2)
FN:101,(anonymous_3)
FN:102,(anonymous_4)
FN:125,(anonymous_5)
FN:126,(anonymous_6)
FN:146,(anonymous_7)
FN:147,(anonymous_8)
FN:163,(anonymous_9)
FN:189,(anonymous_10)
FN:190,(anonymous_11)
FN:202,(anonymous_12)
FN:203,(anonymous_13)
FN:220,(anonymous_14)
FN:221,(anonymous_15)
FN:246,(anonymous_16)
FN:247,(anonymous_17)
FN:266,(anonymous_18)
FN:331,(anonymous_19)
FN:347,(anonymous_20)
FN:353,(anonymous_21)
FN:354,(anonymous_22)
FN:355,(anonymous_23)
FNF:24
FNH:0
FNDA:0,(anonymous_0)
FNDA:0,(anonymous_1)
FNDA:0,(anonymous_2)
FNDA:0,(anonymous_3)
FNDA:0,(anonymous_4)
FNDA:0,(anonymous_5)
FNDA:0,(anonymous_6)
FNDA:0,(anonymous_7)
FNDA:0,(anonymous_8)
FNDA:0,(anonymous_9)
FNDA:0,(anonymous_10)
FNDA:0,(anonymous_11)
FNDA:0,(anonymous_12)
FNDA:0,(anonymous_13)
FNDA:0,(anonymous_14)
FNDA:0,(anonymous_15)
FNDA:0,(anonymous_16)
FNDA:0,(anonymous_17)
FNDA:0,(anonymous_18)
FNDA:0,(anonymous_19)
FNDA:0,(anonymous_20)
FNDA:0,(anonymous_21)
FNDA:0,(anonymous_22)
FNDA:0,(anonymous_23)
DA:6,0
DA:10,0
DA:21,0
DA:22,0
DA:23,0
DA:26,0
DA:28,0
DA:30,0
DA:31,0
DA:34,0
DA:37,0
DA:38,0
DA:39,0
DA:43,0
DA:44,0
DA:47,0
DA:48,0
DA:51,0
DA:52,0
DA:53,0
DA:57,0
DA:59,0
DA:61,0
DA:62,0
DA:76,0
DA:77,0
DA:80,0
DA:82,0
DA:83,0
DA:87,0
DA:88,0
DA:89,0
DA:90,0
DA:94,0
DA:102,0
DA:104,0
DA:106,0
DA:108,0
DA:109,0
DA:110,0
DA:111,0
DA:113,0
DA:115,0
DA:116,0
DA:118,0
DA:122,0
DA:125,0
DA:126,0
DA:127,0
DA:130,0
DA:131,0
DA:139,0
DA:147,0
DA:149,0
DA:152,0
DA:154,0
DA:155,0
DA:156,0
DA:160,0
DA:161,0
DA:163,0
DA:164,0
DA:165,0
DA:166,0
DA:171,0
DA:172,0
DA:173,0
DA:182,0
DA:190,0
DA:192,0
DA:195,0
DA:197,0
DA:198,0
DA:201,0
DA:202,0
DA:203,0
DA:205,0
DA:206,0
DA:213,0
DA:221,0
DA:223,0
DA:225,0
DA:227,0
DA:228,0
DA:229,0
DA:230,0
DA:232,0
DA:234,0
DA:235,0
DA:237,0
DA:239,0
DA:243,0
DA:246,0
DA:247,0
DA:248,0
DA:250,0
DA:251,0
DA:259,0
DA:267,0
DA:268,0
DA:270,0
DA:271,0
DA:273,0
DA:274,0
DA:276,0
DA:284,0
DA:285,0
DA:291,0
DA:295,0
DA:296,0
DA:303,0
DA:307,0
DA:308,0
DA:310,0
DA:312,0
DA:320,0
DA:323,0
DA:324,0
DA:332,0
DA:333,0
DA:336,0
DA:337,0
DA:338,0
DA:348,0
DA:349,0
DA:351,0
DA:353,0
DA:354,0
DA:355,0
DA:360,0
DA:364,0
LF:131
LH:0
BRDA:22,0,0,0
BRDA:22,0,1,0
BRDA:30,1,0,0
BRDA:30,1,1,0
BRDA:37,2,0,0
BRDA:37,2,1,0
BRDA:39,3,0,0
BRDA:39,3,1,0
BRDA:44,4,0,0
BRDA:44,4,1,0
BRDA:48,5,0,0
BRDA:48,5,1,0
BRDA:51,6,0,0
BRDA:51,6,1,0
BRDA:51,7,0,0
BRDA:51,7,1,0
BRDA:51,7,2,0
BRDA:53,8,0,0
BRDA:53,8,1,0
BRDA:76,9,0,0
BRDA:76,9,1,0
BRDA:76,10,0,0
BRDA:76,10,1,0
BRDA:82,11,0,0
BRDA:82,11,1,0
BRDA:89,12,0,0
BRDA:89,12,1,0
BRDA:104,13,0,0
BRDA:104,13,1,0
BRDA:113,14,0,0
BRDA:113,14,1,0
BRDA:113,15,0,0
BRDA:113,15,1,0
BRDA:122,16,0,0
BRDA:122,16,1,0
BRDA:130,17,0,0
BRDA:130,17,1,0
BRDA:130,18,0,0
BRDA:130,18,1,0
BRDA:149,19,0,0
BRDA:149,19,1,0
BRDA:156,20,0,0
BRDA:156,20,1,0
BRDA:164,21,0,0
BRDA:164,21,1,0
BRDA:171,22,0,0
BRDA:171,22,1,0
BRDA:171,23,0,0
BRDA:171,23,1,0
BRDA:192,24,0,0
BRDA:192,24,1,0
BRDA:198,25,0,0
BRDA:198,25,1,0
BRDA:205,26,0,0
BRDA:205,26,1,0
BRDA:223,27,0,0
BRDA:223,27,1,0
BRDA:232,28,0,0
BRDA:232,28,1,0
BRDA:232,29,0,0
BRDA:232,29,1,0
BRDA:243,30,0,0
BRDA:243,30,1,0
BRDA:250,31,0,0
BRDA:250,31,1,0
BRDA:250,32,0,0
BRDA:250,32,1,0
BRDA:268,33,0,0
BRDA:268,33,1,0
BRDA:268,33,2,0
BRDA:268,33,3,0
BRDA:268,33,4,0
BRDA:271,34,0,0
BRDA:271,34,1,0
BRDA:278,35,0,0
BRDA:278,35,1,0
BRDA:284,36,0,0
BRDA:284,36,1,0
BRDA:295,37,0,0
BRDA:295,37,1,0
BRDA:308,38,0,0
BRDA:308,38,1,0
BRDA:314,39,0,0
BRDA:314,39,1,0
BRDA:331,40,0,0
BRDA:332,41,0,0
BRDA:332,41,1,0
BRDA:337,42,0,0
BRDA:337,42,1,0
BRF:89
BRH:0
end_of_record
TN:
SF:electron/services/gmailFetchService.js
FN:10,(anonymous_0)
FN:19,(anonymous_1)
FN:48,(anonymous_2)
FN:87,(anonymous_3)
FN:120,(anonymous_4)
FN:135,(anonymous_5)
FN:155,(anonymous_6)
FN:157,(anonymous_7)
FN:158,(anonymous_8)
FN:166,(anonymous_9)
FN:192,(anonymous_10)
FN:236,(anonymous_11)
FN:255,(anonymous_12)
FNF:13
FNH:0
FNDA:0,(anonymous_0)
FNDA:0,(anonymous_1)
FNDA:0,(anonymous_2)
FNDA:0,(anonymous_3)
FNDA:0,(anonymous_4)
FNDA:0,(anonymous_5)
FNDA:0,(anonymous_6)
FNDA:0,(anonymous_7)
FNDA:0,(anonymous_8)
FNDA:0,(anonymous_9)
FNDA:0,(anonymous_10)
FNDA:0,(anonymous_11)
FNDA:0,(anonymous_12)
DA:1,0
DA:2,0
DA:3,0
DA:11,0
DA:12,0
DA:20,0
DA:22,0
DA:24,0
DA:25,0
DA:29,0
DA:30,0
DA:35,0
DA:42,0
DA:48,0
DA:49,0
DA:50,0
DA:52,0
DA:53,0
DA:57,0
DA:59,0
DA:60,0
DA:68,0
DA:70,0
DA:71,0
DA:73,0
DA:74,0
DA:88,0
DA:89,0
DA:90,0
DA:94,0
DA:96,0
DA:97,0
DA:98,0
DA:101,0
DA:102,0
DA:103,0
DA:106,0
DA:109,0
DA:115,0
DA:116,0
DA:119,0
DA:120,0
DA:123,0
DA:125,0
DA:126,0
DA:136,0
DA:137,0
DA:143,0
DA:144,0
DA:146,0
DA:147,0
DA:156,0
DA:157,0
DA:158,0
DA:159,0
DA:163,0
DA:164,0
DA:166,0
DA:167,0
DA:168,0
DA:169,0
DA:170,0
DA:173,0
DA:174,0
DA:178,0
DA:179,0
DA:180,0
DA:182,0
DA:183,0
DA:184,0
DA:186,0
DA:191,0
DA:192,0
DA:193,0
DA:194,0
DA:201,0
DA:202,0
DA:206,0
DA:207,0
DA:210,0
DA:237,0
DA:238,0
DA:244,0
DA:246,0
DA:247,0
DA:256,0
DA:257,0
DA:261,0
DA:263,0
DA:264,0
DA:269,0
LF:91
LH:0
BRDA:24,0,0,0
BRDA:24,0,1,0
BRDA:30,1,0,0
BRDA:30,1,1,0
BRDA:50,2,0,0
BRDA:50,2,1,0
BRDA:57,3,0,0
BRDA:57,3,1,0
BRDA:87,4,0,0
BRDA:87,5,0,0
BRDA:87,6,0,0
BRDA:87,7,0,0
BRDA:87,8,0,0
BRDA:89,9,0,0
BRDA:89,9,1,0
BRDA:96,10,0,0
BRDA:96,10,1,0
BRDA:101,11,0,0
BRDA:101,11,1,0
BRDA:115,12,0,0
BRDA:115,12,1,0
BRDA:159,13,0,0
BRDA:159,13,1,0
BRDA:167,14,0,0
BRDA:167,14,1,0
BRDA:167,15,0,0
BRDA:167,15,1,0
BRDA:169,16,0,0
BRDA:169,16,1,0
BRDA:169,17,0,0
BRDA:169,17,1,0
BRDA:173,18,0,0
BRDA:173,18,1,0
BRDA:178,19,0,0
BRDA:178,19,1,0
BRDA:180,20,0,0
BRDA:180,20,1,0
BRDA:183,21,0,0
BRDA:183,21,1,0
BRDA:193,22,0,0
BRDA:193,22,1,0
BRDA:193,23,0,0
BRDA:193,23,1,0
BRDA:201,24,0,0
BRDA:201,24,1,0
BRDA:206,25,0,0
BRDA:206,25,1,0
BRDA:220,26,0,0
BRDA:220,26,1,0
BRDA:225,27,0,0
BRDA:225,27,1,0
BRF:51
BRH:0
end_of_record
TN:
SF:electron/services/googleAuthService.js
FN:13,(anonymous_0)
FN:23,(anonymous_1)
FN:52,(anonymous_2)
FN:62,(anonymous_3)
FN:63,(anonymous_4)
FN:64,(anonymous_5)
FN:168,(anonymous_6)
FN:172,(anonymous_7)
FN:181,(anonymous_8)
FN:195,(anonymous_9)
FN:236,(anonymous_10)
FN:274,(anonymous_11)
FN:319,(anonymous_12)
FN:355,(anonymous_13)
FN:385,(anonymous_14)
FN:405,(anonymous_15)
FNF:16
FNH:0
FNDA:0,(anonymous_0)
FNDA:0,(anonymous_1)
FNDA:0,(anonymous_2)
FNDA:0,(anonymous_3)
FNDA:0,(anonymous_4)
FNDA:0,(anonymous_5)
FNDA:0,(anonymous_6)
FNDA:0,(anonymous_7)
FNDA:0,(anonymous_8)
FNDA:0,(anonymous_9)
FNDA:0,(anonymous_10)
FNDA:0,(anonymous_11)
FNDA:0,(anonymous_12)
FNDA:0,(anonymous_13)
FNDA:0,(anonymous_14)
FNDA:0,(anonymous_15)
DA:7,0
DA:8,0
DA:9,0
DA:10,0
DA:14,0
DA:15,0
DA:16,0
DA:17,0
DA:24,0
DA:25,0
DA:28,0
DA:29,0
DA:31,0
DA:32,0
DA:33,0
DA:36,0
DA:38,0
DA:44,0
DA:45,0
DA:53,0
DA:54,0
DA:63,0
DA:64,0
DA:65,0
DA:67,0
DA:68,0
DA:69,0
DA:71,0
DA:72,0
DA:73,0
DA:95,0
DA:96,0
DA:97,0
DA:98,0
DA:99,0
DA:150,0
DA:151,0
DA:153,0
DA:154,0
DA:168,0
DA:169,0
DA:172,0
DA:173,0
DA:182,0
DA:183,0
DA:184,0
DA:185,0
DA:196,0
DA:198,0
DA:204,0
DA:205,0
DA:208,0
DA:211,0
DA:217,0
DA:219,0
DA:225,0
DA:226,0
DA:227,0
DA:237,0
DA:239,0
DA:240,0
DA:242,0
DA:243,0
DA:245,0
DA:248,0
DA:250,0
DA:262,0
DA:263,0
DA:275,0
DA:277,0
DA:281,0
DA:282,0
DA:285,0
DA:288,0
DA:294,0
DA:295,0
DA:298,0
DA:300,0
DA:302,0
DA:308,0
DA:309,0
DA:310,0
DA:320,0
DA:322,0
DA:323,0
DA:326,0
DA:327,0
DA:330,0
DA:332,0
DA:334,0
DA:345,0
DA:346,0
DA:356,0
DA:358,0
DA:359,0
DA:361,0
DA:365,0
DA:367,0
DA:369,0
DA:376,0
DA:377,0
DA:386,0
DA:388,0
DA:389,0
DA:391,0
DA:393,0
DA:395,0
DA:396,0
DA:406,0
DA:407,0
DA:410,0
DA:412,0
DA:413,0
DA:415,0
DA:421,0
LF:115
LH:0
BRDA:24,0,0,0
BRDA:24,0,1,0
BRDA:31,1,0,0
BRDA:31,1,1,0
BRDA:31,2,0,0
BRDA:31,2,1,0
BRDA:53,3,0,0
BRDA:53,3,1,0
BRDA:67,4,0,0
BRDA:67,4,1,0
BRDA:71,5,0,0
BRDA:71,5,1,0
BRDA:89,6,0,0
BRDA:89,6,1,0
BRDA:96,7,0,0
BRDA:96,7,1,0
BRDA:97,8,0,0
BRDA:97,8,1,0
BRDA:182,9,0,0
BRDA:182,9,1,0
BRDA:254,10,0,0
BRDA:254,10,1,0
BRDA:257,11,0,0
BRDA:257,11,1,0
BRDA:294,12,0,0
BRDA:294,12,1,0
BRDA:326,13,0,0
BRDA:326,13,1,0
BRDA:371,14,0,0
BRDA:371,14,1,0
BRDA:406,15,0,0
BRDA:406,15,1,0
BRF:32
BRH:0
end_of_record
TN:
SF:electron/services/macOSPermissionHelper.js
FN:17,(anonymous_0)
FN:56,(anonymous_1)
FN:69,(anonymous_2)
FN:110,(anonymous_3)
FN:134,(anonymous_4)
FN:156,(anonymous_5)
FN:174,(anonymous_6)
FN:189,(anonymous_7)
FNF:8
FNH:0
FNDA:0,(anonymous_0)
FNDA:0,(anonymous_1)
FNDA:0,(anonymous_2)
FNDA:0,(anonymous_3)
FNDA:0,(anonymous_4)
FNDA:0,(anonymous_5)
FNDA:0,(anonymous_6)
FNDA:0,(anonymous_7)
DA:1,0
DA:2,0
DA:3,0
DA:4,0
DA:5,0
DA:18,0
DA:20,0
DA:26,0
DA:34,0
DA:36,0
DA:41,0
DA:42,0
DA:57,0
DA:58,0
DA:59,0
DA:63,0
DA:65,0
DA:66,0
DA:69,0
DA:73,0
DA:76,0
DA:85,0
DA:86,0
DA:88,0
DA:91,0
DA:98,0
DA:99,0
DA:111,0
DA:118,0
DA:119,0
DA:121,0
DA:122,0
DA:123,0
DA:125,0
DA:126,0
DA:135,0
DA:136,0
DA:138,0
DA:139,0
DA:140,0
DA:145,0
DA:157,0
DA:159,0
DA:160,0
DA:166,0
DA:175,0
DA:177,0
DA:183,0
DA:185,0
DA:186,0
DA:189,0
DA:192,0
DA:193,0
DA:196,0
DA:201,0
DA:203,0
DA:205,0
DA:206,0
DA:215,0
LF:59
LH:0
BRDA:110,0,0,0
BRDA:118,1,0,0
BRDA:118,1,1,0
BRDA:159,2,0,0
BRDA:159,2,1,0
BRDA:201,3,0,0
BRDA:201,3,1,0
BRF:7
BRH:0
end_of_record
TN:
SF:electron/services/messagesService.js
FN:18,openMessagesDatabase
FN:31,getAllConversations
FN:66,getGroupChatParticipants
FN:93,isGroupChat
FN:105,getMessagesForContact
FN:115,(anonymous_5)
FN:130,(anonymous_6)
FN:178,getMessagesForChat
FN:209,getRecentChats
FNF:9
FNH:0
FNDA:0,openMessagesDatabase
FNDA:0,getAllConversations
FNDA:0,getGroupChatParticipants
FNDA:0,isGroupChat
FNDA:0,getMessagesForContact
FNDA:0,(anonymous_5)
FNDA:0,(anonymous_6)
FNDA:0,getMessagesForChat
FNDA:0,getRecentChats
DA:6,0
DA:7,0
DA:8,0
DA:9,0
DA:10,0
DA:11,0
DA:12,0
DA:19,0
DA:20,0
DA:21,0
DA:22,0
DA:24,0
DA:32,0
DA:34,0
DA:35,0
DA:53,0
DA:54,0
DA:56,0
DA:57,0
DA:67,0
DA:69,0
DA:70,0
DA:77,0
DA:78,0
DA:80,0
DA:81,0
DA:94,0
DA:106,0
DA:108,0
DA:110,0
DA:111,0
DA:114,0
DA:115,0
DA:116,0
DA:117,0
DA:120,0
DA:121,0
DA:122,0
DA:123,0
DA:129,0
DA:130,0
DA:131,0
DA:132,0
DA:137,0
DA:138,0
DA:139,0
DA:142,0
DA:145,0
DA:164,0
DA:165,0
DA:167,0
DA:168,0
DA:179,0
DA:181,0
DA:182,0
DA:197,0
DA:198,0
DA:200,0
DA:201,0
DA:210,0
DA:211,0
DA:213,0
DA:214,0
DA:228,0
DA:229,0
DA:231,0
DA:232,0
DA:236,0
LF:68
LH:0
BRDA:94,0,0,0
BRDA:94,0,1,0
BRDA:94,0,2,0
BRDA:114,1,0,0
BRDA:114,1,1,0
BRDA:114,2,0,0
BRDA:114,2,1,0
BRDA:121,3,0,0
BRDA:121,3,1,0
BRDA:129,4,0,0
BRDA:129,4,1,0
BRDA:129,5,0,0
BRDA:129,5,1,0
BRDA:137,6,0,0
BRDA:137,6,1,0
BRF:15
BRH:0
end_of_record
TN:
SF:electron/services/microsoftAuthService.js
FN:12,(anonymous_0)
FN:30,(anonymous_1)
FN:31,(anonymous_2)
FN:32,(anonymous_3)
FN:136,(anonymous_4)
FN:140,(anonymous_5)
FN:149,(anonymous_6)
FN:162,(anonymous_7)
FN:206,(anonymous_8)
FN:252,(anonymous_9)
FN:280,(anonymous_10)
FN:308,(anonymous_11)
FN:333,(anonymous_12)
FN:345,(anonymous_13)
FNF:14
FNH:0
FNDA:0,(anonymous_0)
FNDA:0,(anonymous_1)
FNDA:0,(anonymous_2)
FNDA:0,(anonymous_3)
FNDA:0,(anonymous_4)
FNDA:0,(anonymous_5)
FNDA:0,(anonymous_6)
FNDA:0,(anonymous_7)
FNDA:0,(anonymous_8)
FNDA:0,(anonymous_9)
FNDA:0,(anonymous_10)
FNDA:0,(anonymous_11)
FNDA:0,(anonymous_12)
FNDA:0,(anonymous_13)
DA:1,0
DA:2,0
DA:3,0
DA:4,0
DA:13,0
DA:16,0
DA:17,0
DA:20,0
DA:21,0
DA:23,0
DA:31,0
DA:32,0
DA:33,0
DA:35,0
DA:36,0
DA:37,0
DA:39,0
DA:40,0
DA:41,0
DA:63,0
DA:64,0
DA:65,0
DA:66,0
DA:67,0
DA:118,0
DA:119,0
DA:121,0
DA:122,0
DA:136,0
DA:137,0
DA:140,0
DA:141,0
DA:150,0
DA:151,0
DA:152,0
DA:153,0
DA:163,0
DA:172,0
DA:173,0
DA:176,0
DA:187,0
DA:190,0
DA:192,0
DA:207,0
DA:217,0
DA:218,0
DA:220,0
DA:231,0
DA:232,0
DA:235,0
DA:236,0
DA:238,0
DA:253,0
DA:254,0
DA:262,0
DA:268,0
DA:270,0
DA:271,0
DA:281,0
DA:282,0
DA:288,0
DA:290,0
DA:298,0
DA:299,0
DA:309,0
DA:310,0
DA:316,0
DA:322,0
DA:324,0
DA:325,0
DA:336,0
DA:337,0
DA:346,0
DA:347,0
DA:353,0
DA:359,0
DA:360,0
DA:366,0
LF:78
LH:0
BRDA:16,0,0,0
BRDA:16,0,1,0
BRDA:35,1,0,0
BRDA:35,1,1,0
BRDA:39,2,0,0
BRDA:39,2,1,0
BRDA:57,3,0,0
BRDA:57,3,1,0
BRDA:64,4,0,0
BRDA:64,4,1,0
BRDA:65,5,0,0
BRDA:65,5,1,0
BRDA:150,6,0,0
BRDA:150,6,1,0
BRDA:231,7,0,0
BRDA:231,7,1,0
BRDA:270,8,0,0
BRDA:270,8,1,0
BRDA:271,9,0,0
BRDA:271,9,1,0
BRDA:292,10,0,0
BRDA:292,10,1,0
BRDA:298,11,0,0
BRDA:298,11,1,0
BRDA:324,12,0,0
BRDA:324,12,1,0
BRDA:359,13,0,0
BRDA:359,13,1,0
BRF:28
BRH:0
end_of_record
TN:
SF:electron/services/outlookFetchService.js
FN:10,(anonymous_0)
FN:20,(anonymous_1)
FN:46,(anonymous_2)
FN:82,(anonymous_3)
FN:119,(anonymous_4)
FN:131,(anonymous_5)
FN:145,(anonymous_6)
FN:147,(anonymous_7)
FN:187,(anonymous_8)
FN:203,(anonymous_9)
FN:222,(anonymous_10)
FN:236,(anonymous_11)
FNF:12
FNH:0
FNDA:0,(anonymous_0)
FNDA:0,(anonymous_1)
FNDA:0,(anonymous_2)
FNDA:0,(anonymous_3)
FNDA:0,(anonymous_4)
FNDA:0,(anonymous_5)
FNDA:0,(anonymous_6)
FNDA:0,(anonymous_7)
FNDA:0,(anonymous_8)
FNDA:0,(anonymous_9)
FNDA:0,(anonymous_10)
FNDA:0,(anonymous_11)
DA:1,0
DA:2,0
DA:3,0
DA:11,0
DA:12,0
DA:13,0
DA:21,0
DA:22,0
DA:25,0
DA:27,0
DA:28,0
DA:32,0
DA:34,0
DA:35,0
DA:37,0
DA:38,0
DA:47,0
DA:48,0
DA:57,0
DA:58,0
DA:61,0
DA:62,0
DA:65,0
DA:66,0
DA:69,0
DA:83,0
DA:84,0
DA:85,0
DA:89,0
DA:91,0
DA:93,0
DA:96,0
DA:97,0
DA:100,0
DA:101,0
DA:104,0
DA:105,0
DA:106,0
DA:108,0
DA:110,0
DA:113,0
DA:114,0
DA:116,0
DA:119,0
DA:121,0
DA:122,0
DA:132,0
DA:133,0
DA:134,0
DA:136,0
DA:137,0
DA:147,0
DA:148,0
DA:149,0
DA:152,0
DA:153,0
DA:154,0
DA:155,0
DA:158,0
DA:159,0
DA:163,0
DA:188,0
DA:189,0
DA:190,0
DA:192,0
DA:193,0
DA:204,0
DA:205,0
DA:207,0
DA:208,0
DA:211,0
DA:213,0
DA:214,0
DA:223,0
DA:224,0
DA:225,0
DA:227,0
DA:228,0
DA:237,0
DA:238,0
DA:239,0
DA:241,0
DA:242,0
DA:247,0
LF:84
LH:0
BRDA:27,0,0,0
BRDA:27,0,1,0
BRDA:46,1,0,0
BRDA:46,2,0,0
BRDA:57,3,0,0
BRDA:57,3,1,0
BRDA:65,4,0,0
BRDA:65,4,1,0
BRDA:65,5,0,0
BRDA:65,5,1,0
BRDA:82,6,0,0
BRDA:82,7,0,0
BRDA:82,8,0,0
BRDA:82,9,0,0
BRDA:82,10,0,0
BRDA:84,11,0,0
BRDA:84,11,1,0
BRDA:91,12,0,0
BRDA:91,12,1,0
BRDA:96,13,0,0
BRDA:96,13,1,0
BRDA:100,14,0,0
BRDA:100,14,1,0
BRDA:104,15,0,0
BRDA:104,15,1,0
BRDA:114,16,0,0
BRDA:114,16,1,0
BRDA:148,17,0,0
BRDA:148,17,1,0
BRDA:149,18,0,0
BRDA:149,18,1,0
BRDA:152,19,0,0
BRDA:152,19,1,0
BRDA:153,20,0,0
BRDA:153,20,1,0
BRDA:154,21,0,0
BRDA:154,21,1,0
BRDA:155,22,0,0
BRDA:155,22,1,0
BRDA:158,23,0,0
BRDA:158,23,1,0
BRDA:159,24,0,0
BRDA:159,24,1,0
BRDA:159,25,0,0
BRDA:159,25,1,0
BRDA:161,26,0,0
BRDA:161,26,1,0
BRDA:176,27,0,0
BRDA:176,27,1,0
BRDA:190,28,0,0
BRDA:190,28,1,0
BRDA:207,29,0,0
BRDA:207,29,1,0
BRDA:225,30,0,0
BRDA:225,30,1,0
BRDA:239,31,0,0
BRDA:239,31,1,0
BRF:57
BRH:0
end_of_record
TN:
SF:electron/services/pdfExportService.js
FN:12,(anonymous_0)
FN:23,(anonymous_1)
FN:45,(anonymous_2)
FN:80,(anonymous_3)
FN:81,(anonymous_4)
FN:90,(anonymous_5)
FN:99,(anonymous_6)
FN:334,(anonymous_7)
FN:336,(anonymous_8)
FN:385,(anonymous_9)
FNF:10
FNH:0
FNDA:0,(anonymous_0)
FNDA:0,(anonymous_1)
FNDA:0,(anonymous_2)
FNDA:0,(anonymous_3)
FNDA:0,(anonymous_4)
FNDA:0,(anonymous_5)
FNDA:0,(anonymous_6)
FNDA:0,(anonymous_7)
FNDA:0,(anonymous_8)
FNDA:0,(anonymous_9)
DA:1,0
DA:2,0
DA:3,0
DA:4,0
DA:13,0
DA:24,0
DA:25,0
DA:28,0
DA:31,0
DA:42,0
DA:45,0
DA:48,0
DA:58,0
DA:61,0
DA:62,0
DA:64,0
DA:65,0
DA:67,0
DA:68,0
DA:69,0
DA:70,0
DA:72,0
DA:81,0
DA:82,0
DA:83,0
DA:90,0
DA:91,0
DA:92,0
DA:99,0
DA:100,0
DA:101,0
DA:110,0
DA:334,0
DA:336,0
DA:386,0
DA:387,0
DA:388,0
DA:392,0
LF:38
LH:0
BRDA:68,0,0,0
BRDA:68,0,1,0
BRDA:82,1,0,0
BRDA:82,1,1,0
BRDA:91,2,0,0
BRDA:91,2,1,0
BRDA:100,3,0,0
BRDA:100,3,1,0
BRDA:291,4,0,0
BRDA:291,4,1,0
BRDA:299,5,0,0
BRDA:299,5,1,0
BRDA:299,6,0,0
BRDA:299,6,1,0
BRDA:325,7,0,0
BRDA:325,7,1,0
BRDA:340,8,0,0
BRDA:340,8,1,0
BRDA:342,9,0,0
BRDA:342,9,1,0
BRDA:343,10,0,0
BRDA:343,10,1,0
BRDA:344,11,0,0
BRDA:344,11,1,0
BRDA:346,12,0,0
BRDA:346,12,1,0
BRDA:347,13,0,0
BRDA:347,13,1,0
BRDA:362,14,0,0
BRDA:362,14,1,0
BRF:30
BRH:0
end_of_record
TN:
SF:electron/services/permissionService.js
FN:11,(anonymous_0)
FN:24,(anonymous_1)
FN:53,(anonymous_2)
FN:87,(anonymous_3)
FN:154,(anonymous_4)
FN:185,(anonymous_5)
FN:205,(anonymous_6)
FN:218,(anonymous_7)
FNF:8
FNH:0
FNDA:0,(anonymous_0)
FNDA:0,(anonymous_1)
FNDA:0,(anonymous_2)
FNDA:0,(anonymous_3)
FNDA:0,(anonymous_4)
FNDA:0,(anonymous_5)
FNDA:0,(anonymous_6)
FNDA:0,(anonymous_7)
DA:6,0
DA:7,0
DA:8,0
DA:12,0
DA:13,0
DA:25,0
DA:26,0
DA:27,0
DA:29,0
DA:30,0
DA:32,0
DA:36,0
DA:37,0
DA:39,0
DA:54,0
DA:55,0
DA:59,0
DA:61,0
DA:62,0
DA:64,0
DA:68,0
DA:69,0
DA:71,0
DA:88,0
DA:90,0
DA:92,0
DA:94,0
DA:95,0
DA:110,0
DA:112,0
DA:113,0
DA:128,0
DA:133,0
DA:134,0
DA:155,0
DA:162,0
DA:163,0
DA:164,0
DA:165,0
DA:166,0
DA:170,0
DA:171,0
DA:172,0
DA:173,0
DA:174,0
DA:177,0
DA:186,0
DA:187,0
DA:190,0
DA:191,0
DA:192,0
DA:195,0
DA:206,0
DA:219,0
DA:222,0
DA:223,0
DA:236,0
DA:237,0
DA:250,0
DA:251,0
DA:262,0
DA:274,0
LF:62
LH:0
BRDA:94,0,0,0
BRDA:94,0,1,0
BRDA:94,1,0,0
BRDA:94,1,1,0
BRDA:101,2,0,0
BRDA:101,2,1,0
BRDA:102,3,0,0
BRDA:102,3,1,0
BRDA:103,4,0,0
BRDA:103,4,1,0
BRDA:110,5,0,0
BRDA:110,5,1,0
BRDA:112,6,0,0
BRDA:112,6,1,0
BRDA:164,7,0,0
BRDA:164,7,1,0
BRDA:172,8,0,0
BRDA:172,8,1,0
BRDA:185,9,0,0
BRDA:186,10,0,0
BRDA:186,10,1,0
BRDA:191,11,0,0
BRDA:191,11,1,0
BRDA:222,12,0,0
BRDA:222,12,1,0
BRDA:222,13,0,0
BRDA:222,13,1,0
BRDA:236,14,0,0
BRDA:236,14,1,0
BRDA:236,15,0,0
BRDA:236,15,1,0
BRDA:250,16,0,0
BRDA:250,16,1,0
BRDA:250,17,0,0
BRDA:250,17,1,0
BRF:35
BRH:0
end_of_record
TN:
SF:electron/services/sessionService.js
FN:11,(anonymous_0)
FN:24,(anonymous_1)
FN:43,(anonymous_2)
FN:71,(anonymous_3)
FN:90,(anonymous_4)
FN:99,(anonymous_5)
FNF:6
FNH:0
FNDA:0,(anonymous_0)
FNDA:0,(anonymous_1)
FNDA:0,(anonymous_2)
FNDA:0,(anonymous_3)
FNDA:0,(anonymous_4)
FNDA:0,(anonymous_5)
DA:1,0
DA:2,0
DA:3,0
DA:12,0
DA:25,0
DA:26,0
DA:30,0
DA:31,0
DA:32,0
DA:34,0
DA:35,0
DA:44,0
DA:45,0
DA:46,0
DA:49,0
DA:50,0
DA:51,0
DA:52,0
DA:55,0
DA:56,0
DA:58,0
DA:59,0
DA:60,0
DA:62,0
DA:63,0
DA:72,0
DA:73,0
DA:74,0
DA:75,0
DA:77,0
DA:79,0
DA:81,0
DA:82,0
DA:91,0
DA:92,0
DA:100,0
DA:101,0
DA:102,0
DA:103,0
DA:104,0
DA:107,0
DA:113,0
DA:114,0
DA:116,0
DA:117,0
DA:122,0
LF:46
LH:0
BRDA:49,0,0,0
BRDA:49,0,1,0
BRDA:49,1,0,0
BRDA:49,1,1,0
BRDA:58,2,0,0
BRDA:58,2,1,0
BRDA:77,3,0,0
BRDA:77,3,1,0
BRDA:102,4,0,0
BRDA:102,4,1,0
BRF:10
BRH:0
end_of_record
TN:
SF:electron/services/supabaseService.js
FN:12,(anonymous_0)
FN:20,(anonymous_1)
FN:50,(anonymous_2)
FN:65,(anonymous_3)
FN:152,(anonymous_4)
FN:176,(anonymous_5)
FN:207,(anonymous_6)
FN:255,(anonymous_7)
FN:318,(anonymous_8)
FN:341,(anonymous_9)
FN:368,(anonymous_10)
FN:398,(anonymous_11)
FN:423,(anonymous_12)
FN:468,(anonymous_13)
FN:493,(anonymous_14)
FN:524,(anonymous_15)
FNF:16
FNH:0
FNDA:0,(anonymous_0)
FNDA:0,(anonymous_1)
FNDA:0,(anonymous_2)
FNDA:0,(anonymous_3)
FNDA:0,(anonymous_4)
FNDA:0,(anonymous_5)
FNDA:0,(anonymous_6)
FNDA:0,(anonymous_7)
FNDA:0,(anonymous_8)
FNDA:0,(anonymous_9)
FNDA:0,(anonymous_10)
FNDA:0,(anonymous_11)
FNDA:0,(anonymous_12)
FNDA:0,(anonymous_13)
FNDA:0,(anonymous_14)
FNDA:0,(anonymous_15)
DA:8,0
DA:9,0
DA:13,0
DA:14,0
DA:21,0
DA:22,0
DA:25,0
DA:26,0
DA:28,0
DA:29,0
DA:30,0
DA:33,0
DA:35,0
DA:42,0
DA:43,0
DA:51,0
DA:52,0
DA:66,0
DA:68,0
DA:70,0
DA:77,0
DA:79,0
DA:84,0
DA:86,0
DA:101,0
DA:104,0
DA:111,0
DA:112,0
DA:115,0
DA:135,0
DA:136,0
DA:137,0
DA:140,0
DA:142,0
DA:143,0
DA:153,0
DA:155,0
DA:156,0
DA:162,0
DA:163,0
DA:165,0
DA:166,0
DA:177,0
DA:179,0
DA:180,0
DA:193,0
DA:194,0
DA:195,0
DA:197,0
DA:198,0
DA:208,0
DA:210,0
DA:211,0
DA:213,0
DA:214,0
DA:216,0
DA:228,0
DA:229,0
DA:234,0
DA:235,0
DA:238,0
DA:240,0
DA:241,0
DA:256,0
DA:258,0
DA:260,0
DA:267,0
DA:268,0
DA:271,0
DA:273,0
DA:285,0
DA:286,0
DA:287,0
DA:290,0
DA:302,0
DA:303,0
DA:304,0
DA:307,0
DA:308,0
DA:319,0
DA:321,0
DA:323,0
DA:330,0
DA:333,0
DA:338,0
DA:340,0
DA:341,0
DA:343,0
DA:350,0
DA:352,0
DA:369,0
DA:371,0
DA:372,0
DA:380,0
DA:383,0
DA:399,0
DA:401,0
DA:402,0
DA:409,0
DA:412,0
DA:424,0
DA:426,0
DA:428,0
DA:429,0
DA:430,0
DA:433,0
DA:440,0
DA:443,0
DA:444,0
DA:446,0
DA:453,0
DA:455,0
DA:469,0
DA:471,0
DA:472,0
DA:480,0
DA:481,0
DA:483,0
DA:484,0
DA:494,0
DA:496,0
DA:497,0
DA:503,0
DA:504,0
DA:507,0
DA:509,0
DA:510,0
DA:525,0
DA:527,0
DA:528,0
DA:532,0
DA:533,0
DA:535,0
DA:536,0
DA:542,0
LF:135
LH:0
BRDA:21,0,0,0
BRDA:21,0,1,0
BRDA:28,1,0,0
BRDA:28,1,1,0
BRDA:28,2,0,0
BRDA:28,2,1,0
BRDA:51,3,0,0
BRDA:51,3,1,0
BRDA:77,4,0,0
BRDA:77,4,1,0
BRDA:77,5,0,0
BRDA:77,5,1,0
BRDA:84,6,0,0
BRDA:84,6,1,0
BRDA:101,7,0,0
BRDA:101,7,1,0
BRDA:125,8,0,0
BRDA:125,8,1,0
BRDA:135,9,0,0
BRDA:135,9,1,0
BRDA:162,10,0,0
BRDA:162,10,1,0
BRDA:193,11,0,0
BRDA:193,11,1,0
BRDA:214,12,0,0
BRDA:214,12,1,0
BRDA:221,13,0,0
BRDA:221,13,1,0
BRDA:222,14,0,0
BRDA:222,14,1,0
BRDA:228,15,0,0
BRDA:228,15,1,0
BRDA:228,16,0,0
BRDA:228,16,1,0
BRDA:267,17,0,0
BRDA:267,17,1,0
BRDA:267,18,0,0
BRDA:267,18,1,0
BRDA:271,19,0,0
BRDA:271,19,1,0
BRDA:285,20,0,0
BRDA:285,20,1,0
BRDA:302,21,0,0
BRDA:302,21,1,0
BRDA:330,22,0,0
BRDA:330,22,1,0
BRDA:338,23,0,0
BRDA:338,23,1,0
BRDA:344,24,0,0
BRDA:344,24,1,0
BRDA:368,25,0,0
BRDA:368,26,0,0
BRDA:368,27,0,0
BRDA:398,28,0,0
BRDA:423,29,0,0
BRDA:440,30,0,0
BRDA:440,30,1,0
BRDA:444,31,0,0
BRDA:444,31,1,0
BRDA:480,32,0,0
BRDA:480,32,1,0
BRDA:503,33,0,0
BRDA:503,33,1,0
BRDA:503,34,0,0
BRDA:503,34,1,0
BRDA:507,35,0,0
BRDA:507,35,1,0
BRDA:532,36,0,0
BRDA:532,36,1,0
BRF:69
BRH:0
end_of_record
TN:
SF:electron/services/tokenEncryptionService.js
FN:14,(anonymous_0)
FN:29,(anonymous_1)
FN:54,(anonymous_2)
FN:78,(anonymous_3)
FN:88,(anonymous_4)
FNF:5
FNH:3
FNDA:9,(anonymous_0)
FNDA:6,(anonymous_1)
FNDA:3,(anonymous_2)
FNDA:0,(anonymous_3)
FNDA:0,(anonymous_4)
DA:7,8
DA:15,9
DA:16,9
DA:18,0
DA:19,0
DA:30,6
DA:33,0
DA:34,0
DA:39,6
DA:40,6
DA:41,6
DA:43,0
DA:44,0
DA:55,3
DA:58,0
DA:59,0
DA:64,3
DA:65,3
DA:66,3
DA:68,0
DA:69,0
DA:79,0
DA:80,0
DA:89,0
DA:90,0
DA:95,8
LF:26
LH:12
BRDA:30,0,0,0
BRDA:30,0,1,6
BRDA:55,1,0,0
BRDA:55,1,1,3
BRF:4
BRH:2
end_of_record
TN:
SF:electron/services/transactionExtractorService.js
FN:9,(anonymous_0)
FN:66,(anonymous_1)
FN:97,(anonymous_2)
FN:110,(anonymous_3)
FN:111,(anonymous_4)
FN:122,(anonymous_5)
FN:123,(anonymous_6)
FN:127,(anonymous_7)
FN:140,(anonymous_8)
FN:145,(anonymous_9)
FN:194,(anonymous_10)
FN:216,(anonymous_11)
FN:227,(anonymous_12)
FN:237,(anonymous_13)
FN:272,(anonymous_14)
FN:273,(anonymous_15)
FN:301,(anonymous_16)
FN:319,(anonymous_17)
FN:322,(anonymous_18)
FN:329,(anonymous_19)
FN:331,(anonymous_20)
FN:335,(anonymous_21)
FN:342,(anonymous_22)
FN:349,(anonymous_23)
FN:366,(anonymous_24)
FN:372,(anonymous_25)
FN:378,(anonymous_26)
FN:382,(anonymous_27)
FN:395,(anonymous_28)
FN:397,(anonymous_29)
FN:407,(anonymous_30)
FN:410,(anonymous_31)
FN:411,(anonymous_32)
FN:426,(anonymous_33)
FN:427,(anonymous_34)
FN:435,(anonymous_35)
FN:438,(anonymous_36)
FN:458,(anonymous_37)
FN:465,(anonymous_38)
FN:468,(anonymous_39)
FN:471,(anonymous_40)
FN:474,(anonymous_41)
FN:479,(anonymous_42)
FN:497,(anonymous_43)
FN:498,(anonymous_44)
FNF:45
FNH:0
FNDA:0,(anonymous_0)
FNDA:0,(anonymous_1)
FNDA:0,(anonymous_2)
FNDA:0,(anonymous_3)
FNDA:0,(anonymous_4)
FNDA:0,(anonymous_5)
FNDA:0,(anonymous_6)
FNDA:0,(anonymous_7)
FNDA:0,(anonymous_8)
FNDA:0,(anonymous_9)
FNDA:0,(anonymous_10)
FNDA:0,(anonymous_11)
FNDA:0,(anonymous_12)
FNDA:0,(anonymous_13)
FNDA:0,(anonymous_14)
FNDA:0,(anonymous_15)
FNDA:0,(anonymous_16)
FNDA:0,(anonymous_17)
FNDA:0,(anonymous_18)
FNDA:0,(anonymous_19)
FNDA:0,(anonymous_20)
FNDA:0,(anonymous_21)
FNDA:0,(anonymous_22)
FNDA:0,(anonymous_23)
FNDA:0,(anonymous_24)
FNDA:0,(anonymous_25)
FNDA:0,(anonymous_26)
FNDA:0,(anonymous_27)
FNDA:0,(anonymous_28)
FNDA:0,(anonymous_29)
FNDA:0,(anonymous_30)
FNDA:0,(anonymous_31)
FNDA:0,(anonymous_32)
FNDA:0,(anonymous_33)
FNDA:0,(anonymous_34)
FNDA:0,(anonymous_35)
FNDA:0,(anonymous_36)
FNDA:0,(anonymous_37)
FNDA:0,(anonymous_38)
FNDA:0,(anonymous_39)
FNDA:0,(anonymous_40)
FNDA:0,(anonymous_41)
FNDA:0,(anonymous_42)
FNDA:0,(anonymous_43)
FNDA:0,(anonymous_44)
DA:1,0
DA:11,0
DA:38,0
DA:67,0
DA:69,0
DA:98,0
DA:103,0
DA:111,0
DA:112,0
DA:115,0
DA:123,0
DA:124,0
DA:127,0
DA:128,0
DA:131,0
DA:132,0
DA:133,0
DA:141,0
DA:142,0
DA:145,0
DA:146,0
DA:148,0
DA:149,0
DA:152,0
DA:153,0
DA:156,0
DA:157,0
DA:158,0
DA:160,0
DA:161,0
DA:165,0
DA:166,0
DA:168,0
DA:172,0
DA:176,0
DA:178,0
DA:182,0
DA:183,0
DA:184,0
DA:189,0
DA:194,0
DA:195,0
DA:197,0
DA:198,0
DA:203,0
DA:204,0
DA:207,0
DA:209,0
DA:218,0
DA:220,0
DA:223,0
DA:226,0
DA:227,0
DA:228,0
DA:230,0
DA:238,0
DA:240,0
DA:246,0
DA:247,0
DA:249,0
DA:250,0
DA:251,0
DA:252,0
DA:259,0
DA:260,0
DA:261,0
DA:262,0
DA:263,0
DA:264,0
DA:270,0
DA:271,0
DA:272,0
DA:273,0
DA:274,0
DA:275,0
DA:276,0
DA:277,0
DA:284,0
DA:285,0
DA:286,0
DA:287,0
DA:288,0
DA:291,0
DA:294,0
DA:302,0
DA:303,0
DA:304,0
DA:305,0
DA:306,0
DA:309,0
DA:311,0
DA:320,0
DA:322,0
DA:330,0
DA:331,0
DA:333,0
DA:334,0
DA:335,0
DA:343,0
DA:344,0
DA:346,0
DA:349,0
DA:350,0
DA:351,0
DA:352,0
DA:353,0
DA:358,0
DA:367,0
DA:370,0
DA:371,0
DA:372,0
DA:373,0
DA:378,0
DA:379,0
DA:380,0
DA:381,0
DA:382,0
DA:383,0
DA:388,0
DA:396,0
DA:397,0
DA:398,0
DA:399,0
DA:408,0
DA:410,0
DA:411,0
DA:412,0
DA:413,0
DA:418,0
DA:427,0
DA:436,0
DA:438,0
DA:439,0
DA:440,0
DA:442,0
DA:443,0
DA:446,0
DA:450,0
DA:459,0
DA:462,0
DA:465,0
DA:468,0
DA:471,0
DA:474,0
DA:475,0
DA:478,0
DA:479,0
DA:483,0
DA:486,0
DA:490,0
DA:497,0
DA:498,0
DA:505,0
LF:153
LH:0
BRDA:89,0,0,0
BRDA:89,0,1,0
BRDA:99,1,0,0
BRDA:99,1,1,0
BRDA:100,2,0,0
BRDA:100,2,1,0
BRDA:100,2,2,0
BRDA:101,3,0,0
BRDA:101,3,1,0
BRDA:131,4,0,0
BRDA:131,4,1,0
BRDA:132,5,0,0
BRDA:132,5,1,0
BRDA:152,6,0,0
BRDA:152,6,1,0
BRDA:153,7,0,0
BRDA:153,7,1,0
BRDA:157,8,0,0
BRDA:157,8,1,0
BRDA:160,9,0,0
BRDA:160,9,1,0
BRDA:161,10,0,0
BRDA:161,10,1,0
BRDA:165,11,0,0
BRDA:165,11,1,0
BRDA:166,12,0,0
BRDA:166,12,1,0
BRDA:173,13,0,0
BRDA:173,13,1,0
BRDA:174,14,0,0
BRDA:174,14,1,0
BRDA:176,15,0,0
BRDA:176,15,1,0
BRDA:182,16,0,0
BRDA:182,16,1,0
BRDA:197,17,0,0
BRDA:197,17,1,0
BRDA:223,18,0,0
BRDA:223,18,1,0
BRDA:237,19,0,0
BRDA:240,20,0,0
BRDA:240,20,1,0
BRDA:240,20,2,0
BRDA:240,20,3,0
BRDA:240,20,4,0
BRDA:246,21,0,0
BRDA:246,21,1,0
BRDA:246,22,0,0
BRDA:246,22,1,0
BRDA:249,23,0,0
BRDA:249,23,1,0
BRDA:250,24,0,0
BRDA:250,24,1,0
BRDA:251,25,0,0
BRDA:251,25,1,0
BRDA:260,26,0,0
BRDA:260,26,1,0
BRDA:260,27,0,0
BRDA:260,27,1,0
BRDA:261,28,0,0
BRDA:261,28,1,0
BRDA:261,29,0,0
BRDA:261,29,1,0
BRDA:262,30,0,0
BRDA:262,30,1,0
BRDA:262,31,0,0
BRDA:262,31,1,0
BRDA:263,32,0,0
BRDA:263,32,1,0
BRDA:276,33,0,0
BRDA:276,33,1,0
BRDA:276,34,0,0
BRDA:276,34,1,0
BRDA:284,35,0,0
BRDA:284,35,1,0
BRDA:285,36,0,0
BRDA:285,36,1,0
BRDA:286,37,0,0
BRDA:286,37,1,0
BRDA:309,38,0,0
BRDA:309,38,1,0
BRDA:320,39,0,0
BRDA:320,39,1,0
BRDA:330,40,0,0
BRDA:330,40,1,0
BRDA:343,41,0,0
BRDA:343,41,1,0
BRDA:344,42,0,0
BRDA:344,42,1,0
BRDA:352,43,0,0
BRDA:352,43,1,0
BRDA:370,44,0,0
BRDA:370,44,1,0
BRDA:371,45,0,0
BRDA:371,45,1,0
BRDA:381,46,0,0
BRDA:381,46,1,0
BRDA:396,47,0,0
BRDA:396,47,1,0
BRDA:412,48,0,0
BRDA:412,48,1,0
BRDA:439,49,0,0
BRDA:439,49,1,0
BRDA:442,50,0,0
BRDA:442,50,1,0
BRDA:459,51,0,0
BRDA:459,51,1,0
BRDA:475,52,0,0
BRDA:475,52,1,0
BRDA:483,53,0,0
BRDA:483,53,1,0
BRDA:486,54,0,0
BRDA:486,54,1,0
BRF:113
BRH:0
end_of_record
TN:
SF:electron/services/transactionService.js
FN:12,(anonymous_0)
FN:25,(anonymous_1)
FN:52,(anonymous_2)
FN:105,(anonymous_3)
FN:121,(anonymous_4)
FN:149,(anonymous_5)
FN:152,(anonymous_6)
FN:187,(anonymous_7)
FN:189,(anonymous_8)
FN:202,(anonymous_9)
FN:209,(anonymous_10)
FN:229,(anonymous_11)
FN:248,(anonymous_12)
FN:299,(anonymous_13)
FN:318,(anonymous_14)
FN:332,(anonymous_15)
FN:339,(anonymous_16)
FN:346,(anonymous_17)
FN:353,(anonymous_18)
FN:360,(anonymous_19)
FN:368,(anonymous_20)
FNF:21
FNH:0
FNDA:0,(anonymous_0)
FNDA:0,(anonymous_1)
FNDA:0,(anonymous_2)
FNDA:0,(anonymous_3)
FNDA:0,(anonymous_4)
FNDA:0,(anonymous_5)
FNDA:0,(anonymous_6)
FNDA:0,(anonymous_7)
FNDA:0,(anonymous_8)
FNDA:0,(anonymous_9)
FNDA:0,(anonymous_10)
FNDA:0,(anonymous_11)
FNDA:0,(anonymous_12)
FNDA:0,(anonymous_13)
FNDA:0,(anonymous_14)
FNDA:0,(anonymous_15)
FNDA:0,(anonymous_16)
FNDA:0,(anonymous_17)
FNDA:0,(anonymous_18)
FNDA:0,(anonymous_19)
FNDA:0,(anonymous_20)
DA:1,0
DA:2,0
DA:3,0
DA:4,0
DA:32,0
DA:34,0
DA:36,0
DA:38,0
DA:44,0
DA:47,0
DA:49,0
DA:52,0
DA:54,0
DA:57,0
DA:59,0
DA:60,0
DA:62,0
DA:65,0
DA:67,0
DA:69,0
DA:70,0
DA:71,0
DA:74,0
DA:77,0
DA:79,0
DA:86,0
DA:88,0
DA:96,0
DA:97,0
DA:106,0
DA:107,0
DA:108,0
DA:109,0
DA:110,0
DA:111,0
DA:113,0
DA:123,0
DA:125,0
DA:142,0
DA:150,0
DA:152,0
DA:154,0
DA:156,0
DA:179,0
DA:189,0
DA:191,0
DA:203,0
DA:210,0
DA:212,0
DA:213,0
DA:216,0
DA:217,0
DA:219,0
DA:230,0
DA:241,0
DA:249,0
DA:259,0
DA:262,0
DA:275,0
DA:276,0
DA:277,0
DA:289,0
DA:291,0
DA:292,0
DA:300,0
DA:302,0
DA:303,0
DA:307,0
DA:309,0
DA:319,0
DA:333,0
DA:340,0
DA:347,0
DA:354,0
DA:361,0
DA:367,0
DA:368,0
DA:370,0
DA:378,0
LF:79
LH:0
BRDA:25,0,0,0
BRDA:28,1,0,0
BRDA:29,2,0,0
BRDA:30,3,0,0
BRDA:31,4,0,0
BRDA:36,5,0,0
BRDA:36,5,1,0
BRDA:47,6,0,0
BRDA:47,6,1,0
BRDA:57,7,0,0
BRDA:57,7,1,0
BRDA:65,8,0,0
BRDA:65,8,1,0
BRDA:86,9,0,0
BRDA:86,9,1,0
BRDA:106,10,0,0
BRDA:106,10,1,0
BRDA:109,11,0,0
BRDA:109,11,1,0
BRDA:152,12,0,0
BRDA:152,12,1,0
BRDA:154,13,0,0
BRDA:154,13,1,0
BRDA:159,14,0,0
BRDA:159,14,1,0
BRDA:192,15,0,0
BRDA:192,15,1,0
BRDA:193,16,0,0
BRDA:193,16,1,0
BRDA:194,17,0,0
BRDA:194,17,1,0
BRDA:195,18,0,0
BRDA:195,18,1,0
BRDA:212,19,0,0
BRDA:212,19,1,0
BRDA:232,20,0,0
BRDA:232,20,1,0
BRDA:233,21,0,0
BRDA:233,21,1,0
BRDA:234,22,0,0
BRDA:234,22,1,0
BRDA:235,23,0,0
BRDA:235,23,1,0
BRDA:271,24,0,0
BRDA:271,24,1,0
BRDA:275,25,0,0
BRDA:275,25,1,0
BRDA:275,26,0,0
BRDA:275,26,1,0
BRDA:302,27,0,0
BRDA:302,27,1,0
BRDA:318,28,0,0
BRDA:318,29,0,0
BRDA:324,30,0,0
BRDA:324,30,1,0
BRDA:360,31,0,0
BRDA:363,32,0,0
BRDA:363,32,1,0
BRDA:364,33,0,0
BRDA:364,33,1,0
BRF:60
BRH:0
end_of_record
TN:
SF:electron/services/validationService.ts
FN:73,(anonymous_0)
FN:88,(anonymous_1)
FN:103,(anonymous_2)
FN:118,(anonymous_3)
FN:139,(anonymous_4)
FN:163,(anonymous_5)
FN:187,(anonymous_6)
FN:240,(anonymous_7)
FN:309,(anonymous_8)
FN:353,(anonymous_9)
FN:370,(anonymous_10)
FN:388,(anonymous_11)
FN:415,(anonymous_12)
FNF:13
FNH:10
FNDA:4,(anonymous_0)
FNDA:0,(anonymous_1)
FNDA:0,(anonymous_2)
FNDA:12,(anonymous_3)
FNDA:8,(anonymous_4)
FNDA:6,(anonymous_5)
FNDA:4,(anonymous_6)
FNDA:6,(anonymous_7)
FNDA:4,(anonymous_8)
FNDA:3,(anonymous_9)
FNDA:0,(anonymous_10)
FNDA:2,(anonymous_11)
FNDA:1,(anonymous_12)
DA:7,1
DA:8,1
DA:61,1
DA:62,1
DA:63,1
DA:64,1
DA:69,1
DA:74,4
DA:75,2
DA:78,2
DA:79,1
DA:82,1
DA:89,0
DA:90,0
DA:93,0
DA:94,0
DA:97,0
DA:104,0
DA:105,0
DA:108,0
DA:109,0
DA:112,0
DA:119,12
DA:120,0
DA:123,12
DA:125,12
DA:126,4
DA:129,8
DA:130,1
DA:133,7
DA:140,8
DA:141,3
DA:142,1
DA:144,2
DA:147,5
DA:148,0
DA:151,5
DA:153,5
DA:154,2
DA:157,3
DA:164,6
DA:165,1
DA:166,0
DA:168,1
DA:171,5
DA:172,0
DA:175,5
DA:177,5
DA:178,2
DA:181,3
DA:188,4
DA:189,0
DA:192,4
DA:195,4
DA:196,4
DA:197,1
DA:200,3
DA:201,0
DA:204,3
DA:205,0
DA:210,3
DA:211,3
DA:215,3
DA:216,1
DA:220,2
DA:221,1
DA:225,1
DA:226,0
DA:230,1
DA:231,0
DA:234,1
DA:241,6
DA:242,0
DA:245,6
DA:248,6
DA:249,6
DA:250,1
DA:255,5
DA:256,5
DA:258,5
DA:259,0
DA:264,5
DA:265,1
DA:269,4
DA:270,0
DA:274,4
DA:275,1
DA:279,4
DA:280,3
DA:281,3
DA:282,0
DA:285,3
DA:286,1
DA:289,2
DA:290,1
DA:295,2
DA:296,0
DA:299,2
DA:300,0
DA:303,2
DA:310,4
DA:311,0
DA:314,4
DA:317,4
DA:318,4
DA:319,1
DA:324,3
DA:325,3
DA:327,3
DA:328,1
DA:333,2
DA:334,1
DA:338,2
DA:339,1
DA:343,2
DA:344,1
DA:347,1
DA:354,3
DA:355,0
DA:358,3
DA:360,3
DA:361,1
DA:364,2
DA:371,0
DA:372,0
DA:375,0
DA:378,0
DA:379,0
DA:382,0
DA:389,2
DA:390,0
DA:393,2
DA:395,2
DA:397,8
DA:398,2
DA:402,6
DA:403,2
DA:406,4
DA:409,2
DA:416,1
DA:417,1
DA:424,1
LF:142
LH:108
BRDA:74,0,0,2
BRDA:74,1,0,4
BRDA:74,1,1,3
BRDA:78,2,0,1
BRDA:89,3,0,0
BRDA:89,4,0,0
BRDA:89,4,1,0
BRDA:93,5,0,0
BRDA:104,6,0,0
BRDA:104,7,0,0
BRDA:104,7,1,0
BRDA:108,8,0,0
BRDA:119,9,0,0
BRDA:119,10,0,12
BRDA:119,10,1,12
BRDA:125,11,0,4
BRDA:129,12,0,1
BRDA:139,13,0,5
BRDA:140,14,0,3
BRDA:141,15,0,1
BRDA:147,16,0,0
BRDA:153,17,0,2
BRDA:163,18,0,5
BRDA:164,19,0,1
BRDA:165,20,0,0
BRDA:171,21,0,0
BRDA:177,22,0,2
BRDA:187,23,0,4
BRDA:188,24,0,0
BRDA:188,25,0,4
BRDA:188,25,1,4
BRDA:195,26,0,4
BRDA:196,27,0,1
BRDA:200,28,0,0
BRDA:204,29,0,0
BRDA:210,30,0,3
BRDA:215,31,0,1
BRDA:215,32,0,3
BRDA:215,32,1,3
BRDA:220,33,0,1
BRDA:220,34,0,2
BRDA:220,34,1,2
BRDA:225,35,0,0
BRDA:225,36,0,1
BRDA:225,36,1,0
BRDA:230,37,0,0
BRDA:230,38,0,1
BRDA:230,38,1,1
BRDA:240,39,0,6
BRDA:241,40,0,0
BRDA:241,41,0,6
BRDA:241,41,1,6
BRDA:248,42,0,6
BRDA:249,43,0,1
BRDA:249,44,0,6
BRDA:249,44,1,5
BRDA:249,44,2,5
BRDA:255,45,0,5
BRDA:258,46,0,0
BRDA:264,47,0,1
BRDA:264,48,0,5
BRDA:264,48,1,2
BRDA:269,49,0,0
BRDA:269,50,0,4
BRDA:269,50,1,1
BRDA:274,51,0,1
BRDA:275,52,0,1
BRDA:275,52,1,0
BRDA:279,53,0,3
BRDA:281,54,0,0
BRDA:281,55,0,3
BRDA:281,55,1,3
BRDA:285,56,0,1
BRDA:285,57,0,3
BRDA:285,57,1,3
BRDA:289,58,0,1
BRDA:289,59,0,2
BRDA:289,59,1,2
BRDA:295,60,0,0
BRDA:295,61,0,2
BRDA:295,61,1,1
BRDA:299,62,0,0
BRDA:299,63,0,2
BRDA:299,63,1,0
BRDA:309,64,0,4
BRDA:310,65,0,0
BRDA:310,66,0,4
BRDA:310,66,1,4
BRDA:317,67,0,4
BRDA:318,68,0,1
BRDA:318,69,0,4
BRDA:318,69,1,3
BRDA:318,69,2,3
BRDA:324,70,0,3
BRDA:327,71,0,1
BRDA:333,72,0,1
BRDA:338,73,0,1
BRDA:339,74,0,1
BRDA:339,74,1,0
BRDA:343,75,0,1
BRDA:343,76,0,2
BRDA:343,76,1,2
BRDA:354,77,0,0
BRDA:360,78,0,1
BRDA:371,79,0,0
BRDA:371,80,0,0
BRDA:371,80,1,0
BRDA:378,81,0,0
BRDA:389,82,0,0
BRDA:389,83,0,2
BRDA:389,83,1,2
BRDA:397,84,0,2
BRDA:402,85,0,2
BRDA:402,86,0,6
BRDA:402,86,1,5
BRDA:417,87,0,1
BRDA:417,87,1,1
BRF:117
BRH:83
end_of_record
TN:
SF:src/App.jsx
FN:19,App
FN:41,(anonymous_1)
FN:47,(anonymous_2)
FN:85,(anonymous_3)
FN:106,(anonymous_4)
FN:124,(anonymous_5)
FN:129,(anonymous_6)
FN:150,(anonymous_7)
FN:157,(anonymous_8)
FN:175,(anonymous_9)
FN:179,(anonymous_10)
FN:183,(anonymous_11)
FN:193,(anonymous_12)
FN:203,(anonymous_13)
FN:208,(anonymous_14)
FN:213,(anonymous_15)
FN:218,(anonymous_16)
FN:230,(anonymous_17)
FN:235,(anonymous_18)
FN:239,(anonymous_19)
FN:245,(anonymous_20)
FN:276,(anonymous_21)
FN:313,(anonymous_22)
FN:314,(anonymous_23)
FN:315,(anonymous_24)
FN:346,(anonymous_25)
FN:361,(anonymous_26)
FN:412,(anonymous_27)
FN:413,(anonymous_28)
FN:414,(anonymous_29)
FN:422,(anonymous_30)
FN:431,(anonymous_31)
FN:439,(anonymous_32)
FN:457,(anonymous_33)
FN:458,(anonymous_34)
FNF:35
FNH:0
FNDA:0,App
FNDA:0,(anonymous_1)
FNDA:0,(anonymous_2)
FNDA:0,(anonymous_3)
FNDA:0,(anonymous_4)
FNDA:0,(anonymous_5)
FNDA:0,(anonymous_6)
FNDA:0,(anonymous_7)
FNDA:0,(anonymous_8)
FNDA:0,(anonymous_9)
FNDA:0,(anonymous_10)
FNDA:0,(anonymous_11)
FNDA:0,(anonymous_12)
FNDA:0,(anonymous_13)
FNDA:0,(anonymous_14)
FNDA:0,(anonymous_15)
FNDA:0,(anonymous_16)
FNDA:0,(anonymous_17)
FNDA:0,(anonymous_18)
FNDA:0,(anonymous_19)
FNDA:0,(anonymous_20)
FNDA:0,(anonymous_21)
FNDA:0,(anonymous_22)
FNDA:0,(anonymous_23)
FNDA:0,(anonymous_24)
FNDA:0,(anonymous_25)
FNDA:0,(anonymous_26)
FNDA:0,(anonymous_27)
FNDA:0,(anonymous_28)
FNDA:0,(anonymous_29)
FNDA:0,(anonymous_30)
FNDA:0,(anonymous_31)
FNDA:0,(anonymous_32)
FNDA:0,(anonymous_33)
FNDA:0,(anonymous_34)
DA:20,0
DA:21,0
DA:22,0
DA:23,0
DA:24,0
DA:25,0
DA:26,0
DA:27,0
DA:28,0
DA:29,0
DA:30,0
DA:31,0
DA:32,0
DA:33,0
DA:34,0
DA:35,0
DA:36,0
DA:37,0
DA:38,0
DA:39,0
DA:41,0
DA:42,0
DA:43,0
DA:44,0
DA:47,0
DA:49,0
DA:50,0
DA:51,0
DA:52,0
DA:53,0
DA:54,0
DA:55,0
DA:56,0
DA:57,0
DA:58,0
DA:60,0
DA:63,0
DA:64,0
DA:67,0
DA:68,0
DA:70,0
DA:74,0
DA:76,0
DA:79,0
DA:80,0
DA:85,0
DA:86,0
DA:87,0
DA:88,0
DA:89,0
DA:90,0
DA:91,0
DA:94,0
DA:95,0
DA:98,0
DA:99,0
DA:101,0
DA:106,0
DA:107,0
DA:108,0
DA:109,0
DA:110,0
DA:113,0
DA:114,0
DA:116,0
DA:120,0
DA:124,0
DA:126,0
DA:129,0
DA:130,0
DA:131,0
DA:132,0
DA:134,0
DA:139,0
DA:140,0
DA:141,0
DA:142,0
DA:143,0
DA:144,0
DA:145,0
DA:146,0
DA:147,0
DA:150,0
DA:151,0
DA:152,0
DA:153,0
DA:157,0
DA:158,0
DA:159,0
DA:160,0
DA:166,0
DA:167,0
DA:168,0
DA:171,0
DA:175,0
DA:176,0
DA:179,0
DA:180,0
DA:183,0
DA:184,0
DA:186,0
DA:187,0
DA:189,0
DA:193,0
DA:194,0
DA:196,0
DA:197,0
DA:199,0
DA:203,0
DA:205,0
DA:208,0
DA:209,0
DA:210,0
DA:213,0
DA:214,0
DA:215,0
DA:218,0
DA:220,0
DA:221,0
DA:222,0
DA:223,0
DA:226,0
DA:227,0
DA:230,0
DA:231,0
DA:232,0
DA:235,0
DA:236,0
DA:239,0
DA:240,0
DA:241,0
DA:242,0
DA:245,0
DA:246,0
DA:248,0
DA:250,0
DA:252,0
DA:254,0
DA:256,0
DA:258,0
DA:260,0
DA:262,0
DA:266,0
DA:276,0
DA:313,0
DA:314,0
DA:315,0
DA:346,0
DA:361,0
DA:412,0
DA:413,0
DA:414,0
DA:422,0
DA:431,0
DA:439,0
DA:457,0
DA:459,0
DA:461,0
LF:158
LH:0
BRDA:49,0,0,0
BRDA:49,0,1,0
BRDA:52,1,0,0
BRDA:52,1,1,0
BRDA:63,2,0,0
BRDA:63,2,1,0
BRDA:67,3,0,0
BRDA:67,3,1,0
BRDA:94,4,0,0
BRDA:94,4,1,0
BRDA:98,5,0,0
BRDA:98,5,1,0
BRDA:108,6,0,0
BRDA:108,6,1,0
BRDA:108,7,0,0
BRDA:108,7,1,0
BRDA:113,8,0,0
BRDA:113,8,1,0
BRDA:130,9,0,0
BRDA:130,9,1,0
BRDA:130,10,0,0
BRDA:130,10,1,0
BRDA:152,11,0,0
BRDA:152,11,1,0
BRDA:160,12,0,0
BRDA:160,12,1,0
BRDA:167,13,0,0
BRDA:167,13,1,0
BRDA:167,14,0,0
BRDA:167,14,1,0
BRDA:186,15,0,0
BRDA:186,15,1,0
BRDA:196,16,0,0
BRDA:196,16,1,0
BRDA:220,17,0,0
BRDA:220,17,1,0
BRDA:222,18,0,0
BRDA:222,18,1,0
BRDA:246,19,0,0
BRDA:246,19,1,0
BRDA:246,19,2,0
BRDA:246,19,3,0
BRDA:246,19,4,0
BRDA:246,19,5,0
BRDA:246,19,6,0
BRDA:246,19,7,0
BRDA:269,20,0,0
BRDA:269,20,1,0
BRDA:274,21,0,0
BRDA:274,21,1,0
BRDA:274,21,2,0
BRDA:278,22,0,0
BRDA:278,22,1,0
BRDA:281,23,0,0
BRDA:281,23,1,0
BRDA:284,24,0,0
BRDA:284,24,1,0
BRDA:284,24,2,0
BRDA:293,25,0,0
BRDA:293,25,1,0
BRDA:297,26,0,0
BRDA:297,26,1,0
BRDA:304,27,0,0
BRDA:304,27,1,0
BRDA:311,28,0,0
BRDA:311,28,1,0
BRDA:319,29,0,0
BRDA:319,29,1,0
BRDA:328,30,0,0
BRDA:328,30,1,0
BRDA:337,31,0,0
BRDA:337,31,1,0
BRDA:356,32,0,0
BRDA:356,32,1,0
BRDA:392,33,0,0
BRDA:392,33,1,0
BRDA:392,33,2,0
BRDA:397,34,0,0
BRDA:397,34,1,0
BRDA:406,35,0,0
BRDA:406,35,1,0
BRDA:406,35,2,0
BRDA:419,36,0,0
BRDA:419,36,1,0
BRDA:419,36,2,0
BRDA:427,37,0,0
BRDA:427,37,1,0
BRDA:427,37,2,0
BRDA:436,38,0,0
BRDA:436,38,1,0
BRDA:436,38,2,0
BRDA:444,39,0,0
BRDA:444,39,1,0
BRDA:444,39,2,0
BRDA:453,40,0,0
BRDA:453,40,1,0
BRDA:453,40,2,0
BRF:97
BRH:0
end_of_record
TN:
SF:src/main.jsx
FNF:0
FNH:0
DA:6,0
LF:1
LH:0
BRF:0
BRH:0
end_of_record
TN:
SF:src/components/AuditTransactionModal.jsx
FN:10,AuditTransactionModal
FN:32,(anonymous_1)
FN:37,(anonymous_2)
FN:38,(anonymous_3)
FN:55,(anonymous_4)
FN:81,(anonymous_5)
FN:126,(anonymous_6)
FN:130,(anonymous_7)
FN:149,(anonymous_8)
FN:151,(anonymous_9)
FN:158,(anonymous_10)
FN:184,(anonymous_11)
FN:192,(anonymous_12)
FN:203,(anonymous_13)
FN:204,(anonymous_14)
FN:258,(anonymous_15)
FN:294,(anonymous_16)
FN:374,AddressVerificationStep
FN:392,(anonymous_18)
FN:399,(anonymous_19)
FN:402,(anonymous_20)
FN:423,(anonymous_21)
FN:433,(anonymous_22)
FN:465,ContactAssignmentStep
FN:486,(anonymous_24)
FN:507,RoleAssignment
FN:513,(anonymous_26)
FN:517,(anonymous_27)
FN:558,(anonymous_28)
FN:559,(anonymous_29)
FN:589,(anonymous_30)
FN:614,(anonymous_31)
FN:615,(anonymous_32)
FN:629,(anonymous_33)
FN:645,(anonymous_34)
FN:664,(anonymous_35)
FN:667,(anonymous_36)
FNF:37
FNH:0
FNDA:0,AuditTransactionModal
FNDA:0,(anonymous_1)
FNDA:0,(anonymous_2)
FNDA:0,(anonymous_3)
FNDA:0,(anonymous_4)
FNDA:0,(anonymous_5)
FNDA:0,(anonymous_6)
FNDA:0,(anonymous_7)
FNDA:0,(anonymous_8)
FNDA:0,(anonymous_9)
FNDA:0,(anonymous_10)
FNDA:0,(anonymous_11)
FNDA:0,(anonymous_12)
FNDA:0,(anonymous_13)
FNDA:0,(anonymous_14)
FNDA:0,(anonymous_15)
FNDA:0,(anonymous_16)
FNDA:0,AddressVerificationStep
FNDA:0,(anonymous_18)
FNDA:0,(anonymous_19)
FNDA:0,(anonymous_20)
FNDA:0,(anonymous_21)
FNDA:0,(anonymous_22)
FNDA:0,ContactAssignmentStep
FNDA:0,(anonymous_24)
FNDA:0,RoleAssignment
FNDA:0,(anonymous_26)
FNDA:0,(anonymous_27)
FNDA:0,(anonymous_28)
FNDA:0,(anonymous_29)
FNDA:0,(anonymous_30)
FNDA:0,(anonymous_31)
FNDA:0,(anonymous_32)
FNDA:0,(anonymous_33)
FNDA:0,(anonymous_34)
FNDA:0,(anonymous_35)
FNDA:0,(anonymous_36)
DA:11,0
DA:12,0
DA:13,0
DA:16,0
DA:27,0
DA:30,0
DA:31,0
DA:32,0
DA:37,0
DA:38,0
DA:39,0
DA:42,0
DA:43,0
DA:45,0
DA:49,0
DA:55,0
DA:56,0
DA:58,0
DA:59,0
DA:60,0
DA:61,0
DA:62,0
DA:63,0
DA:65,0
DA:66,0
DA:69,0
DA:70,0
DA:73,0
DA:74,0
DA:81,0
DA:82,0
DA:84,0
DA:88,0
DA:89,0
DA:92,0
DA:93,0
DA:94,0
DA:95,0
DA:96,0
DA:107,0
DA:113,0
DA:115,0
DA:120,0
DA:126,0
DA:127,0
DA:130,0
DA:132,0
DA:134,0
DA:135,0
DA:136,0
DA:139,0
DA:149,0
DA:150,0
DA:151,0
DA:152,0
DA:158,0
DA:159,0
DA:161,0
DA:162,0
DA:163,0
DA:165,0
DA:166,0
DA:167,0
DA:169,0
DA:170,0
DA:171,0
DA:173,0
DA:174,0
DA:175,0
DA:177,0
DA:184,0
DA:185,0
DA:186,0
DA:192,0
DA:194,0
DA:195,0
DA:198,0
DA:199,0
DA:201,0
DA:203,0
DA:204,0
DA:214,0
DA:219,0
DA:220,0
DA:221,0
DA:223,0
DA:224,0
DA:227,0
DA:228,0
DA:232,0
DA:259,0
DA:294,0
DA:382,0
DA:392,0
DA:400,0
DA:402,0
DA:423,0
DA:433,0
DA:467,0
DA:468,0
DA:470,0
DA:487,0
DA:508,0
DA:509,0
DA:510,0
DA:511,0
DA:513,0
DA:514,0
DA:517,0
DA:518,0
DA:519,0
DA:521,0
DA:523,0
DA:527,0
DA:528,0
DA:531,0
DA:532,0
DA:540,0
DA:547,0
DA:548,0
DA:554,0
DA:558,0
DA:559,0
DA:560,0
DA:561,0
DA:563,0
DA:566,0
DA:590,0
DA:591,0
DA:615,0
DA:616,0
DA:629,0
DA:645,0
DA:664,0
DA:667,0
LF:135
LH:0
BRDA:39,0,0,0
BRDA:39,0,1,0
BRDA:58,1,0,0
BRDA:58,1,1,0
BRDA:58,2,0,0
BRDA:58,2,1,0
BRDA:61,3,0,0
BRDA:61,3,1,0
BRDA:61,4,0,0
BRDA:61,4,1,0
BRDA:82,5,0,0
BRDA:82,5,1,0
BRDA:94,6,0,0
BRDA:94,6,1,0
BRDA:94,7,0,0
BRDA:94,7,1,0
BRDA:101,8,0,0
BRDA:101,8,1,0
BRDA:126,9,0,0
BRDA:126,10,0,0
BRDA:127,11,0,0
BRDA:127,11,1,0
BRDA:132,12,0,0
BRDA:132,12,1,0
BRDA:150,13,0,0
BRDA:150,13,1,0
BRDA:159,14,0,0
BRDA:159,14,1,0
BRDA:161,15,0,0
BRDA:161,15,1,0
BRDA:167,16,0,0
BRDA:167,16,1,0
BRDA:169,17,0,0
BRDA:169,17,1,0
BRDA:169,18,0,0
BRDA:169,18,1,0
BRDA:175,19,0,0
BRDA:175,19,1,0
BRDA:194,20,0,0
BRDA:194,20,1,0
BRDA:208,21,0,0
BRDA:208,21,1,0
BRDA:209,22,0,0
BRDA:209,22,1,0
BRDA:219,23,0,0
BRDA:219,23,1,0
BRDA:223,24,0,0
BRDA:223,24,1,0
BRDA:227,25,0,0
BRDA:227,25,1,0
BRDA:240,26,0,0
BRDA:240,26,1,0
BRDA:241,27,0,0
BRDA:241,27,1,0
BRDA:242,28,0,0
BRDA:242,28,1,0
BRDA:262,29,0,0
BRDA:262,29,1,0
BRDA:264,30,0,0
BRDA:264,30,1,0
BRDA:269,31,0,0
BRDA:269,31,1,0
BRDA:271,32,0,0
BRDA:271,32,1,0
BRDA:273,33,0,0
BRDA:273,33,1,0
BRDA:282,34,0,0
BRDA:282,34,1,0
BRDA:290,35,0,0
BRDA:290,35,1,0
BRDA:301,36,0,0
BRDA:301,36,1,0
BRDA:313,37,0,0
BRDA:313,37,1,0
BRDA:335,38,0,0
BRDA:335,38,1,0
BRDA:348,39,0,0
BRDA:348,39,1,0
BRDA:353,40,0,0
BRDA:353,40,1,0
BRDA:358,41,0,0
BRDA:358,41,1,0
BRDA:397,42,0,0
BRDA:397,42,1,0
BRDA:397,42,2,0
BRDA:401,43,0,0
BRDA:401,43,1,0
BRDA:425,44,0,0
BRDA:425,44,1,0
BRDA:435,45,0,0
BRDA:435,45,1,0
BRDA:475,46,0,0
BRDA:475,46,1,0
BRDA:492,47,0,0
BRDA:492,47,1,0
BRDA:523,48,0,0
BRDA:523,48,1,0
BRDA:527,49,0,0
BRDA:527,49,1,0
BRDA:528,50,0,0
BRDA:528,50,1,0
BRDA:531,51,0,0
BRDA:531,51,1,0
BRDA:531,52,0,0
BRDA:531,52,1,0
BRDA:542,53,0,0
BRDA:542,53,1,0
BRDA:560,54,0,0
BRDA:560,54,1,0
BRDA:573,55,0,0
BRDA:573,55,1,0
BRDA:574,56,0,0
BRDA:574,56,1,0
BRDA:579,57,0,0
BRDA:579,57,1,0
BRDA:590,58,0,0
BRDA:590,58,1,0
BRDA:604,59,0,0
BRDA:604,59,1,0
BRDA:604,59,2,0
BRDA:612,60,0,0
BRDA:612,60,1,0
BRDA:619,61,0,0
BRDA:619,61,1,0
BRDA:620,62,0,0
BRDA:620,62,1,0
BRDA:621,63,0,0
BRDA:621,63,1,0
BRDA:622,64,0,0
BRDA:622,64,1,0
BRDA:643,65,0,0
BRDA:643,65,1,0
BRDA:643,65,2,0
BRDA:643,65,3,0
BRDA:646,66,0,0
BRDA:646,66,1,0
BRDA:648,67,0,0
BRDA:648,67,1,0
BRDA:648,68,0,0
BRDA:648,68,1,0
BRDA:656,69,0,0
BRDA:656,69,1,0
BRDA:661,70,0,0
BRDA:661,70,1,0
BRF:144
BRH:0
end_of_record
TN:
SF:src/components/ContactSelectModal.jsx
FN:21,ContactSelectModal
[...]
FN:50,(anonymous_4)
FN:57,(anonymous_5)
FN:58,(anonymous_6)
FN:61,(anonymous_7)
FN:77,(anonymous_8)
FN:97,(anonymous_9)
FN:120,(anonymous_10)
FN:128,(anonymous_11)
FN:129,(anonymous_12)
FN:210,(anonymous_13)
FN:217,(anonymous_14)
FN:227,(anonymous_15)
FNF:16
FNH:0
FNDA:0,SystemHealthMonitor
FNDA:0,(anonymous_1)
FNDA:0,(anonymous_2)
FNDA:0,(anonymous_3)
FNDA:0,(anonymous_4)
FNDA:0,(anonymous_5)
FNDA:0,(anonymous_6)
FNDA:0,(anonymous_7)
FNDA:0,(anonymous_8)
FNDA:0,(anonymous_9)
FNDA:0,(anonymous_10)
FNDA:0,(anonymous_11)
FNDA:0,(anonymous_12)
FNDA:0,(anonymous_13)
FNDA:0,(anonymous_14)
FNDA:0,(anonymous_15)
DA:15,0
DA:16,0
DA:17,0
DA:19,0
DA:20,0
DA:22,0
DA:24,0
DA:26,0
DA:27,0
DA:29,0
DA:30,0
DA:31,0
DA:34,0
DA:36,0
DA:40,0
DA:43,0
DA:44,0
DA:48,0
DA:50,0
DA:51,0
DA:52,0
DA:57,0
DA:58,0
DA:61,0
DA:62,0
DA:64,0
DA:65,0
DA:67,0
DA:72,0
DA:73,0
DA:74,0
DA:77,0
DA:78,0
DA:79,0
DA:81,0
DA:85,0
DA:87,0
DA:92,0
DA:93,0
DA:94,0
DA:97,0
DA:98,0
DA:99,0
DA:100,0
DA:102,0
DA:106,0
DA:108,0
DA:111,0
DA:112,0
DA:113,0
DA:116,0
DA:120,0
DA:122,0
DA:123,0
DA:126,0
DA:129,0
DA:130,0
DA:133,0
DA:139,0
DA:145,0
DA:151,0
DA:210,0
DA:217,0
DA:227,0
LF:64
LH:0
BRDA:20,0,0,0
BRDA:20,0,1,0
BRDA:30,1,0,0
BRDA:30,1,1,0
BRDA:30,2,0,0
BRDA:30,2,1,0
BRDA:62,3,0,0
BRDA:62,3,1,0
BRDA:62,3,2,0
BRDA:62,3,3,0
BRDA:62,3,4,0
BRDA:62,3,5,0
BRDA:62,3,6,0
BRDA:64,4,0,0
BRDA:64,4,1,0
BRDA:74,5,0,0
BRDA:74,5,1,0
BRDA:78,6,0,0
BRDA:78,6,1,0
BRDA:81,7,0,0
BRDA:81,7,1,0
BRDA:94,8,0,0
BRDA:94,8,1,0
BRDA:98,9,0,0
BRDA:98,9,1,0
BRDA:122,10,0,0
BRDA:122,10,1,0
BRDA:129,11,0,0
BRDA:129,11,1,0
BRDA:130,12,0,0
BRDA:130,12,1,0
BRDA:159,13,0,0
BRDA:159,13,1,0
BRDA:169,14,0,0
BRDA:169,14,1,0
BRDA:179,15,0,0
BRDA:179,15,1,0
BRDA:194,16,0,0
BRDA:194,16,1,0
BRDA:197,17,0,0
BRDA:197,17,1,0
BRDA:199,18,0,0
BRDA:199,18,1,0
BRDA:208,19,0,0
BRDA:208,19,1,0
BRF:45
BRH:0
end_of_record
TN:
SF:src/components/SystemSettingsMockup.jsx
FN:4,ModernSystemSettings
FN:144,LegacySystemPreferences
FN:261,SystemSettingsMockup
FNF:3
FNH:0
FNDA:0,ModernSystemSettings
FNDA:0,LegacySystemPreferences
FNDA:0,SystemSettingsMockup
DA:6,0
DA:8,0
DA:145,0
DA:263,0
DA:264,0
DA:268,0
LF:6
LH:0
BRDA:41,0,0,0
BRDA:41,0,1,0
BRDA:73,1,0,0
BRDA:73,1,1,0
BRDA:73,1,2,0
BRDA:77,2,0,0
BRDA:77,2,1,0
BRDA:78,3,0,0
BRDA:78,3,1,0
BRDA:80,4,0,0
BRDA:80,4,1,0
BRDA:89,5,0,0
BRDA:89,5,1,0
BRDA:102,6,0,0
BRDA:102,6,1,0
BRDA:114,7,0,0
BRDA:114,7,1,0
BRDA:119,8,0,0
BRDA:119,8,1,0
BRDA:121,9,0,0
BRDA:121,9,1,0
BRDA:123,10,0,0
BRDA:123,10,1,0
BRDA:195,11,0,0
BRDA:195,11,1,0
BRDA:195,11,2,0
BRDA:204,12,0,0
BRDA:204,12,1,0
BRDA:214,13,0,0
BRDA:214,13,1,0
BRDA:227,14,0,0
BRDA:227,14,1,0
BRDA:240,15,0,0
BRDA:240,15,1,0
BRDA:242,16,0,0
BRDA:242,16,1,0
BRDA:263,17,0,0
BRDA:263,17,1,0
BRF:38
BRH:0
end_of_record
TN:
SF:src/components/Transactions.jsx
FN:13,Transactions
FN:24,(anonymous_1)
FN:33,(anonymous_2)
FN:38,(anonymous_3)
FN:55,(anonymous_4)
FN:59,(anonymous_5)
FN:86,(anonymous_6)
FN:90,(anonymous_7)
FN:99,(anonymous_8)
FN:108,(anonymous_9)
FN:141,(anonymous_10)
FN:148,(anonymous_11)
FN:151,(anonymous_12)
FN:158,(anonymous_13)
FN:161,(anonymous_14)
FN:179,(anonymous_15)
FN:199,(anonymous_16)
FN:297,(anonymous_17)
FN:310,(anonymous_18)
FN:314,(anonymous_19)
FN:386,(anonymous_20)
FN:396,(anonymous_21)
FN:397,(anonymous_22)
FN:411,TransactionDetails
FN:422,(anonymous_24)
FN:426,(anonymous_25)
FN:442,(anonymous_26)
FN:446,(anonymous_27)
FN:454,(anonymous_28)
FN:466,(anonymous_29)
FN:492,(anonymous_30)
FN:502,(anonymous_31)
FN:517,(anonymous_32)
FN:556,(anonymous_33)
FN:566,(anonymous_34)
FN:612,(anonymous_35)
FN:644,(anonymous_36)
FN:704,(anonymous_37)
FN:713,(anonymous_38)
FN:714,(anonymous_39)
FN:733,(anonymous_40)
FN:772,(anonymous_41)
FN:795,EditTransactionModal
FN:811,(anonymous_43)
FN:815,(anonymous_44)
FN:821,(anonymous_45)
FN:846,(anonymous_46)
FN:851,(anonymous_47)
FN:859,(anonymous_48)
FN:862,(anonymous_49)
FN:866,(anonymous_50)
FN:897,(anonymous_51)
FN:909,(anonymous_52)
FN:953,(anonymous_53)
FN:963,(anonymous_54)
FN:993,(anonymous_55)
FN:1005,(anonymous_56)
FN:1015,(anonymous_57)
FN:1036,(anonymous_58)
FN:1047,(anonymous_59)
FN:1062,(anonymous_60)
FN:1074,(anonymous_61)
FN:1133,EditContactAssignments
FN:1136,(anonymous_63)
FN:1145,(anonymous_64)
FN:1170,EditRoleAssignment
FN:1176,(anonymous_66)
FN:1180,(anonymous_67)
FN:1203,(anonymous_68)
FN:1204,(anonymous_69)
FN:1232,(anonymous_70)
FN:1243,(anonymous_71)
FN:1252,(anonymous_72)
FN:1268,(anonymous_73)
FN:1271,(anonymous_74)
FNF:75
FNH:4
FNDA:18,Transactions
FNDA:9,(anonymous_1)
FNDA:9,(anonymous_2)
FNDA:9,(anonymous_3)
FNDA:0,(anonymous_4)
FNDA:0,(anonymous_5)
FNDA:0,(anonymous_6)
FNDA:0,(anonymous_7)
FNDA:0,(anonymous_8)
FNDA:0,(anonymous_9)
FNDA:0,(anonymous_10)
FNDA:0,(anonymous_11)
FNDA:0,(anonymous_12)
FNDA:0,(anonymous_13)
FNDA:0,(anonymous_14)
FNDA:0,(anonymous_15)
FNDA:0,(anonymous_16)
FNDA:0,(anonymous_17)
FNDA:0,(anonymous_18)
FNDA:0,(anonymous_19)
FNDA:0,(anonymous_20)
FNDA:0,(anonymous_21)
FNDA:0,(anonymous_22)
FNDA:0,TransactionDetails
FNDA:0,(anonymous_24)
FNDA:0,(anonymous_25)
FNDA:0,(anonymous_26)
FNDA:0,(anonymous_27)
FNDA:0,(anonymous_28)
FNDA:0,(anonymous_29)
FNDA:0,(anonymous_30)
FNDA:0,(anonymous_31)
FNDA:0,(anonymous_32)
FNDA:0,(anonymous_33)
FNDA:0,(anonymous_34)
FNDA:0,(anonymous_35)
FNDA:0,(anonymous_36)
FNDA:0,(anonymous_37)
FNDA:0,(anonymous_38)
FNDA:0,(anonymous_39)
FNDA:0,(anonymous_40)
FNDA:0,(anonymous_41)
FNDA:0,EditTransactionModal
FNDA:0,(anonymous_43)
FNDA:0,(anonymous_44)
FNDA:0,(anonymous_45)
FNDA:0,(anonymous_46)
FNDA:0,(anonymous_47)
FNDA:0,(anonymous_48)
FNDA:0,(anonymous_49)
FNDA:0,(anonymous_50)
FNDA:0,(anonymous_51)
FNDA:0,(anonymous_52)
FNDA:0,(anonymous_53)
FNDA:0,(anonymous_54)
FNDA:0,(anonymous_55)
FNDA:0,(anonymous_56)
FNDA:0,(anonymous_57)
FNDA:0,(anonymous_58)
FNDA:0,(anonymous_59)
FNDA:0,(anonymous_60)
FNDA:0,(anonymous_61)
FNDA:0,EditContactAssignments
FNDA:0,(anonymous_63)
FNDA:0,(anonymous_64)
FNDA:0,EditRoleAssignment
FNDA:0,(anonymous_66)
FNDA:0,(anonymous_67)
FNDA:0,(anonymous_68)
FNDA:0,(anonymous_69)
FNDA:0,(anonymous_70)
FNDA:0,(anonymous_71)
FNDA:0,(anonymous_72)
FNDA:0,(anonymous_73)
FNDA:0,(anonymous_74)
DA:14,18
DA:15,18
DA:16,18
DA:17,18
DA:18,18
DA:19,18
DA:20,18
DA:21,18
DA:22,18
DA:24,18
DA:25,9
DA:29,9
DA:30,0
DA:33,9
DA:34,9
DA:38,18
DA:39,9
DA:40,9
DA:41,9
DA:43,0
DA:44,0
DA:46,0
DA:49,9
DA:51,9
DA:55,18
DA:56,0
DA:59,18
DA:60,0
DA:61,0
DA:62,0
DA:63,0
DA:65,0
DA:71,0
DA:72,0
DA:78,0
DA:80,0
DA:83,0
DA:85,0
DA:86,0
DA:90,18
DA:91,0
DA:92,0
DA:99,18
DA:100,0
DA:101,0
DA:108,18
DA:109,0
DA:111,0
DA:114,0
DA:117,18
DA:141,0
DA:148,0
DA:151,0
DA:158,0
DA:161,0
DA:179,0
DA:199,0
DA:297,0
DA:311,0
DA:314,0
DA:386,0
DA:396,0
DA:398,0
DA:399,0
DA:412,0
DA:413,0
DA:414,0
DA:415,0
DA:416,0
DA:417,0
DA:418,0
DA:419,0
DA:420,0
DA:422,0
DA:423,0
DA:426,0
DA:427,0
DA:428,0
DA:429,0
DA:431,0
DA:432,0
DA:433,0
DA:436,0
DA:438,0
DA:442,0
DA:443,0
DA:444,0
DA:446,0
DA:449,0
DA:450,0
DA:454,0
DA:455,0
DA:456,0
DA:457,0
DA:458,0
DA:459,0
DA:462,0
DA:466,0
DA:467,0
DA:468,0
DA:469,0
DA:470,0
DA:471,0
DA:472,0
DA:475,0
DA:476,0
DA:480,0
DA:492,0
DA:502,0
DA:517,0
DA:556,0
DA:566,0
DA:613,0
DA:645,0
DA:704,0
DA:713,0
DA:715,0
DA:716,0
DA:717,0
DA:733,0
DA:772,0
DA:796,0
DA:797,0
DA:805,0
DA:806,0
DA:807,0
DA:808,0
DA:811,0
DA:812,0
DA:815,0
DA:816,0
DA:817,0
DA:818,0
DA:820,0
DA:821,0
DA:822,0
DA:823,0
DA:824,0
DA:826,0
DA:837,0
DA:840,0
DA:842,0
DA:846,0
DA:847,0
DA:851,0
DA:852,0
DA:859,0
DA:860,0
DA:862,0
DA:866,0
DA:867,0
DA:868,0
DA:869,0
DA:872,0
DA:873,0
DA:875,0
DA:877,0
DA:886,0
DA:890,0
DA:891,0
DA:894,0
DA:895,0
DA:896,0
DA:897,0
DA:899,0
DA:900,0
DA:905,0
DA:906,0
DA:908,0
DA:909,0
DA:912,0
DA:913,0
DA:914,0
DA:926,0
DA:928,0
DA:929,0
DA:933,0
DA:953,0
DA:963,0
DA:993,0
DA:1005,0
DA:1015,0
DA:1036,0
DA:1047,0
DA:1062,0
DA:1074,0
DA:1134,0
DA:1137,0
DA:1138,0
DA:1140,0
DA:1146,0
DA:1171,0
DA:1172,0
DA:1173,0
DA:1174,0
DA:1176,0
DA:1177,0
DA:1180,0
DA:1181,0
DA:1182,0
DA:1184,0
DA:1186,0
DA:1190,0
DA:1191,0
DA:1193,0
DA:1196,0
DA:1197,0
DA:1199,0
DA:1203,0
DA:1204,0
DA:1205,0
DA:1215,0
DA:1218,0
DA:1220,0
DA:1232,0
DA:1244,0
DA:1252,0
DA:1268,0
DA:1271,0
LF:219
LH:26
BRDA:29,0,0,0
BRDA:29,0,1,9
BRDA:34,1,0,0
BRDA:34,1,1,9
BRDA:43,2,0,0
BRDA:43,2,1,0
BRDA:44,3,0,0
BRDA:44,3,1,0
BRDA:46,4,0,0
BRDA:46,4,1,0
BRDA:71,5,0,0
BRDA:71,5,1,0
BRDA:80,6,0,0
BRDA:80,6,1,0
BRDA:91,7,0,0
BRDA:91,7,1,0
BRDA:100,8,0,0
BRDA:100,8,1,0
BRDA:111,9,0,0
BRDA:111,9,1,0
BRDA:111,9,2,0
BRDA:111,9,3,0
BRDA:111,9,4,0
BRDA:114,10,0,0
BRDA:114,10,1,0
BRDA:143,11,0,18
BRDA:143,11,1,0
BRDA:153,12,0,0
BRDA:153,12,1,18
BRDA:163,13,0,0
BRDA:163,13,1,18
BRDA:213,14,0,0
BRDA:213,14,1,18
BRDA:218,15,0,0
BRDA:218,15,1,18
BRDA:240,16,0,18
BRDA:240,16,1,0
BRDA:243,17,0,0
BRDA:243,17,1,0
BRDA:246,18,0,0
BRDA:246,18,1,0
BRDA:257,19,0,18
BRDA:257,19,1,9
BRDA:266,20,0,9
BRDA:266,20,1,9
BRDA:273,21,0,9
BRDA:273,21,1,0
BRDA:290,22,0,0
BRDA:290,22,1,9
BRDA:292,23,0,9
BRDA:292,23,1,0
BRDA:295,24,0,9
BRDA:295,24,1,9
BRDA:320,25,0,0
BRDA:320,25,1,0
BRDA:324,26,0,0
BRDA:324,26,1,0
BRDA:327,27,0,0
BRDA:327,27,1,0
BRDA:330,28,0,0
BRDA:330,28,1,0
BRDA:333,29,0,0
BRDA:333,29,1,0
BRDA:357,30,0,0
BRDA:357,30,1,0
BRDA:359,31,0,0
BRDA:359,31,1,0
BRDA:383,32,0,18
BRDA:383,32,1,0
BRDA:392,33,0,18
BRDA:392,33,1,0
BRDA:431,34,0,0
BRDA:431,34,1,0
BRDA:432,35,0,0
BRDA:432,35,1,0
BRDA:433,36,0,0
BRDA:433,36,1,0
BRDA:444,37,0,0
BRDA:444,37,1,0
BRDA:449,38,0,0
BRDA:449,38,1,0
BRDA:458,39,0,0
BRDA:458,39,1,0
BRDA:471,40,0,0
BRDA:471,40,1,0
BRDA:538,41,0,0
BRDA:538,41,1,0
BRDA:558,42,0,0
BRDA:558,42,1,0
BRDA:568,43,0,0
BRDA:568,43,1,0
BRDA:580,44,0,0
BRDA:580,44,1,0
BRDA:587,45,0,0
BRDA:587,45,1,0
BRDA:597,46,0,0
BRDA:597,46,1,0
BRDA:603,47,0,0
BRDA:603,47,1,0
BRDA:606,48,0,0
BRDA:606,48,1,0
BRDA:615,49,0,0
BRDA:615,49,1,0
BRDA:617,50,0,0
BRDA:617,50,1,0
BRDA:620,51,0,0
BRDA:620,51,1,0
BRDA:621,52,0,0
BRDA:621,52,1,0
BRDA:633,53,0,0
BRDA:633,53,1,0
BRDA:636,54,0,0
BRDA:636,54,1,0
BRDA:640,55,0,0
BRDA:640,55,1,0
BRDA:650,56,0,0
BRDA:650,56,1,0
BRDA:650,56,2,0
BRDA:652,57,0,0
BRDA:652,57,1,0
BRDA:658,58,0,0
BRDA:658,58,1,0
BRDA:659,59,0,0
BRDA:659,59,1,0
BRDA:667,60,0,0
BRDA:667,60,1,0
BRDA:675,61,0,0
BRDA:675,61,1,0
BRDA:683,62,0,0
BRDA:683,62,1,0
BRDA:700,63,0,0
BRDA:700,63,1,0
BRDA:710,64,0,0
BRDA:710,64,1,0
BRDA:716,65,0,0
BRDA:716,65,1,0
BRDA:724,66,0,0
BRDA:724,66,1,0
BRDA:750,67,0,0
BRDA:750,67,1,0
BRDA:798,68,0,0
BRDA:798,68,1,0
BRDA:799,69,0,0
BRDA:799,69,1,0
BRDA:800,70,0,0
BRDA:800,70,1,0
BRDA:801,71,0,0
BRDA:801,71,1,0
BRDA:802,72,0,0
BRDA:802,72,1,0
BRDA:803,73,0,0
BRDA:803,73,1,0
BRDA:818,74,0,0
BRDA:818,74,1,0
BRDA:818,75,0,0
BRDA:818,75,1,0
BRDA:822,76,0,0
BRDA:822,76,1,0
BRDA:823,77,0,0
BRDA:823,77,1,0
BRDA:854,78,0,0
BRDA:854,78,1,0
BRDA:862,79,0,0
BRDA:862,79,1,0
BRDA:867,80,0,0
BRDA:867,80,1,0
BRDA:880,81,0,0
BRDA:880,81,1,0
BRDA:881,82,0,0
BRDA:881,82,1,0
BRDA:882,83,0,0
BRDA:882,83,1,0
BRDA:883,84,0,0
BRDA:883,84,1,0
BRDA:891,85,0,0
BRDA:891,85,1,0
BRDA:891,86,0,0
BRDA:891,86,1,0
BRDA:895,87,0,0
BRDA:895,87,1,0
BRDA:896,88,0,0
BRDA:896,88,1,0
BRDA:899,89,0,0
BRDA:899,89,1,0
BRDA:909,90,0,0
BRDA:909,90,1,0
BRDA:909,91,0,0
BRDA:909,91,1,0
BRDA:912,92,0,0
BRDA:912,92,1,0
BRDA:913,93,0,0
BRDA:913,93,1,0
BRDA:928,94,0,0
BRDA:928,94,1,0
BRDA:955,95,0,0
BRDA:955,95,1,0
BRDA:965,96,0,0
BRDA:965,96,1,0
BRDA:977,97,0,0
BRDA:977,97,1,0
BRDA:983,98,0,0
BRDA:983,98,1,0
BRDA:1007,99,0,0
BRDA:1007,99,1,0
BRDA:1017,100,0,0
BRDA:1017,100,1,0
BRDA:1083,101,0,0
BRDA:1083,101,1,0
BRDA:1085,102,0,0
BRDA:1085,102,1,0
BRDA:1116,103,0,0
BRDA:1116,103,1,0
BRDA:1121,104,0,0
BRDA:1121,104,1,0
BRDA:1138,105,0,0
BRDA:1138,105,1,0
BRDA:1151,106,0,0
BRDA:1151,106,1,0
BRDA:1186,107,0,0
BRDA:1186,107,1,0
BRDA:1190,108,0,0
BRDA:1190,108,1,0
BRDA:1191,109,0,0
BRDA:1191,109,1,0
BRDA:1193,110,0,0
BRDA:1193,110,1,0
BRDA:1218,111,0,0
BRDA:1218,111,1,0
BRDA:1227,112,0,0
BRDA:1227,112,1,0
BRDA:1228,113,0,0
BRDA:1228,113,1,0
BRDA:1230,114,0,0
BRDA:1230,114,1,0
BRDA:1241,115,0,0
BRDA:1241,115,1,0
BRDA:1247,116,0,0
BRDA:1247,116,1,0
BRDA:1265,117,0,0
BRDA:1265,117,1,0
BRF:240
BRH:19
end_of_record
TN:
SF:src/components/UpdateNotification.jsx
FN:3,UpdateNotification
FN:9,(anonymous_1)
FN:12,(anonymous_2)
FN:19,(anonymous_3)
FN:25,(anonymous_4)
FN:31,(anonymous_5)
FN:37,(anonymous_6)
FNF:7
FNH:0
FNDA:0,UpdateNotification
FNDA:0,(anonymous_1)
FNDA:0,(anonymous_2)
FNDA:0,(anonymous_3)
FNDA:0,(anonymous_4)
FNDA:0,(anonymous_5)
FNDA:0,(anonymous_6)
DA:4,0
DA:5,0
DA:6,0
DA:7,0
DA:9,0
DA:11,0
DA:12,0
DA:13,0
DA:14,0
DA:18,0
DA:19,0
DA:20,0
DA:24,0
DA:25,0
DA:26,0
DA:31,0
DA:32,0
DA:33,0
DA:37,0
DA:38,0
DA:39,0
DA:42,0
DA:43,0
DA:67,0
DA:68,0
DA:83,0
LF:26
LH:0
BRDA:11,0,0,0
BRDA:11,0,1,0
BRDA:18,1,0,0
BRDA:18,1,1,0
BRDA:24,2,0,0
BRDA:24,2,1,0
BRDA:32,3,0,0
BRDA:32,3,1,0
BRDA:42,4,0,0
BRDA:42,4,1,0
BRDA:67,5,0,0
BRDA:67,5,1,0
BRF:12
BRH:0
end_of_record
TN:
SF:src/components/WelcomeTerms.jsx
FN:8,WelcomeTerms
FN:14,(anonymous_1)
FN:28,(anonymous_2)
FN:32,(anonymous_3)
FN:36,(anonymous_4)
FN:89,(anonymous_5)
FN:103,(anonymous_6)
FNF:7
FNH:0
FNDA:0,WelcomeTerms
FNDA:0,(anonymous_1)
FNDA:0,(anonymous_2)
FNDA:0,(anonymous_3)
FNDA:0,(anonymous_4)
FNDA:0,(anonymous_5)
FNDA:0,(anonymous_6)
DA:9,0
DA:10,0
DA:11,0
DA:12,0
DA:14,0
DA:15,0
DA:16,0
DA:19,0
DA:20,0
DA:21,0
DA:23,0
DA:24,0
DA:28,0
DA:29,0
DA:32,0
DA:33,0
DA:36,0
DA:37,0
DA:40,0
DA:42,0
DA:89,0
DA:103,0
LF:22
LH:0
BRDA:15,0,0,0
BRDA:15,0,1,0
BRDA:15,1,0,0
BRDA:15,1,1,0
BRDA:40,2,0,0
BRDA:40,2,1,0
BRDA:55,3,0,0
BRDA:55,3,1,0
BRDA:126,4,0,0
BRDA:126,4,1,0
BRDA:128,5,0,0
BRDA:128,5,1,0
BRDA:128,6,0,0
BRDA:128,6,1,0
BRDA:133,7,0,0
BRDA:133,7,1,0
BRDA:147,8,0,0
BRDA:147,8,1,0
BRF:18
BRH:0
end_of_record
TN:
SF:src/components/ConversationList/ContactInfoModal.jsx
FN:7,ContactInfoModal
FN:17,(anonymous_1)
FN:36,(anonymous_2)
FN:65,(anonymous_3)
FNF:4
FNH:0
FNDA:0,ContactInfoModal
FNDA:0,(anonymous_1)
FNDA:0,(anonymous_2)
FNDA:0,(anonymous_3)
DA:8,0
DA:10,0
DA:17,0
DA:37,0
DA:66,0
LF:5
LH:0
BRDA:8,0,0,0
BRDA:8,0,1,0
BRDA:30,1,0,0
BRDA:30,1,1,0
BRDA:59,2,0,0
BRDA:59,2,1,0
BRF:6
BRH:0
end_of_record
TN:
SF:src/components/ConversationList/ConversationCard.jsx
FN:7,ConversationCard
FN:17,(anonymous_1)
FN:100,(anonymous_2)
FNF:3
FNH:0
FNDA:0,ConversationCard
FNDA:0,(anonymous_1)
FNDA:0,(anonymous_2)
DA:15,0
DA:17,0
DA:101,0
DA:102,0
LF:4
LH:0
BRDA:13,0,0,0
BRDA:18,1,0,0
BRDA:18,1,1,0
BRDA:20,2,0,0
BRDA:20,2,1,0
BRDA:30,3,0,0
BRDA:30,3,1,0
BRDA:33,4,0,0
BRDA:33,4,1,0
BRDA:45,5,0,0
BRDA:45,5,1,0
BRDA:45,5,2,0
BRDA:47,6,0,0
BRDA:47,6,1,0
BRDA:49,7,0,0
BRDA:49,7,1,0
BRDA:52,8,0,0
BRDA:52,8,1,0
BRDA:52,8,2,0
BRDA:53,9,0,0
BRDA:53,9,1,0
BRDA:55,10,0,0
BRDA:55,10,1,0
BRDA:63,11,0,0
BRDA:63,11,1,0
BRDA:63,12,0,0
BRDA:63,12,1,0
BRDA:67,13,0,0
BRDA:67,13,1,0
BRDA:68,14,0,0
BRDA:68,14,1,0
BRDA:69,15,0,0
BRDA:69,15,1,0
BRDA:70,16,0,0
BRDA:70,16,1,0
BRDA:72,17,0,0
BRDA:72,17,1,0
BRDA:76,18,0,0
BRDA:76,18,1,0
BRDA:77,19,0,0
BRDA:77,19,1,0
BRDA:79,20,0,0
BRDA:79,20,1,0
BRDA:82,21,0,0
BRDA:82,21,1,0
BRDA:83,22,0,0
BRDA:83,22,1,0
BRDA:87,23,0,0
BRDA:87,23,1,0
BRDA:98,24,0,0
BRDA:98,24,1,0
BRDA:98,24,2,0
BRF:52
BRH:0
end_of_record
TN:
SF:src/components/ConversationList/ExportButtons.jsx
FN:7,ExportButtons
FNF:1
FNH:0
FNDA:0,ExportButtons
DA:16,0
LF:1
LH:0
BRDA:21,0,0,0
BRDA:21,0,1,0
BRDA:25,1,0,0
BRDA:25,1,1,0
BRDA:57,2,0,0
BRDA:57,2,1,0
BRDA:61,3,0,0
BRDA:61,3,1,0
BRDA:96,4,0,0
BRDA:96,4,1,0
BRF:10
BRH:0
end_of_record
TN:
SF:src/components/ConversationList/SearchBar.jsx
FN:7,SearchBar
FN:14,(anonymous_1)
FNF:2
FNH:0
FNDA:0,SearchBar
FNDA:0,(anonymous_1)
DA:8,0
DA:14,0
LF:2
LH:0
BRF:0
BRH:0
end_of_record
TN:
SF:src/components/ConversationList/SelectionControls.jsx
FN:7,SelectionControls
FNF:1
FNH:0
FNDA:0,SelectionControls
DA:14,0
LF:1
LH:0
BRDA:36,0,0,0
BRDA:36,0,1,0
BRDA:41,1,0,0
BRDA:41,1,1,0
BRF:4
BRH:0
end_of_record
TN:
SF:src/components/ConversationList/index.jsx
FN:30,ConversationList
FN:43,(anonymous_1)
FN:54,(anonymous_2)
FN:77,(anonymous_3)
FN:148,(anonymous_4)
FN:150,(anonymous_5)
FN:196,(anonymous_6)
FN:212,(anonymous_7)
FNF:8
FNH:0
FNDA:0,ConversationList
FNDA:0,(anonymous_1)
FNDA:0,(anonymous_2)
FNDA:0,(anonymous_3)
FNDA:0,(anonymous_4)
FNDA:0,(anonymous_5)
FNDA:0,(anonymous_6)
FNDA:0,(anonymous_7)
DA:32,0
DA:33,0
DA:34,0
DA:37,0
DA:38,0
DA:39,0
DA:40,0
DA:43,0
DA:45,0
DA:48,0
DA:50,0
DA:54,0
DA:55,0
DA:56,0
DA:57,0
DA:60,0
DA:62,0
DA:63,0
DA:65,0
DA:66,0
DA:67,0
DA:68,0
DA:71,0
DA:73,0
DA:77,0
DA:78,0
DA:79,0
DA:80,0
DA:83,0
DA:84,0
DA:89,0
DA:90,0
DA:101,0
DA:102,0
DA:123,0
DA:148,0
DA:150,0
DA:197,0
DA:212,0
LF:39
LH:0
BRDA:34,0,0,0
BRDA:34,0,1,0
BRDA:45,1,0,0
BRDA:45,1,1,0
BRDA:48,2,0,0
BRDA:48,2,1,0
BRDA:50,3,0,0
BRDA:50,3,1,0
BRDA:55,4,0,0
BRDA:55,4,1,0
BRDA:65,5,0,0
BRDA:65,5,1,0
BRDA:67,6,0,0
BRDA:67,6,1,0
BRDA:68,7,0,0
BRDA:68,7,1,0
BRDA:78,8,0,0
BRDA:78,8,1,0
BRDA:83,9,0,0
BRDA:83,9,1,0
BRDA:89,10,0,0
BRDA:89,10,1,0
BRDA:101,11,0,0
BRDA:101,11,1,0
BRDA:177,12,0,0
BRDA:177,12,1,0
BRDA:198,13,0,0
BRDA:198,13,1,0
BRF:28
BRH:0
end_of_record
TN:
SF:src/config/tourSteps.js
FN:7,(anonymous_0)
FN:45,(anonymous_1)
FNF:2
FNH:0
FNDA:0,(anonymous_0)
FNDA:0,(anonymous_1)
DA:7,0
DA:45,0
DA:105,0
DA:112,0
LF:4
LH:0
BRDA:74,0,0,0
BRDA:74,0,1,0
BRDA:81,1,0,0
BRDA:81,1,1,0
BRF:4
BRH:0
end_of_record
TN:
SF:src/constants/contactRoles.js
FNF:0
FNH:0
DA:6,2
DA:18,2
DA:57,2
DA:77,2
DA:90,2
DA:111,2
LF:6
LH:6
BRF:0
BRH:0
end_of_record
TN:
SF:src/hooks/useConversations.js
FN:7,useConversations
FN:12,(anonymous_1)
FN:31,(anonymous_2)
FNF:3
FNH:0
FNDA:0,useConversations
FNDA:0,(anonymous_1)
FNDA:0,(anonymous_2)
DA:8,0
DA:9,0
DA:10,0
DA:12,0
DA:13,0
DA:14,0
DA:16,0
DA:17,0
DA:19,0
DA:20,0
DA:22,0
DA:25,0
DA:27,0
DA:31,0
DA:32,0
DA:35,0
LF:16
LH:0
BRDA:19,0,0,0
BRDA:19,0,1,0
BRDA:22,1,0,0
BRDA:22,1,1,0
BRF:4
BRH:0
end_of_record
TN:
SF:src/hooks/useSelection.js
FN:7,useSelection
FN:10,(anonymous_1)
FN:20,(anonymous_2)
FN:21,(anonymous_3)
FN:24,(anonymous_4)
FN:28,(anonymous_5)
FNF:6
FNH:0
FNDA:0,useSelection
FNDA:0,(anonymous_1)
FNDA:0,(anonymous_2)
FNDA:0,(anonymous_3)
FNDA:0,(anonymous_4)
FNDA:0,(anonymous_5)
DA:8,0
DA:10,0
DA:11,0
DA:12,0
DA:13,0
DA:15,0
DA:17,0
DA:20,0
DA:21,0
DA:24,0
DA:25,0
DA:28,0
DA:29,0
DA:32,0
LF:14
LH:0
BRDA:12,0,0,0
BRDA:12,0,1,0
BRF:2
BRH:0
end_of_record
TN:
SF:src/hooks/useTour.js
FN:8,useTour
FN:12,(anonymous_1)
FN:16,(anonymous_2)
FN:21,(anonymous_3)
FNF:4
FNH:0
FNDA:0,useTour
FNDA:0,(anonymous_1)
FNDA:0,(anonymous_2)
FNDA:0,(anonymous_3)
DA:9,0
DA:12,0
DA:13,0
DA:14,0
DA:15,0
DA:16,0
DA:21,0
DA:22,0
DA:23,0
DA:25,0
DA:26,0
DA:27,0
DA:30,0
DA:31,0
DA:40,0
LF:15
LH:0
BRDA:8,0,0,0
BRDA:13,1,0,0
BRDA:13,1,1,0
BRDA:15,2,0,0
BRDA:15,2,1,0
BRDA:25,3,0,0
BRDA:25,3,1,0
BRDA:30,4,0,0
BRDA:30,4,1,0
BRF:9
BRH:0
end_of_record
TN:
SF:src/utils/dateFormatters.js
FN:10,formatMessageDate
FNF:1
FNH:0
FNDA:0,formatMessageDate
DA:11,0
DA:14,0
DA:15,0
DA:18,0
DA:19,0
DA:20,0
DA:22,0
DA:23,0
DA:25,0
DA:26,0
DA:27,0
DA:29,0
LF:12
LH:0
BRDA:11,0,0,0
BRDA:11,0,1,0
BRDA:25,1,0,0
BRDA:25,1,1,0
BRDA:26,2,0,0
BRDA:26,2,1,0
BRDA:27,3,0,0
BRDA:27,3,1,0
BRF:8
BRH:0
end_of_record
TN:
SF:src/utils/transactionRoleUtils.js
FN:22,filterRolesByTransactionType
FN:28,(anonymous_1)
FN:57,getTransactionTypeContext
FN:78,validateRoleAssignments
FN:80,(anonymous_4)
FN:81,(anonymous_5)
FN:85,(anonymous_6)
FN:104,getRoleDisplayName
FNF:8
FNH:8
FNDA:6,filterRolesByTransactionType
FNDA:10,(anonymous_1)
FNDA:2,getTransactionTypeContext
FNDA:4,validateRoleAssignments
FNDA:8,(anonymous_4)
FNDA:4,(anonymous_5)
FNDA:2,(anonymous_6)
FNDA:5,getRoleDisplayName
DA:24,6
DA:25,1
DA:28,5
DA:30,10
DA:31,4
DA:35,6
DA:36,3
DA:43,3
DA:44,3
DA:47,0
DA:58,2
DA:59,1
DA:65,1
DA:79,4
DA:80,8
DA:82,4
DA:83,4
DA:85,2
DA:87,4
DA:106,5
DA:107,2
DA:108,1
DA:109,1
DA:110,1
DA:115,3
LF:25
LH:24
BRDA:24,0,0,1
BRDA:24,0,1,5
BRDA:30,1,0,4
BRDA:30,1,1,6
BRDA:35,2,0,3
BRDA:35,2,1,3
BRDA:37,3,0,3
BRDA:37,3,1,2
BRDA:43,4,0,3
BRDA:43,4,1,0
BRDA:58,5,0,1
BRDA:58,5,1,1
BRDA:83,6,0,4
BRDA:83,6,1,3
BRDA:106,7,0,2
BRDA:106,7,1,3
BRDA:107,8,0,1
BRDA:107,8,1,1
BRDA:109,9,0,1
BRDA:109,9,1,0
BRDA:115,10,0,3
BRDA:115,10,1,0
BRF:22
BRH:19
end_of_record
